Terminals unused in grammar

   DUTOK_RECORD


Grammar

    0 $accept: mlaskal $end

    1 mlaskal: DUTOK_PROGRAM DUTOK_IDENTIFIER DUTOK_SEMICOLON program_block DUTOK_DOT

    2 program_block: label_block const_def_block type_def_block var_def_block procfunc_def_block begin_cmd_end_block

    3 label_block: /* empty */
    4            | DUTOK_LABEL label_name_block DUTOK_SEMICOLON

    5 label_name_block: DUTOK_UINT
    6                 | label_name_block DUTOK_COMMA DUTOK_UINT

    7 const_def_block: /* empty */
    8                | DUTOK_CONST const_set_block

    9 const_set_block: DUTOK_IDENTIFIER DUTOK_EQ constant DUTOK_SEMICOLON
   10                | const_set_block DUTOK_IDENTIFIER DUTOK_EQ constant DUTOK_SEMICOLON

   11 constant: u_constant
   12         | DUTOK_OPER_SIGNADD DUTOK_UINT
   13         | DUTOK_OPER_SIGNADD DUTOK_REAL

   14 type_def_block: /* empty */
   15               | DUTOK_TYPE type_set_block

   16 type_set_block: DUTOK_IDENTIFIER DUTOK_EQ type DUTOK_SEMICOLON
   17               | type_set_block DUTOK_IDENTIFIER DUTOK_EQ type DUTOK_SEMICOLON

   18 var_def_block: /* empty */
   19              | DUTOK_VAR var_set_block

   20 var_set_block: ident_list DUTOK_COLON type DUTOK_SEMICOLON
   21              | var_set_block ident_list DUTOK_COLON type DUTOK_SEMICOLON

   22 ident_list: DUTOK_IDENTIFIER
   23           | ident_list DUTOK_COMMA DUTOK_IDENTIFIER

   24 procfunc_def_block: /* empty */
   25                   | procfunc_header DUTOK_SEMICOLON block DUTOK_SEMICOLON procfunc_def_block

   26 begin_cmd_end_block: DUTOK_BEGIN cmd_list DUTOK_END

   27 block: label_block const_def_block type_def_block var_def_block begin_cmd_end_block

   28 procfunc_header: DUTOK_PROCEDURE DUTOK_IDENTIFIER params_opt
   29                | DUTOK_FUNCTION DUTOK_IDENTIFIER params_opt DUTOK_COLON DUTOK_IDENTIFIER

   30 params_opt: /* empty */
   31           | DUTOK_LPAR params DUTOK_RPAR

   32 params: var_opt ident_list DUTOK_COLON DUTOK_IDENTIFIER
   33       | var_opt ident_list DUTOK_COLON DUTOK_IDENTIFIER DUTOK_SEMICOLON params

   34 var_opt: /* empty */
   35        | DUTOK_VAR

   36 type: ordtype
   37     | structtype
   38     | DUTOK_IDENTIFIER

   39 ordtype: ordconst DUTOK_DOTDOT ordconst

   40 structtype: DUTOK_ARRAY DUTOK_LSBRA ordtype_list DUTOK_RSBRA DUTOK_OF type

   41 ordtype_list: ordtype
   42             | ordtype_list DUTOK_COMMA ordtype

   43 cmd: ecf
   44    | enf

   45 cmd_list: cmd
   46         | cmd_list DUTOK_SEMICOLON cmd

   47 ecf: DUTOK_GOTO DUTOK_UINT
   48    | DUTOK_IF expr DUTOK_THEN ecf DUTOK_ELSE ecf
   49    | DUTOK_WHILE expr DUTOK_DO ecf
   50    | DUTOK_REPEAT cmd_list DUTOK_UNTIL expr
   51    | DUTOK_FOR DUTOK_IDENTIFIER DUTOK_ASSIGN expr DUTOK_FOR_DIRECTION expr DUTOK_DO ecf
   52    | DUTOK_IDENTIFIER concrete_params_opt
   53    | DUTOK_UINT DUTOK_COLON ecf
   54    | var DUTOK_ASSIGN expr
   55    | DUTOK_BEGIN cmd_list DUTOK_END
   56    | /* empty */

   57 enf: DUTOK_IF expr DUTOK_THEN cmd
   58    | DUTOK_WHILE expr DUTOK_DO enf
   59    | DUTOK_IF expr DUTOK_THEN ecf DUTOK_ELSE enf
   60    | DUTOK_FOR DUTOK_IDENTIFIER DUTOK_ASSIGN expr DUTOK_FOR_DIRECTION expr DUTOK_DO enf
   61    | DUTOK_UINT DUTOK_COLON enf

   62 var: DUTOK_IDENTIFIER
   63    | var DUTOK_LSBRA expr_cycle DUTOK_RSBRA

   64 concrete_params_opt: /* empty */
   65                    | DUTOK_LPAR concrete_params DUTOK_RPAR

   66 concrete_params: expr
   67                | expr DUTOK_COMMA concrete_params

   68 expr: simple_expr
   69     | simple_expr DUTOK_OPER_REL simple_expr
   70     | simple_expr DUTOK_EQ simple_expr

   71 expr_cycle: expr
   72           | expr_cycle DUTOK_COMMA expr

   73 simple_expr: term_cycle
   74            | DUTOK_OPER_SIGNADD term_cycle

   75 term_cycle: term DUTOK_OPER_SIGNADD term_cycle
   76           | term DUTOK_OR term_cycle
   77           | term

   78 term: factor
   79     | factor DUTOK_OPER_MUL term

   80 factor: u_constant_no_ident
   81       | var
   82       | DUTOK_IDENTIFIER DUTOK_LPAR concrete_params DUTOK_RPAR
   83       | DUTOK_LPAR expr DUTOK_RPAR
   84       | DUTOK_NOT factor

   85 u_constant: DUTOK_IDENTIFIER
   86           | u_constant_no_ident

   87 u_constant_no_ident: DUTOK_UINT
   88                    | DUTOK_REAL
   89                    | DUTOK_STRING

   90 ordconst: DUTOK_OPER_SIGNADD DUTOK_IDENTIFIER
   91         | DUTOK_OPER_SIGNADD DUTOK_UINT
   92         | DUTOK_UINT
   93         | DUTOK_IDENTIFIER


Terminals, with rules where they appear

$end (0) 0
error (256)
DUTOK_PROGRAM (258) 1
DUTOK_LABEL (259) 4
DUTOK_CONST (260) 8
DUTOK_TYPE (261) 15
DUTOK_VAR (262) 19 35
DUTOK_BEGIN (263) 26 55
DUTOK_END (264) 26 55
DUTOK_PROCEDURE (265) 28
DUTOK_FUNCTION (266) 29
DUTOK_ARRAY (267) 40
DUTOK_OF (268) 40
DUTOK_GOTO (269) 47
DUTOK_IF (270) 48 57 59
DUTOK_THEN (271) 48 57 59
DUTOK_ELSE (272) 48 59
DUTOK_WHILE (273) 49 58
DUTOK_DO (274) 49 51 58 60
DUTOK_REPEAT (275) 50
DUTOK_UNTIL (276) 50
DUTOK_FOR (277) 51 60
DUTOK_OR (278) 76
DUTOK_NOT (279) 84
DUTOK_RECORD (280)
DUTOK_IDENTIFIER (281) 1 9 10 16 17 22 23 28 29 32 33 38 51 52 60 62
    82 85 90 93
DUTOK_UINT (282) 5 6 12 47 53 61 87 91 92
DUTOK_REAL (283) 13 88
DUTOK_STRING (284) 89
DUTOK_SEMICOLON (285) 1 4 9 10 16 17 20 21 25 33 46
DUTOK_DOT (286) 1
DUTOK_COMMA (287) 6 23 42 67 72
DUTOK_EQ (288) 9 10 16 17 70
DUTOK_COLON (289) 20 21 29 32 33 53 61
DUTOK_LPAR (290) 31 65 82 83
DUTOK_RPAR (291) 31 65 82 83
DUTOK_DOTDOT (292) 39
DUTOK_LSBRA (293) 40 63
DUTOK_RSBRA (294) 40 63
DUTOK_ASSIGN (295) 51 54 60
DUTOK_OPER_REL (296) 69
DUTOK_OPER_SIGNADD (297) 12 13 74 75 90 91
DUTOK_OPER_MUL (298) 79
DUTOK_FOR_DIRECTION (299) 51 60


Nonterminals, with rules where they appear

$accept (45)
    on left: 0
mlaskal (46)
    on left: 1, on right: 0
program_block (47)
    on left: 2, on right: 1
label_block (48)
    on left: 3 4, on right: 2 27
label_name_block (49)
    on left: 5 6, on right: 4 6
const_def_block (50)
    on left: 7 8, on right: 2 27
const_set_block (51)
    on left: 9 10, on right: 8 10
constant (52)
    on left: 11 12 13, on right: 9 10
type_def_block (53)
    on left: 14 15, on right: 2 27
type_set_block (54)
    on left: 16 17, on right: 15 17
var_def_block (55)
    on left: 18 19, on right: 2 27
var_set_block (56)
    on left: 20 21, on right: 19 21
ident_list (57)
    on left: 22 23, on right: 20 21 23 32 33
procfunc_def_block (58)
    on left: 24 25, on right: 2 25
begin_cmd_end_block (59)
    on left: 26, on right: 2 27
block (60)
    on left: 27, on right: 25
procfunc_header (61)
    on left: 28 29, on right: 25
params_opt (62)
    on left: 30 31, on right: 28 29
params (63)
    on left: 32 33, on right: 31 33
var_opt (64)
    on left: 34 35, on right: 32 33
type (65)
    on left: 36 37 38, on right: 16 17 20 21 40
ordtype (66)
    on left: 39, on right: 36 41 42
structtype (67)
    on left: 40, on right: 37
ordtype_list (68)
    on left: 41 42, on right: 40 42
cmd (69)
    on left: 43 44, on right: 45 46 57
cmd_list (70)
    on left: 45 46, on right: 26 46 50 55
ecf (71)
    on left: 47 48 49 50 51 52 53 54 55 56, on right: 43 48 49 51 53
    59
enf (72)
    on left: 57 58 59 60 61, on right: 44 58 59 60 61
var (73)
    on left: 62 63, on right: 54 63 81
concrete_params_opt (74)
    on left: 64 65, on right: 52
concrete_params (75)
    on left: 66 67, on right: 65 67 82
expr (76)
    on left: 68 69 70, on right: 48 49 50 51 54 57 58 59 60 66 67 71
    72 83
expr_cycle (77)
    on left: 71 72, on right: 63 72
simple_expr (78)
    on left: 73 74, on right: 68 69 70
term_cycle (79)
    on left: 75 76 77, on right: 73 74 75 76
term (80)
    on left: 78 79, on right: 75 76 77 79
factor (81)
    on left: 80 81 82 83 84, on right: 78 79 84
u_constant (82)
    on left: 85 86, on right: 11
u_constant_no_ident (83)
    on left: 87 88 89, on right: 80 86
ordconst (84)
    on left: 90 91 92 93, on right: 39


state 0

    0 $accept: . mlaskal $end
    1 mlaskal: . DUTOK_PROGRAM DUTOK_IDENTIFIER DUTOK_SEMICOLON program_block DUTOK_DOT

    DUTOK_PROGRAM  shift, and go to state 1

    mlaskal  go to state 2


state 1

    1 mlaskal: DUTOK_PROGRAM . DUTOK_IDENTIFIER DUTOK_SEMICOLON program_block DUTOK_DOT

    DUTOK_IDENTIFIER  shift, and go to state 3


state 2

    0 $accept: mlaskal . $end

    $end  shift, and go to state 4


state 3

    1 mlaskal: DUTOK_PROGRAM DUTOK_IDENTIFIER . DUTOK_SEMICOLON program_block DUTOK_DOT

    DUTOK_SEMICOLON  shift, and go to state 5


state 4

    0 $accept: mlaskal $end .

    $default  accept


state 5

    1 mlaskal: DUTOK_PROGRAM DUTOK_IDENTIFIER DUTOK_SEMICOLON . program_block DUTOK_DOT
    2 program_block: . label_block const_def_block type_def_block var_def_block procfunc_def_block begin_cmd_end_block
    3 label_block: .  [DUTOK_CONST, DUTOK_TYPE, DUTOK_VAR, DUTOK_BEGIN, DUTOK_PROCEDURE, DUTOK_FUNCTION]
    4            | . DUTOK_LABEL label_name_block DUTOK_SEMICOLON

    DUTOK_LABEL  shift, and go to state 6

    $default  reduce using rule 3 (label_block)

    program_block  go to state 7
    label_block    go to state 8


state 6

    4 label_block: DUTOK_LABEL . label_name_block DUTOK_SEMICOLON
    5 label_name_block: . DUTOK_UINT
    6                 | . label_name_block DUTOK_COMMA DUTOK_UINT

    DUTOK_UINT  shift, and go to state 9

    label_name_block  go to state 10


state 7

    1 mlaskal: DUTOK_PROGRAM DUTOK_IDENTIFIER DUTOK_SEMICOLON program_block . DUTOK_DOT

    DUTOK_DOT  shift, and go to state 11


state 8

    2 program_block: label_block . const_def_block type_def_block var_def_block procfunc_def_block begin_cmd_end_block
    7 const_def_block: .  [DUTOK_TYPE, DUTOK_VAR, DUTOK_BEGIN, DUTOK_PROCEDURE, DUTOK_FUNCTION]
    8                | . DUTOK_CONST const_set_block

    DUTOK_CONST  shift, and go to state 12

    $default  reduce using rule 7 (const_def_block)

    const_def_block  go to state 13


state 9

    5 label_name_block: DUTOK_UINT .

    $default  reduce using rule 5 (label_name_block)


state 10

    4 label_block: DUTOK_LABEL label_name_block . DUTOK_SEMICOLON
    6 label_name_block: label_name_block . DUTOK_COMMA DUTOK_UINT

    DUTOK_SEMICOLON  shift, and go to state 14
    DUTOK_COMMA      shift, and go to state 15


state 11

    1 mlaskal: DUTOK_PROGRAM DUTOK_IDENTIFIER DUTOK_SEMICOLON program_block DUTOK_DOT .

    $default  reduce using rule 1 (mlaskal)


state 12

    8 const_def_block: DUTOK_CONST . const_set_block
    9 const_set_block: . DUTOK_IDENTIFIER DUTOK_EQ constant DUTOK_SEMICOLON
   10                | . const_set_block DUTOK_IDENTIFIER DUTOK_EQ constant DUTOK_SEMICOLON

    DUTOK_IDENTIFIER  shift, and go to state 16

    const_set_block  go to state 17


state 13

    2 program_block: label_block const_def_block . type_def_block var_def_block procfunc_def_block begin_cmd_end_block
   14 type_def_block: .  [DUTOK_VAR, DUTOK_BEGIN, DUTOK_PROCEDURE, DUTOK_FUNCTION]
   15               | . DUTOK_TYPE type_set_block

    DUTOK_TYPE  shift, and go to state 18

    $default  reduce using rule 14 (type_def_block)

    type_def_block  go to state 19


state 14

    4 label_block: DUTOK_LABEL label_name_block DUTOK_SEMICOLON .

    $default  reduce using rule 4 (label_block)


state 15

    6 label_name_block: label_name_block DUTOK_COMMA . DUTOK_UINT

    DUTOK_UINT  shift, and go to state 20


state 16

    9 const_set_block: DUTOK_IDENTIFIER . DUTOK_EQ constant DUTOK_SEMICOLON

    DUTOK_EQ  shift, and go to state 21


state 17

    8 const_def_block: DUTOK_CONST const_set_block .  [DUTOK_TYPE, DUTOK_VAR, DUTOK_BEGIN, DUTOK_PROCEDURE, DUTOK_FUNCTION]
   10 const_set_block: const_set_block . DUTOK_IDENTIFIER DUTOK_EQ constant DUTOK_SEMICOLON

    DUTOK_IDENTIFIER  shift, and go to state 22

    $default  reduce using rule 8 (const_def_block)


state 18

   15 type_def_block: DUTOK_TYPE . type_set_block
   16 type_set_block: . DUTOK_IDENTIFIER DUTOK_EQ type DUTOK_SEMICOLON
   17               | . type_set_block DUTOK_IDENTIFIER DUTOK_EQ type DUTOK_SEMICOLON

    DUTOK_IDENTIFIER  shift, and go to state 23

    type_set_block  go to state 24


state 19

    2 program_block: label_block const_def_block type_def_block . var_def_block procfunc_def_block begin_cmd_end_block
   18 var_def_block: .  [DUTOK_BEGIN, DUTOK_PROCEDURE, DUTOK_FUNCTION]
   19              | . DUTOK_VAR var_set_block

    DUTOK_VAR  shift, and go to state 25

    $default  reduce using rule 18 (var_def_block)

    var_def_block  go to state 26


state 20

    6 label_name_block: label_name_block DUTOK_COMMA DUTOK_UINT .

    $default  reduce using rule 6 (label_name_block)


state 21

    9 const_set_block: DUTOK_IDENTIFIER DUTOK_EQ . constant DUTOK_SEMICOLON
   11 constant: . u_constant
   12         | . DUTOK_OPER_SIGNADD DUTOK_UINT
   13         | . DUTOK_OPER_SIGNADD DUTOK_REAL
   85 u_constant: . DUTOK_IDENTIFIER
   86           | . u_constant_no_ident
   87 u_constant_no_ident: . DUTOK_UINT
   88                    | . DUTOK_REAL
   89                    | . DUTOK_STRING

    DUTOK_IDENTIFIER    shift, and go to state 27
    DUTOK_UINT          shift, and go to state 28
    DUTOK_REAL          shift, and go to state 29
    DUTOK_STRING        shift, and go to state 30
    DUTOK_OPER_SIGNADD  shift, and go to state 31

    constant             go to state 32
    u_constant           go to state 33
    u_constant_no_ident  go to state 34


state 22

   10 const_set_block: const_set_block DUTOK_IDENTIFIER . DUTOK_EQ constant DUTOK_SEMICOLON

    DUTOK_EQ  shift, and go to state 35


state 23

   16 type_set_block: DUTOK_IDENTIFIER . DUTOK_EQ type DUTOK_SEMICOLON

    DUTOK_EQ  shift, and go to state 36


state 24

   15 type_def_block: DUTOK_TYPE type_set_block .  [DUTOK_VAR, DUTOK_BEGIN, DUTOK_PROCEDURE, DUTOK_FUNCTION]
   17 type_set_block: type_set_block . DUTOK_IDENTIFIER DUTOK_EQ type DUTOK_SEMICOLON

    DUTOK_IDENTIFIER  shift, and go to state 37

    $default  reduce using rule 15 (type_def_block)


state 25

   19 var_def_block: DUTOK_VAR . var_set_block
   20 var_set_block: . ident_list DUTOK_COLON type DUTOK_SEMICOLON
   21              | . var_set_block ident_list DUTOK_COLON type DUTOK_SEMICOLON
   22 ident_list: . DUTOK_IDENTIFIER
   23           | . ident_list DUTOK_COMMA DUTOK_IDENTIFIER

    DUTOK_IDENTIFIER  shift, and go to state 38

    var_set_block  go to state 39
    ident_list     go to state 40


state 26

    2 program_block: label_block const_def_block type_def_block var_def_block . procfunc_def_block begin_cmd_end_block
   24 procfunc_def_block: .  [DUTOK_BEGIN]
   25                   | . procfunc_header DUTOK_SEMICOLON block DUTOK_SEMICOLON procfunc_def_block
   28 procfunc_header: . DUTOK_PROCEDURE DUTOK_IDENTIFIER params_opt
   29                | . DUTOK_FUNCTION DUTOK_IDENTIFIER params_opt DUTOK_COLON DUTOK_IDENTIFIER

    DUTOK_PROCEDURE  shift, and go to state 41
    DUTOK_FUNCTION   shift, and go to state 42

    $default  reduce using rule 24 (procfunc_def_block)

    procfunc_def_block  go to state 43
    procfunc_header     go to state 44


state 27

   85 u_constant: DUTOK_IDENTIFIER .

    $default  reduce using rule 85 (u_constant)


state 28

   87 u_constant_no_ident: DUTOK_UINT .

    $default  reduce using rule 87 (u_constant_no_ident)


state 29

   88 u_constant_no_ident: DUTOK_REAL .

    $default  reduce using rule 88 (u_constant_no_ident)


state 30

   89 u_constant_no_ident: DUTOK_STRING .

    $default  reduce using rule 89 (u_constant_no_ident)


state 31

   12 constant: DUTOK_OPER_SIGNADD . DUTOK_UINT
   13         | DUTOK_OPER_SIGNADD . DUTOK_REAL

    DUTOK_UINT  shift, and go to state 45
    DUTOK_REAL  shift, and go to state 46


state 32

    9 const_set_block: DUTOK_IDENTIFIER DUTOK_EQ constant . DUTOK_SEMICOLON

    DUTOK_SEMICOLON  shift, and go to state 47


state 33

   11 constant: u_constant .

    $default  reduce using rule 11 (constant)


state 34

   86 u_constant: u_constant_no_ident .

    $default  reduce using rule 86 (u_constant)


state 35

   10 const_set_block: const_set_block DUTOK_IDENTIFIER DUTOK_EQ . constant DUTOK_SEMICOLON
   11 constant: . u_constant
   12         | . DUTOK_OPER_SIGNADD DUTOK_UINT
   13         | . DUTOK_OPER_SIGNADD DUTOK_REAL
   85 u_constant: . DUTOK_IDENTIFIER
   86           | . u_constant_no_ident
   87 u_constant_no_ident: . DUTOK_UINT
   88                    | . DUTOK_REAL
   89                    | . DUTOK_STRING

    DUTOK_IDENTIFIER    shift, and go to state 27
    DUTOK_UINT          shift, and go to state 28
    DUTOK_REAL          shift, and go to state 29
    DUTOK_STRING        shift, and go to state 30
    DUTOK_OPER_SIGNADD  shift, and go to state 31

    constant             go to state 48
    u_constant           go to state 33
    u_constant_no_ident  go to state 34


state 36

   16 type_set_block: DUTOK_IDENTIFIER DUTOK_EQ . type DUTOK_SEMICOLON
   36 type: . ordtype
   37     | . structtype
   38     | . DUTOK_IDENTIFIER
   39 ordtype: . ordconst DUTOK_DOTDOT ordconst
   40 structtype: . DUTOK_ARRAY DUTOK_LSBRA ordtype_list DUTOK_RSBRA DUTOK_OF type
   90 ordconst: . DUTOK_OPER_SIGNADD DUTOK_IDENTIFIER
   91         | . DUTOK_OPER_SIGNADD DUTOK_UINT
   92         | . DUTOK_UINT
   93         | . DUTOK_IDENTIFIER

    DUTOK_ARRAY         shift, and go to state 49
    DUTOK_IDENTIFIER    shift, and go to state 50
    DUTOK_UINT          shift, and go to state 51
    DUTOK_OPER_SIGNADD  shift, and go to state 52

    type        go to state 53
    ordtype     go to state 54
    structtype  go to state 55
    ordconst    go to state 56


state 37

   17 type_set_block: type_set_block DUTOK_IDENTIFIER . DUTOK_EQ type DUTOK_SEMICOLON

    DUTOK_EQ  shift, and go to state 57


state 38

   22 ident_list: DUTOK_IDENTIFIER .

    $default  reduce using rule 22 (ident_list)


state 39

   19 var_def_block: DUTOK_VAR var_set_block .  [DUTOK_BEGIN, DUTOK_PROCEDURE, DUTOK_FUNCTION]
   21 var_set_block: var_set_block . ident_list DUTOK_COLON type DUTOK_SEMICOLON
   22 ident_list: . DUTOK_IDENTIFIER
   23           | . ident_list DUTOK_COMMA DUTOK_IDENTIFIER

    DUTOK_IDENTIFIER  shift, and go to state 38

    $default  reduce using rule 19 (var_def_block)

    ident_list  go to state 58


state 40

   20 var_set_block: ident_list . DUTOK_COLON type DUTOK_SEMICOLON
   23 ident_list: ident_list . DUTOK_COMMA DUTOK_IDENTIFIER

    DUTOK_COMMA  shift, and go to state 59
    DUTOK_COLON  shift, and go to state 60


state 41

   28 procfunc_header: DUTOK_PROCEDURE . DUTOK_IDENTIFIER params_opt

    DUTOK_IDENTIFIER  shift, and go to state 61


state 42

   29 procfunc_header: DUTOK_FUNCTION . DUTOK_IDENTIFIER params_opt DUTOK_COLON DUTOK_IDENTIFIER

    DUTOK_IDENTIFIER  shift, and go to state 62


state 43

    2 program_block: label_block const_def_block type_def_block var_def_block procfunc_def_block . begin_cmd_end_block
   26 begin_cmd_end_block: . DUTOK_BEGIN cmd_list DUTOK_END

    DUTOK_BEGIN  shift, and go to state 63

    begin_cmd_end_block  go to state 64


state 44

   25 procfunc_def_block: procfunc_header . DUTOK_SEMICOLON block DUTOK_SEMICOLON procfunc_def_block

    DUTOK_SEMICOLON  shift, and go to state 65


state 45

   12 constant: DUTOK_OPER_SIGNADD DUTOK_UINT .

    $default  reduce using rule 12 (constant)


state 46

   13 constant: DUTOK_OPER_SIGNADD DUTOK_REAL .

    $default  reduce using rule 13 (constant)


state 47

    9 const_set_block: DUTOK_IDENTIFIER DUTOK_EQ constant DUTOK_SEMICOLON .

    $default  reduce using rule 9 (const_set_block)


state 48

   10 const_set_block: const_set_block DUTOK_IDENTIFIER DUTOK_EQ constant . DUTOK_SEMICOLON

    DUTOK_SEMICOLON  shift, and go to state 66


state 49

   40 structtype: DUTOK_ARRAY . DUTOK_LSBRA ordtype_list DUTOK_RSBRA DUTOK_OF type

    DUTOK_LSBRA  shift, and go to state 67


state 50

   38 type: DUTOK_IDENTIFIER .  [DUTOK_SEMICOLON]
   93 ordconst: DUTOK_IDENTIFIER .  [DUTOK_DOTDOT]

    DUTOK_DOTDOT  reduce using rule 93 (ordconst)
    $default      reduce using rule 38 (type)


state 51

   92 ordconst: DUTOK_UINT .

    $default  reduce using rule 92 (ordconst)


state 52

   90 ordconst: DUTOK_OPER_SIGNADD . DUTOK_IDENTIFIER
   91         | DUTOK_OPER_SIGNADD . DUTOK_UINT

    DUTOK_IDENTIFIER  shift, and go to state 68
    DUTOK_UINT        shift, and go to state 69


state 53

   16 type_set_block: DUTOK_IDENTIFIER DUTOK_EQ type . DUTOK_SEMICOLON

    DUTOK_SEMICOLON  shift, and go to state 70


state 54

   36 type: ordtype .

    $default  reduce using rule 36 (type)


state 55

   37 type: structtype .

    $default  reduce using rule 37 (type)


state 56

   39 ordtype: ordconst . DUTOK_DOTDOT ordconst

    DUTOK_DOTDOT  shift, and go to state 71


state 57

   17 type_set_block: type_set_block DUTOK_IDENTIFIER DUTOK_EQ . type DUTOK_SEMICOLON
   36 type: . ordtype
   37     | . structtype
   38     | . DUTOK_IDENTIFIER
   39 ordtype: . ordconst DUTOK_DOTDOT ordconst
   40 structtype: . DUTOK_ARRAY DUTOK_LSBRA ordtype_list DUTOK_RSBRA DUTOK_OF type
   90 ordconst: . DUTOK_OPER_SIGNADD DUTOK_IDENTIFIER
   91         | . DUTOK_OPER_SIGNADD DUTOK_UINT
   92         | . DUTOK_UINT
   93         | . DUTOK_IDENTIFIER

    DUTOK_ARRAY         shift, and go to state 49
    DUTOK_IDENTIFIER    shift, and go to state 50
    DUTOK_UINT          shift, and go to state 51
    DUTOK_OPER_SIGNADD  shift, and go to state 52

    type        go to state 72
    ordtype     go to state 54
    structtype  go to state 55
    ordconst    go to state 56


state 58

   21 var_set_block: var_set_block ident_list . DUTOK_COLON type DUTOK_SEMICOLON
   23 ident_list: ident_list . DUTOK_COMMA DUTOK_IDENTIFIER

    DUTOK_COMMA  shift, and go to state 59
    DUTOK_COLON  shift, and go to state 73


state 59

   23 ident_list: ident_list DUTOK_COMMA . DUTOK_IDENTIFIER

    DUTOK_IDENTIFIER  shift, and go to state 74


state 60

   20 var_set_block: ident_list DUTOK_COLON . type DUTOK_SEMICOLON
   36 type: . ordtype
   37     | . structtype
   38     | . DUTOK_IDENTIFIER
   39 ordtype: . ordconst DUTOK_DOTDOT ordconst
   40 structtype: . DUTOK_ARRAY DUTOK_LSBRA ordtype_list DUTOK_RSBRA DUTOK_OF type
   90 ordconst: . DUTOK_OPER_SIGNADD DUTOK_IDENTIFIER
   91         | . DUTOK_OPER_SIGNADD DUTOK_UINT
   92         | . DUTOK_UINT
   93         | . DUTOK_IDENTIFIER

    DUTOK_ARRAY         shift, and go to state 49
    DUTOK_IDENTIFIER    shift, and go to state 50
    DUTOK_UINT          shift, and go to state 51
    DUTOK_OPER_SIGNADD  shift, and go to state 52

    type        go to state 75
    ordtype     go to state 54
    structtype  go to state 55
    ordconst    go to state 56


state 61

   28 procfunc_header: DUTOK_PROCEDURE DUTOK_IDENTIFIER . params_opt
   30 params_opt: .  [DUTOK_SEMICOLON]
   31           | . DUTOK_LPAR params DUTOK_RPAR

    DUTOK_LPAR  shift, and go to state 76

    $default  reduce using rule 30 (params_opt)

    params_opt  go to state 77


state 62

   29 procfunc_header: DUTOK_FUNCTION DUTOK_IDENTIFIER . params_opt DUTOK_COLON DUTOK_IDENTIFIER
   30 params_opt: .  [DUTOK_COLON]
   31           | . DUTOK_LPAR params DUTOK_RPAR

    DUTOK_LPAR  shift, and go to state 76

    $default  reduce using rule 30 (params_opt)

    params_opt  go to state 78


state 63

   26 begin_cmd_end_block: DUTOK_BEGIN . cmd_list DUTOK_END
   43 cmd: . ecf
   44    | . enf
   45 cmd_list: . cmd
   46         | . cmd_list DUTOK_SEMICOLON cmd
   47 ecf: . DUTOK_GOTO DUTOK_UINT
   48    | . DUTOK_IF expr DUTOK_THEN ecf DUTOK_ELSE ecf
   49    | . DUTOK_WHILE expr DUTOK_DO ecf
   50    | . DUTOK_REPEAT cmd_list DUTOK_UNTIL expr
   51    | . DUTOK_FOR DUTOK_IDENTIFIER DUTOK_ASSIGN expr DUTOK_FOR_DIRECTION expr DUTOK_DO ecf
   52    | . DUTOK_IDENTIFIER concrete_params_opt
   53    | . DUTOK_UINT DUTOK_COLON ecf
   54    | . var DUTOK_ASSIGN expr
   55    | . DUTOK_BEGIN cmd_list DUTOK_END
   56    | .  [DUTOK_END, DUTOK_SEMICOLON]
   57 enf: . DUTOK_IF expr DUTOK_THEN cmd
   58    | . DUTOK_WHILE expr DUTOK_DO enf
   59    | . DUTOK_IF expr DUTOK_THEN ecf DUTOK_ELSE enf
   60    | . DUTOK_FOR DUTOK_IDENTIFIER DUTOK_ASSIGN expr DUTOK_FOR_DIRECTION expr DUTOK_DO enf
   61    | . DUTOK_UINT DUTOK_COLON enf
   62 var: . DUTOK_IDENTIFIER
   63    | . var DUTOK_LSBRA expr_cycle DUTOK_RSBRA

    DUTOK_BEGIN       shift, and go to state 79
    DUTOK_GOTO        shift, and go to state 80
    DUTOK_IF          shift, and go to state 81
    DUTOK_WHILE       shift, and go to state 82
    DUTOK_REPEAT      shift, and go to state 83
    DUTOK_FOR         shift, and go to state 84
    DUTOK_IDENTIFIER  shift, and go to state 85
    DUTOK_UINT        shift, and go to state 86

    $default  reduce using rule 56 (ecf)

    cmd       go to state 87
    cmd_list  go to state 88
    ecf       go to state 89
    enf       go to state 90
    var       go to state 91


state 64

    2 program_block: label_block const_def_block type_def_block var_def_block procfunc_def_block begin_cmd_end_block .

    $default  reduce using rule 2 (program_block)


state 65

    3 label_block: .  [DUTOK_CONST, DUTOK_TYPE, DUTOK_VAR, DUTOK_BEGIN]
    4            | . DUTOK_LABEL label_name_block DUTOK_SEMICOLON
   25 procfunc_def_block: procfunc_header DUTOK_SEMICOLON . block DUTOK_SEMICOLON procfunc_def_block
   27 block: . label_block const_def_block type_def_block var_def_block begin_cmd_end_block

    DUTOK_LABEL  shift, and go to state 6

    $default  reduce using rule 3 (label_block)

    label_block  go to state 92
    block        go to state 93


state 66

   10 const_set_block: const_set_block DUTOK_IDENTIFIER DUTOK_EQ constant DUTOK_SEMICOLON .

    $default  reduce using rule 10 (const_set_block)


state 67

   39 ordtype: . ordconst DUTOK_DOTDOT ordconst
   40 structtype: DUTOK_ARRAY DUTOK_LSBRA . ordtype_list DUTOK_RSBRA DUTOK_OF type
   41 ordtype_list: . ordtype
   42             | . ordtype_list DUTOK_COMMA ordtype
   90 ordconst: . DUTOK_OPER_SIGNADD DUTOK_IDENTIFIER
   91         | . DUTOK_OPER_SIGNADD DUTOK_UINT
   92         | . DUTOK_UINT
   93         | . DUTOK_IDENTIFIER

    DUTOK_IDENTIFIER    shift, and go to state 94
    DUTOK_UINT          shift, and go to state 51
    DUTOK_OPER_SIGNADD  shift, and go to state 52

    ordtype       go to state 95
    ordtype_list  go to state 96
    ordconst      go to state 56


state 68

   90 ordconst: DUTOK_OPER_SIGNADD DUTOK_IDENTIFIER .

    $default  reduce using rule 90 (ordconst)


state 69

   91 ordconst: DUTOK_OPER_SIGNADD DUTOK_UINT .

    $default  reduce using rule 91 (ordconst)


state 70

   16 type_set_block: DUTOK_IDENTIFIER DUTOK_EQ type DUTOK_SEMICOLON .

    $default  reduce using rule 16 (type_set_block)


state 71

   39 ordtype: ordconst DUTOK_DOTDOT . ordconst
   90 ordconst: . DUTOK_OPER_SIGNADD DUTOK_IDENTIFIER
   91         | . DUTOK_OPER_SIGNADD DUTOK_UINT
   92         | . DUTOK_UINT
   93         | . DUTOK_IDENTIFIER

    DUTOK_IDENTIFIER    shift, and go to state 94
    DUTOK_UINT          shift, and go to state 51
    DUTOK_OPER_SIGNADD  shift, and go to state 52

    ordconst  go to state 97


state 72

   17 type_set_block: type_set_block DUTOK_IDENTIFIER DUTOK_EQ type . DUTOK_SEMICOLON

    DUTOK_SEMICOLON  shift, and go to state 98


state 73

   21 var_set_block: var_set_block ident_list DUTOK_COLON . type DUTOK_SEMICOLON
   36 type: . ordtype
   37     | . structtype
   38     | . DUTOK_IDENTIFIER
   39 ordtype: . ordconst DUTOK_DOTDOT ordconst
   40 structtype: . DUTOK_ARRAY DUTOK_LSBRA ordtype_list DUTOK_RSBRA DUTOK_OF type
   90 ordconst: . DUTOK_OPER_SIGNADD DUTOK_IDENTIFIER
   91         | . DUTOK_OPER_SIGNADD DUTOK_UINT
   92         | . DUTOK_UINT
   93         | . DUTOK_IDENTIFIER

    DUTOK_ARRAY         shift, and go to state 49
    DUTOK_IDENTIFIER    shift, and go to state 50
    DUTOK_UINT          shift, and go to state 51
    DUTOK_OPER_SIGNADD  shift, and go to state 52

    type        go to state 99
    ordtype     go to state 54
    structtype  go to state 55
    ordconst    go to state 56


state 74

   23 ident_list: ident_list DUTOK_COMMA DUTOK_IDENTIFIER .

    $default  reduce using rule 23 (ident_list)


state 75

   20 var_set_block: ident_list DUTOK_COLON type . DUTOK_SEMICOLON

    DUTOK_SEMICOLON  shift, and go to state 100


state 76

   31 params_opt: DUTOK_LPAR . params DUTOK_RPAR
   32 params: . var_opt ident_list DUTOK_COLON DUTOK_IDENTIFIER
   33       | . var_opt ident_list DUTOK_COLON DUTOK_IDENTIFIER DUTOK_SEMICOLON params
   34 var_opt: .  [DUTOK_IDENTIFIER]
   35        | . DUTOK_VAR

    DUTOK_VAR  shift, and go to state 101

    $default  reduce using rule 34 (var_opt)

    params   go to state 102
    var_opt  go to state 103


state 77

   28 procfunc_header: DUTOK_PROCEDURE DUTOK_IDENTIFIER params_opt .

    $default  reduce using rule 28 (procfunc_header)


state 78

   29 procfunc_header: DUTOK_FUNCTION DUTOK_IDENTIFIER params_opt . DUTOK_COLON DUTOK_IDENTIFIER

    DUTOK_COLON  shift, and go to state 104


state 79

   43 cmd: . ecf
   44    | . enf
   45 cmd_list: . cmd
   46         | . cmd_list DUTOK_SEMICOLON cmd
   47 ecf: . DUTOK_GOTO DUTOK_UINT
   48    | . DUTOK_IF expr DUTOK_THEN ecf DUTOK_ELSE ecf
   49    | . DUTOK_WHILE expr DUTOK_DO ecf
   50    | . DUTOK_REPEAT cmd_list DUTOK_UNTIL expr
   51    | . DUTOK_FOR DUTOK_IDENTIFIER DUTOK_ASSIGN expr DUTOK_FOR_DIRECTION expr DUTOK_DO ecf
   52    | . DUTOK_IDENTIFIER concrete_params_opt
   53    | . DUTOK_UINT DUTOK_COLON ecf
   54    | . var DUTOK_ASSIGN expr
   55    | . DUTOK_BEGIN cmd_list DUTOK_END
   55    | DUTOK_BEGIN . cmd_list DUTOK_END
   56    | .  [DUTOK_END, DUTOK_SEMICOLON]
   57 enf: . DUTOK_IF expr DUTOK_THEN cmd
   58    | . DUTOK_WHILE expr DUTOK_DO enf
   59    | . DUTOK_IF expr DUTOK_THEN ecf DUTOK_ELSE enf
   60    | . DUTOK_FOR DUTOK_IDENTIFIER DUTOK_ASSIGN expr DUTOK_FOR_DIRECTION expr DUTOK_DO enf
   61    | . DUTOK_UINT DUTOK_COLON enf
   62 var: . DUTOK_IDENTIFIER
   63    | . var DUTOK_LSBRA expr_cycle DUTOK_RSBRA

    DUTOK_BEGIN       shift, and go to state 79
    DUTOK_GOTO        shift, and go to state 80
    DUTOK_IF          shift, and go to state 81
    DUTOK_WHILE       shift, and go to state 82
    DUTOK_REPEAT      shift, and go to state 83
    DUTOK_FOR         shift, and go to state 84
    DUTOK_IDENTIFIER  shift, and go to state 85
    DUTOK_UINT        shift, and go to state 86

    $default  reduce using rule 56 (ecf)

    cmd       go to state 87
    cmd_list  go to state 105
    ecf       go to state 89
    enf       go to state 90
    var       go to state 91


state 80

   47 ecf: DUTOK_GOTO . DUTOK_UINT

    DUTOK_UINT  shift, and go to state 106


state 81

   48 ecf: DUTOK_IF . expr DUTOK_THEN ecf DUTOK_ELSE ecf
   57 enf: DUTOK_IF . expr DUTOK_THEN cmd
   59    | DUTOK_IF . expr DUTOK_THEN ecf DUTOK_ELSE enf
   62 var: . DUTOK_IDENTIFIER
   63    | . var DUTOK_LSBRA expr_cycle DUTOK_RSBRA
   68 expr: . simple_expr
   69     | . simple_expr DUTOK_OPER_REL simple_expr
   70     | . simple_expr DUTOK_EQ simple_expr
   73 simple_expr: . term_cycle
   74            | . DUTOK_OPER_SIGNADD term_cycle
   75 term_cycle: . term DUTOK_OPER_SIGNADD term_cycle
   76           | . term DUTOK_OR term_cycle
   77           | . term
   78 term: . factor
   79     | . factor DUTOK_OPER_MUL term
   80 factor: . u_constant_no_ident
   81       | . var
   82       | . DUTOK_IDENTIFIER DUTOK_LPAR concrete_params DUTOK_RPAR
   83       | . DUTOK_LPAR expr DUTOK_RPAR
   84       | . DUTOK_NOT factor
   87 u_constant_no_ident: . DUTOK_UINT
   88                    | . DUTOK_REAL
   89                    | . DUTOK_STRING

    DUTOK_NOT           shift, and go to state 107
    DUTOK_IDENTIFIER    shift, and go to state 108
    DUTOK_UINT          shift, and go to state 28
    DUTOK_REAL          shift, and go to state 29
    DUTOK_STRING        shift, and go to state 30
    DUTOK_LPAR          shift, and go to state 109
    DUTOK_OPER_SIGNADD  shift, and go to state 110

    var                  go to state 111
    expr                 go to state 112
    simple_expr          go to state 113
    term_cycle           go to state 114
    term                 go to state 115
    factor               go to state 116
    u_constant_no_ident  go to state 117


state 82

   49 ecf: DUTOK_WHILE . expr DUTOK_DO ecf
   58 enf: DUTOK_WHILE . expr DUTOK_DO enf
   62 var: . DUTOK_IDENTIFIER
   63    | . var DUTOK_LSBRA expr_cycle DUTOK_RSBRA
   68 expr: . simple_expr
   69     | . simple_expr DUTOK_OPER_REL simple_expr
   70     | . simple_expr DUTOK_EQ simple_expr
   73 simple_expr: . term_cycle
   74            | . DUTOK_OPER_SIGNADD term_cycle
   75 term_cycle: . term DUTOK_OPER_SIGNADD term_cycle
   76           | . term DUTOK_OR term_cycle
   77           | . term
   78 term: . factor
   79     | . factor DUTOK_OPER_MUL term
   80 factor: . u_constant_no_ident
   81       | . var
   82       | . DUTOK_IDENTIFIER DUTOK_LPAR concrete_params DUTOK_RPAR
   83       | . DUTOK_LPAR expr DUTOK_RPAR
   84       | . DUTOK_NOT factor
   87 u_constant_no_ident: . DUTOK_UINT
   88                    | . DUTOK_REAL
   89                    | . DUTOK_STRING

    DUTOK_NOT           shift, and go to state 107
    DUTOK_IDENTIFIER    shift, and go to state 108
    DUTOK_UINT          shift, and go to state 28
    DUTOK_REAL          shift, and go to state 29
    DUTOK_STRING        shift, and go to state 30
    DUTOK_LPAR          shift, and go to state 109
    DUTOK_OPER_SIGNADD  shift, and go to state 110

    var                  go to state 111
    expr                 go to state 118
    simple_expr          go to state 113
    term_cycle           go to state 114
    term                 go to state 115
    factor               go to state 116
    u_constant_no_ident  go to state 117


state 83

   43 cmd: . ecf
   44    | . enf
   45 cmd_list: . cmd
   46         | . cmd_list DUTOK_SEMICOLON cmd
   47 ecf: . DUTOK_GOTO DUTOK_UINT
   48    | . DUTOK_IF expr DUTOK_THEN ecf DUTOK_ELSE ecf
   49    | . DUTOK_WHILE expr DUTOK_DO ecf
   50    | . DUTOK_REPEAT cmd_list DUTOK_UNTIL expr
   50    | DUTOK_REPEAT . cmd_list DUTOK_UNTIL expr
   51    | . DUTOK_FOR DUTOK_IDENTIFIER DUTOK_ASSIGN expr DUTOK_FOR_DIRECTION expr DUTOK_DO ecf
   52    | . DUTOK_IDENTIFIER concrete_params_opt
   53    | . DUTOK_UINT DUTOK_COLON ecf
   54    | . var DUTOK_ASSIGN expr
   55    | . DUTOK_BEGIN cmd_list DUTOK_END
   56    | .  [DUTOK_UNTIL, DUTOK_SEMICOLON]
   57 enf: . DUTOK_IF expr DUTOK_THEN cmd
   58    | . DUTOK_WHILE expr DUTOK_DO enf
   59    | . DUTOK_IF expr DUTOK_THEN ecf DUTOK_ELSE enf
   60    | . DUTOK_FOR DUTOK_IDENTIFIER DUTOK_ASSIGN expr DUTOK_FOR_DIRECTION expr DUTOK_DO enf
   61    | . DUTOK_UINT DUTOK_COLON enf
   62 var: . DUTOK_IDENTIFIER
   63    | . var DUTOK_LSBRA expr_cycle DUTOK_RSBRA

    DUTOK_BEGIN       shift, and go to state 79
    DUTOK_GOTO        shift, and go to state 80
    DUTOK_IF          shift, and go to state 81
    DUTOK_WHILE       shift, and go to state 82
    DUTOK_REPEAT      shift, and go to state 83
    DUTOK_FOR         shift, and go to state 84
    DUTOK_IDENTIFIER  shift, and go to state 85
    DUTOK_UINT        shift, and go to state 86

    $default  reduce using rule 56 (ecf)

    cmd       go to state 87
    cmd_list  go to state 119
    ecf       go to state 89
    enf       go to state 90
    var       go to state 91


state 84

   51 ecf: DUTOK_FOR . DUTOK_IDENTIFIER DUTOK_ASSIGN expr DUTOK_FOR_DIRECTION expr DUTOK_DO ecf
   60 enf: DUTOK_FOR . DUTOK_IDENTIFIER DUTOK_ASSIGN expr DUTOK_FOR_DIRECTION expr DUTOK_DO enf

    DUTOK_IDENTIFIER  shift, and go to state 120


state 85

   52 ecf: DUTOK_IDENTIFIER . concrete_params_opt
   62 var: DUTOK_IDENTIFIER .  [DUTOK_LSBRA, DUTOK_ASSIGN]
   64 concrete_params_opt: .  [DUTOK_END, DUTOK_ELSE, DUTOK_UNTIL, DUTOK_SEMICOLON]
   65                    | . DUTOK_LPAR concrete_params DUTOK_RPAR

    DUTOK_LPAR  shift, and go to state 121

    DUTOK_LSBRA   reduce using rule 62 (var)
    DUTOK_ASSIGN  reduce using rule 62 (var)
    $default      reduce using rule 64 (concrete_params_opt)

    concrete_params_opt  go to state 122


state 86

   53 ecf: DUTOK_UINT . DUTOK_COLON ecf
   61 enf: DUTOK_UINT . DUTOK_COLON enf

    DUTOK_COLON  shift, and go to state 123


state 87

   45 cmd_list: cmd .

    $default  reduce using rule 45 (cmd_list)


state 88

   26 begin_cmd_end_block: DUTOK_BEGIN cmd_list . DUTOK_END
   46 cmd_list: cmd_list . DUTOK_SEMICOLON cmd

    DUTOK_END        shift, and go to state 124
    DUTOK_SEMICOLON  shift, and go to state 125


state 89

   43 cmd: ecf .

    $default  reduce using rule 43 (cmd)


state 90

   44 cmd: enf .

    $default  reduce using rule 44 (cmd)


state 91

   54 ecf: var . DUTOK_ASSIGN expr
   63 var: var . DUTOK_LSBRA expr_cycle DUTOK_RSBRA

    DUTOK_LSBRA   shift, and go to state 126
    DUTOK_ASSIGN  shift, and go to state 127


state 92

    7 const_def_block: .  [DUTOK_TYPE, DUTOK_VAR, DUTOK_BEGIN]
    8                | . DUTOK_CONST const_set_block
   27 block: label_block . const_def_block type_def_block var_def_block begin_cmd_end_block

    DUTOK_CONST  shift, and go to state 12

    $default  reduce using rule 7 (const_def_block)

    const_def_block  go to state 128


state 93

   25 procfunc_def_block: procfunc_header DUTOK_SEMICOLON block . DUTOK_SEMICOLON procfunc_def_block

    DUTOK_SEMICOLON  shift, and go to state 129


state 94

   93 ordconst: DUTOK_IDENTIFIER .

    $default  reduce using rule 93 (ordconst)


state 95

   41 ordtype_list: ordtype .

    $default  reduce using rule 41 (ordtype_list)


state 96

   40 structtype: DUTOK_ARRAY DUTOK_LSBRA ordtype_list . DUTOK_RSBRA DUTOK_OF type
   42 ordtype_list: ordtype_list . DUTOK_COMMA ordtype

    DUTOK_COMMA  shift, and go to state 130
    DUTOK_RSBRA  shift, and go to state 131


state 97

   39 ordtype: ordconst DUTOK_DOTDOT ordconst .

    $default  reduce using rule 39 (ordtype)


state 98

   17 type_set_block: type_set_block DUTOK_IDENTIFIER DUTOK_EQ type DUTOK_SEMICOLON .

    $default  reduce using rule 17 (type_set_block)


state 99

   21 var_set_block: var_set_block ident_list DUTOK_COLON type . DUTOK_SEMICOLON

    DUTOK_SEMICOLON  shift, and go to state 132


state 100

   20 var_set_block: ident_list DUTOK_COLON type DUTOK_SEMICOLON .

    $default  reduce using rule 20 (var_set_block)


state 101

   35 var_opt: DUTOK_VAR .

    $default  reduce using rule 35 (var_opt)


state 102

   31 params_opt: DUTOK_LPAR params . DUTOK_RPAR

    DUTOK_RPAR  shift, and go to state 133


state 103

   22 ident_list: . DUTOK_IDENTIFIER
   23           | . ident_list DUTOK_COMMA DUTOK_IDENTIFIER
   32 params: var_opt . ident_list DUTOK_COLON DUTOK_IDENTIFIER
   33       | var_opt . ident_list DUTOK_COLON DUTOK_IDENTIFIER DUTOK_SEMICOLON params

    DUTOK_IDENTIFIER  shift, and go to state 38

    ident_list  go to state 134


state 104

   29 procfunc_header: DUTOK_FUNCTION DUTOK_IDENTIFIER params_opt DUTOK_COLON . DUTOK_IDENTIFIER

    DUTOK_IDENTIFIER  shift, and go to state 135


state 105

   46 cmd_list: cmd_list . DUTOK_SEMICOLON cmd
   55 ecf: DUTOK_BEGIN cmd_list . DUTOK_END

    DUTOK_END        shift, and go to state 136
    DUTOK_SEMICOLON  shift, and go to state 125


state 106

   47 ecf: DUTOK_GOTO DUTOK_UINT .

    $default  reduce using rule 47 (ecf)


state 107

   62 var: . DUTOK_IDENTIFIER
   63    | . var DUTOK_LSBRA expr_cycle DUTOK_RSBRA
   80 factor: . u_constant_no_ident
   81       | . var
   82       | . DUTOK_IDENTIFIER DUTOK_LPAR concrete_params DUTOK_RPAR
   83       | . DUTOK_LPAR expr DUTOK_RPAR
   84       | . DUTOK_NOT factor
   84       | DUTOK_NOT . factor
   87 u_constant_no_ident: . DUTOK_UINT
   88                    | . DUTOK_REAL
   89                    | . DUTOK_STRING

    DUTOK_NOT         shift, and go to state 107
    DUTOK_IDENTIFIER  shift, and go to state 108
    DUTOK_UINT        shift, and go to state 28
    DUTOK_REAL        shift, and go to state 29
    DUTOK_STRING      shift, and go to state 30
    DUTOK_LPAR        shift, and go to state 109

    var                  go to state 111
    factor               go to state 137
    u_constant_no_ident  go to state 117


state 108

   62 var: DUTOK_IDENTIFIER .  [DUTOK_END, DUTOK_THEN, DUTOK_ELSE, DUTOK_DO, DUTOK_UNTIL, DUTOK_OR, DUTOK_SEMICOLON, DUTOK_COMMA, DUTOK_EQ, DUTOK_RPAR, DUTOK_LSBRA, DUTOK_RSBRA, DUTOK_OPER_REL, DUTOK_OPER_SIGNADD, DUTOK_OPER_MUL, DUTOK_FOR_DIRECTION]
   82 factor: DUTOK_IDENTIFIER . DUTOK_LPAR concrete_params DUTOK_RPAR

    DUTOK_LPAR  shift, and go to state 138

    $default  reduce using rule 62 (var)


state 109

   62 var: . DUTOK_IDENTIFIER
   63    | . var DUTOK_LSBRA expr_cycle DUTOK_RSBRA
   68 expr: . simple_expr
   69     | . simple_expr DUTOK_OPER_REL simple_expr
   70     | . simple_expr DUTOK_EQ simple_expr
   73 simple_expr: . term_cycle
   74            | . DUTOK_OPER_SIGNADD term_cycle
   75 term_cycle: . term DUTOK_OPER_SIGNADD term_cycle
   76           | . term DUTOK_OR term_cycle
   77           | . term
   78 term: . factor
   79     | . factor DUTOK_OPER_MUL term
   80 factor: . u_constant_no_ident
   81       | . var
   82       | . DUTOK_IDENTIFIER DUTOK_LPAR concrete_params DUTOK_RPAR
   83       | . DUTOK_LPAR expr DUTOK_RPAR
   83       | DUTOK_LPAR . expr DUTOK_RPAR
   84       | . DUTOK_NOT factor
   87 u_constant_no_ident: . DUTOK_UINT
   88                    | . DUTOK_REAL
   89                    | . DUTOK_STRING

    DUTOK_NOT           shift, and go to state 107
    DUTOK_IDENTIFIER    shift, and go to state 108
    DUTOK_UINT          shift, and go to state 28
    DUTOK_REAL          shift, and go to state 29
    DUTOK_STRING        shift, and go to state 30
    DUTOK_LPAR          shift, and go to state 109
    DUTOK_OPER_SIGNADD  shift, and go to state 110

    var                  go to state 111
    expr                 go to state 139
    simple_expr          go to state 113
    term_cycle           go to state 114
    term                 go to state 115
    factor               go to state 116
    u_constant_no_ident  go to state 117


state 110

   62 var: . DUTOK_IDENTIFIER
   63    | . var DUTOK_LSBRA expr_cycle DUTOK_RSBRA
   74 simple_expr: DUTOK_OPER_SIGNADD . term_cycle
   75 term_cycle: . term DUTOK_OPER_SIGNADD term_cycle
   76           | . term DUTOK_OR term_cycle
   77           | . term
   78 term: . factor
   79     | . factor DUTOK_OPER_MUL term
   80 factor: . u_constant_no_ident
   81       | . var
   82       | . DUTOK_IDENTIFIER DUTOK_LPAR concrete_params DUTOK_RPAR
   83       | . DUTOK_LPAR expr DUTOK_RPAR
   84       | . DUTOK_NOT factor
   87 u_constant_no_ident: . DUTOK_UINT
   88                    | . DUTOK_REAL
   89                    | . DUTOK_STRING

    DUTOK_NOT         shift, and go to state 107
    DUTOK_IDENTIFIER  shift, and go to state 108
    DUTOK_UINT        shift, and go to state 28
    DUTOK_REAL        shift, and go to state 29
    DUTOK_STRING      shift, and go to state 30
    DUTOK_LPAR        shift, and go to state 109

    var                  go to state 111
    term_cycle           go to state 140
    term                 go to state 115
    factor               go to state 116
    u_constant_no_ident  go to state 117


state 111

   63 var: var . DUTOK_LSBRA expr_cycle DUTOK_RSBRA
   81 factor: var .  [DUTOK_END, DUTOK_THEN, DUTOK_ELSE, DUTOK_DO, DUTOK_UNTIL, DUTOK_OR, DUTOK_SEMICOLON, DUTOK_COMMA, DUTOK_EQ, DUTOK_RPAR, DUTOK_RSBRA, DUTOK_OPER_REL, DUTOK_OPER_SIGNADD, DUTOK_OPER_MUL, DUTOK_FOR_DIRECTION]

    DUTOK_LSBRA  shift, and go to state 126

    $default  reduce using rule 81 (factor)


state 112

   48 ecf: DUTOK_IF expr . DUTOK_THEN ecf DUTOK_ELSE ecf
   57 enf: DUTOK_IF expr . DUTOK_THEN cmd
   59    | DUTOK_IF expr . DUTOK_THEN ecf DUTOK_ELSE enf

    DUTOK_THEN  shift, and go to state 141


state 113

   68 expr: simple_expr .  [DUTOK_END, DUTOK_THEN, DUTOK_ELSE, DUTOK_DO, DUTOK_UNTIL, DUTOK_SEMICOLON, DUTOK_COMMA, DUTOK_RPAR, DUTOK_RSBRA, DUTOK_FOR_DIRECTION]
   69     | simple_expr . DUTOK_OPER_REL simple_expr
   70     | simple_expr . DUTOK_EQ simple_expr

    DUTOK_EQ        shift, and go to state 142
    DUTOK_OPER_REL  shift, and go to state 143

    $default  reduce using rule 68 (expr)


state 114

   73 simple_expr: term_cycle .

    $default  reduce using rule 73 (simple_expr)


state 115

   75 term_cycle: term . DUTOK_OPER_SIGNADD term_cycle
   76           | term . DUTOK_OR term_cycle
   77           | term .  [DUTOK_END, DUTOK_THEN, DUTOK_ELSE, DUTOK_DO, DUTOK_UNTIL, DUTOK_SEMICOLON, DUTOK_COMMA, DUTOK_EQ, DUTOK_RPAR, DUTOK_RSBRA, DUTOK_OPER_REL, DUTOK_FOR_DIRECTION]

    DUTOK_OR            shift, and go to state 144
    DUTOK_OPER_SIGNADD  shift, and go to state 145

    $default  reduce using rule 77 (term_cycle)


state 116

   78 term: factor .  [DUTOK_END, DUTOK_THEN, DUTOK_ELSE, DUTOK_DO, DUTOK_UNTIL, DUTOK_OR, DUTOK_SEMICOLON, DUTOK_COMMA, DUTOK_EQ, DUTOK_RPAR, DUTOK_RSBRA, DUTOK_OPER_REL, DUTOK_OPER_SIGNADD, DUTOK_FOR_DIRECTION]
   79     | factor . DUTOK_OPER_MUL term

    DUTOK_OPER_MUL  shift, and go to state 146

    $default  reduce using rule 78 (term)


state 117

   80 factor: u_constant_no_ident .

    $default  reduce using rule 80 (factor)


state 118

   49 ecf: DUTOK_WHILE expr . DUTOK_DO ecf
   58 enf: DUTOK_WHILE expr . DUTOK_DO enf

    DUTOK_DO  shift, and go to state 147


state 119

   46 cmd_list: cmd_list . DUTOK_SEMICOLON cmd
   50 ecf: DUTOK_REPEAT cmd_list . DUTOK_UNTIL expr

    DUTOK_UNTIL      shift, and go to state 148
    DUTOK_SEMICOLON  shift, and go to state 125


state 120

   51 ecf: DUTOK_FOR DUTOK_IDENTIFIER . DUTOK_ASSIGN expr DUTOK_FOR_DIRECTION expr DUTOK_DO ecf
   60 enf: DUTOK_FOR DUTOK_IDENTIFIER . DUTOK_ASSIGN expr DUTOK_FOR_DIRECTION expr DUTOK_DO enf

    DUTOK_ASSIGN  shift, and go to state 149


state 121

   62 var: . DUTOK_IDENTIFIER
   63    | . var DUTOK_LSBRA expr_cycle DUTOK_RSBRA
   65 concrete_params_opt: DUTOK_LPAR . concrete_params DUTOK_RPAR
   66 concrete_params: . expr
   67                | . expr DUTOK_COMMA concrete_params
   68 expr: . simple_expr
   69     | . simple_expr DUTOK_OPER_REL simple_expr
   70     | . simple_expr DUTOK_EQ simple_expr
   73 simple_expr: . term_cycle
   74            | . DUTOK_OPER_SIGNADD term_cycle
   75 term_cycle: . term DUTOK_OPER_SIGNADD term_cycle
   76           | . term DUTOK_OR term_cycle
   77           | . term
   78 term: . factor
   79     | . factor DUTOK_OPER_MUL term
   80 factor: . u_constant_no_ident
   81       | . var
   82       | . DUTOK_IDENTIFIER DUTOK_LPAR concrete_params DUTOK_RPAR
   83       | . DUTOK_LPAR expr DUTOK_RPAR
   84       | . DUTOK_NOT factor
   87 u_constant_no_ident: . DUTOK_UINT
   88                    | . DUTOK_REAL
   89                    | . DUTOK_STRING

    DUTOK_NOT           shift, and go to state 107
    DUTOK_IDENTIFIER    shift, and go to state 108
    DUTOK_UINT          shift, and go to state 28
    DUTOK_REAL          shift, and go to state 29
    DUTOK_STRING        shift, and go to state 30
    DUTOK_LPAR          shift, and go to state 109
    DUTOK_OPER_SIGNADD  shift, and go to state 110

    var                  go to state 111
    concrete_params      go to state 150
    expr                 go to state 151
    simple_expr          go to state 113
    term_cycle           go to state 114
    term                 go to state 115
    factor               go to state 116
    u_constant_no_ident  go to state 117


state 122

   52 ecf: DUTOK_IDENTIFIER concrete_params_opt .

    $default  reduce using rule 52 (ecf)


state 123

   47 ecf: . DUTOK_GOTO DUTOK_UINT
   48    | . DUTOK_IF expr DUTOK_THEN ecf DUTOK_ELSE ecf
   49    | . DUTOK_WHILE expr DUTOK_DO ecf
   50    | . DUTOK_REPEAT cmd_list DUTOK_UNTIL expr
   51    | . DUTOK_FOR DUTOK_IDENTIFIER DUTOK_ASSIGN expr DUTOK_FOR_DIRECTION expr DUTOK_DO ecf
   52    | . DUTOK_IDENTIFIER concrete_params_opt
   53    | . DUTOK_UINT DUTOK_COLON ecf
   53    | DUTOK_UINT DUTOK_COLON . ecf
   54    | . var DUTOK_ASSIGN expr
   55    | . DUTOK_BEGIN cmd_list DUTOK_END
   56    | .  [DUTOK_END, DUTOK_ELSE, DUTOK_UNTIL, DUTOK_SEMICOLON]
   57 enf: . DUTOK_IF expr DUTOK_THEN cmd
   58    | . DUTOK_WHILE expr DUTOK_DO enf
   59    | . DUTOK_IF expr DUTOK_THEN ecf DUTOK_ELSE enf
   60    | . DUTOK_FOR DUTOK_IDENTIFIER DUTOK_ASSIGN expr DUTOK_FOR_DIRECTION expr DUTOK_DO enf
   61    | . DUTOK_UINT DUTOK_COLON enf
   61    | DUTOK_UINT DUTOK_COLON . enf
   62 var: . DUTOK_IDENTIFIER
   63    | . var DUTOK_LSBRA expr_cycle DUTOK_RSBRA

    DUTOK_BEGIN       shift, and go to state 79
    DUTOK_GOTO        shift, and go to state 80
    DUTOK_IF          shift, and go to state 81
    DUTOK_WHILE       shift, and go to state 82
    DUTOK_REPEAT      shift, and go to state 83
    DUTOK_FOR         shift, and go to state 84
    DUTOK_IDENTIFIER  shift, and go to state 85
    DUTOK_UINT        shift, and go to state 86

    $default  reduce using rule 56 (ecf)

    ecf  go to state 152
    enf  go to state 153
    var  go to state 91


state 124

   26 begin_cmd_end_block: DUTOK_BEGIN cmd_list DUTOK_END .

    $default  reduce using rule 26 (begin_cmd_end_block)


state 125

   43 cmd: . ecf
   44    | . enf
   46 cmd_list: cmd_list DUTOK_SEMICOLON . cmd
   47 ecf: . DUTOK_GOTO DUTOK_UINT
   48    | . DUTOK_IF expr DUTOK_THEN ecf DUTOK_ELSE ecf
   49    | . DUTOK_WHILE expr DUTOK_DO ecf
   50    | . DUTOK_REPEAT cmd_list DUTOK_UNTIL expr
   51    | . DUTOK_FOR DUTOK_IDENTIFIER DUTOK_ASSIGN expr DUTOK_FOR_DIRECTION expr DUTOK_DO ecf
   52    | . DUTOK_IDENTIFIER concrete_params_opt
   53    | . DUTOK_UINT DUTOK_COLON ecf
   54    | . var DUTOK_ASSIGN expr
   55    | . DUTOK_BEGIN cmd_list DUTOK_END
   56    | .  [DUTOK_END, DUTOK_UNTIL, DUTOK_SEMICOLON]
   57 enf: . DUTOK_IF expr DUTOK_THEN cmd
   58    | . DUTOK_WHILE expr DUTOK_DO enf
   59    | . DUTOK_IF expr DUTOK_THEN ecf DUTOK_ELSE enf
   60    | . DUTOK_FOR DUTOK_IDENTIFIER DUTOK_ASSIGN expr DUTOK_FOR_DIRECTION expr DUTOK_DO enf
   61    | . DUTOK_UINT DUTOK_COLON enf
   62 var: . DUTOK_IDENTIFIER
   63    | . var DUTOK_LSBRA expr_cycle DUTOK_RSBRA

    DUTOK_BEGIN       shift, and go to state 79
    DUTOK_GOTO        shift, and go to state 80
    DUTOK_IF          shift, and go to state 81
    DUTOK_WHILE       shift, and go to state 82
    DUTOK_REPEAT      shift, and go to state 83
    DUTOK_FOR         shift, and go to state 84
    DUTOK_IDENTIFIER  shift, and go to state 85
    DUTOK_UINT        shift, and go to state 86

    $default  reduce using rule 56 (ecf)

    cmd  go to state 154
    ecf  go to state 89
    enf  go to state 90
    var  go to state 91


state 126

   62 var: . DUTOK_IDENTIFIER
   63    | . var DUTOK_LSBRA expr_cycle DUTOK_RSBRA
   63    | var DUTOK_LSBRA . expr_cycle DUTOK_RSBRA
   68 expr: . simple_expr
   69     | . simple_expr DUTOK_OPER_REL simple_expr
   70     | . simple_expr DUTOK_EQ simple_expr
   71 expr_cycle: . expr
   72           | . expr_cycle DUTOK_COMMA expr
   73 simple_expr: . term_cycle
   74            | . DUTOK_OPER_SIGNADD term_cycle
   75 term_cycle: . term DUTOK_OPER_SIGNADD term_cycle
   76           | . term DUTOK_OR term_cycle
   77           | . term
   78 term: . factor
   79     | . factor DUTOK_OPER_MUL term
   80 factor: . u_constant_no_ident
   81       | . var
   82       | . DUTOK_IDENTIFIER DUTOK_LPAR concrete_params DUTOK_RPAR
   83       | . DUTOK_LPAR expr DUTOK_RPAR
   84       | . DUTOK_NOT factor
   87 u_constant_no_ident: . DUTOK_UINT
   88                    | . DUTOK_REAL
   89                    | . DUTOK_STRING

    DUTOK_NOT           shift, and go to state 107
    DUTOK_IDENTIFIER    shift, and go to state 108
    DUTOK_UINT          shift, and go to state 28
    DUTOK_REAL          shift, and go to state 29
    DUTOK_STRING        shift, and go to state 30
    DUTOK_LPAR          shift, and go to state 109
    DUTOK_OPER_SIGNADD  shift, and go to state 110

    var                  go to state 111
    expr                 go to state 155
    expr_cycle           go to state 156
    simple_expr          go to state 113
    term_cycle           go to state 114
    term                 go to state 115
    factor               go to state 116
    u_constant_no_ident  go to state 117


state 127

   54 ecf: var DUTOK_ASSIGN . expr
   62 var: . DUTOK_IDENTIFIER
   63    | . var DUTOK_LSBRA expr_cycle DUTOK_RSBRA
   68 expr: . simple_expr
   69     | . simple_expr DUTOK_OPER_REL simple_expr
   70     | . simple_expr DUTOK_EQ simple_expr
   73 simple_expr: . term_cycle
   74            | . DUTOK_OPER_SIGNADD term_cycle
   75 term_cycle: . term DUTOK_OPER_SIGNADD term_cycle
   76           | . term DUTOK_OR term_cycle
   77           | . term
   78 term: . factor
   79     | . factor DUTOK_OPER_MUL term
   80 factor: . u_constant_no_ident
   81       | . var
   82       | . DUTOK_IDENTIFIER DUTOK_LPAR concrete_params DUTOK_RPAR
   83       | . DUTOK_LPAR expr DUTOK_RPAR
   84       | . DUTOK_NOT factor
   87 u_constant_no_ident: . DUTOK_UINT
   88                    | . DUTOK_REAL
   89                    | . DUTOK_STRING

    DUTOK_NOT           shift, and go to state 107
    DUTOK_IDENTIFIER    shift, and go to state 108
    DUTOK_UINT          shift, and go to state 28
    DUTOK_REAL          shift, and go to state 29
    DUTOK_STRING        shift, and go to state 30
    DUTOK_LPAR          shift, and go to state 109
    DUTOK_OPER_SIGNADD  shift, and go to state 110

    var                  go to state 111
    expr                 go to state 157
    simple_expr          go to state 113
    term_cycle           go to state 114
    term                 go to state 115
    factor               go to state 116
    u_constant_no_ident  go to state 117


state 128

   14 type_def_block: .  [DUTOK_VAR, DUTOK_BEGIN]
   15               | . DUTOK_TYPE type_set_block
   27 block: label_block const_def_block . type_def_block var_def_block begin_cmd_end_block

    DUTOK_TYPE  shift, and go to state 18

    $default  reduce using rule 14 (type_def_block)

    type_def_block  go to state 158


state 129

   24 procfunc_def_block: .  [DUTOK_BEGIN]
   25                   | . procfunc_header DUTOK_SEMICOLON block DUTOK_SEMICOLON procfunc_def_block
   25                   | procfunc_header DUTOK_SEMICOLON block DUTOK_SEMICOLON . procfunc_def_block
   28 procfunc_header: . DUTOK_PROCEDURE DUTOK_IDENTIFIER params_opt
   29                | . DUTOK_FUNCTION DUTOK_IDENTIFIER params_opt DUTOK_COLON DUTOK_IDENTIFIER

    DUTOK_PROCEDURE  shift, and go to state 41
    DUTOK_FUNCTION   shift, and go to state 42

    $default  reduce using rule 24 (procfunc_def_block)

    procfunc_def_block  go to state 159
    procfunc_header     go to state 44


state 130

   39 ordtype: . ordconst DUTOK_DOTDOT ordconst
   42 ordtype_list: ordtype_list DUTOK_COMMA . ordtype
   90 ordconst: . DUTOK_OPER_SIGNADD DUTOK_IDENTIFIER
   91         | . DUTOK_OPER_SIGNADD DUTOK_UINT
   92         | . DUTOK_UINT
   93         | . DUTOK_IDENTIFIER

    DUTOK_IDENTIFIER    shift, and go to state 94
    DUTOK_UINT          shift, and go to state 51
    DUTOK_OPER_SIGNADD  shift, and go to state 52

    ordtype   go to state 160
    ordconst  go to state 56


state 131

   40 structtype: DUTOK_ARRAY DUTOK_LSBRA ordtype_list DUTOK_RSBRA . DUTOK_OF type

    DUTOK_OF  shift, and go to state 161


state 132

   21 var_set_block: var_set_block ident_list DUTOK_COLON type DUTOK_SEMICOLON .

    $default  reduce using rule 21 (var_set_block)


state 133

   31 params_opt: DUTOK_LPAR params DUTOK_RPAR .

    $default  reduce using rule 31 (params_opt)


state 134

   23 ident_list: ident_list . DUTOK_COMMA DUTOK_IDENTIFIER
   32 params: var_opt ident_list . DUTOK_COLON DUTOK_IDENTIFIER
   33       | var_opt ident_list . DUTOK_COLON DUTOK_IDENTIFIER DUTOK_SEMICOLON params

    DUTOK_COMMA  shift, and go to state 59
    DUTOK_COLON  shift, and go to state 162


state 135

   29 procfunc_header: DUTOK_FUNCTION DUTOK_IDENTIFIER params_opt DUTOK_COLON DUTOK_IDENTIFIER .

    $default  reduce using rule 29 (procfunc_header)


state 136

   55 ecf: DUTOK_BEGIN cmd_list DUTOK_END .

    $default  reduce using rule 55 (ecf)


state 137

   84 factor: DUTOK_NOT factor .

    $default  reduce using rule 84 (factor)


state 138

   62 var: . DUTOK_IDENTIFIER
   63    | . var DUTOK_LSBRA expr_cycle DUTOK_RSBRA
   66 concrete_params: . expr
   67                | . expr DUTOK_COMMA concrete_params
   68 expr: . simple_expr
   69     | . simple_expr DUTOK_OPER_REL simple_expr
   70     | . simple_expr DUTOK_EQ simple_expr
   73 simple_expr: . term_cycle
   74            | . DUTOK_OPER_SIGNADD term_cycle
   75 term_cycle: . term DUTOK_OPER_SIGNADD term_cycle
   76           | . term DUTOK_OR term_cycle
   77           | . term
   78 term: . factor
   79     | . factor DUTOK_OPER_MUL term
   80 factor: . u_constant_no_ident
   81       | . var
   82       | . DUTOK_IDENTIFIER DUTOK_LPAR concrete_params DUTOK_RPAR
   82       | DUTOK_IDENTIFIER DUTOK_LPAR . concrete_params DUTOK_RPAR
   83       | . DUTOK_LPAR expr DUTOK_RPAR
   84       | . DUTOK_NOT factor
   87 u_constant_no_ident: . DUTOK_UINT
   88                    | . DUTOK_REAL
   89                    | . DUTOK_STRING

    DUTOK_NOT           shift, and go to state 107
    DUTOK_IDENTIFIER    shift, and go to state 108
    DUTOK_UINT          shift, and go to state 28
    DUTOK_REAL          shift, and go to state 29
    DUTOK_STRING        shift, and go to state 30
    DUTOK_LPAR          shift, and go to state 109
    DUTOK_OPER_SIGNADD  shift, and go to state 110

    var                  go to state 111
    concrete_params      go to state 163
    expr                 go to state 151
    simple_expr          go to state 113
    term_cycle           go to state 114
    term                 go to state 115
    factor               go to state 116
    u_constant_no_ident  go to state 117


state 139

   83 factor: DUTOK_LPAR expr . DUTOK_RPAR

    DUTOK_RPAR  shift, and go to state 164


state 140

   74 simple_expr: DUTOK_OPER_SIGNADD term_cycle .

    $default  reduce using rule 74 (simple_expr)


state 141

   43 cmd: . ecf
   44    | . enf
   47 ecf: . DUTOK_GOTO DUTOK_UINT
   48    | . DUTOK_IF expr DUTOK_THEN ecf DUTOK_ELSE ecf
   48    | DUTOK_IF expr DUTOK_THEN . ecf DUTOK_ELSE ecf
   49    | . DUTOK_WHILE expr DUTOK_DO ecf
   50    | . DUTOK_REPEAT cmd_list DUTOK_UNTIL expr
   51    | . DUTOK_FOR DUTOK_IDENTIFIER DUTOK_ASSIGN expr DUTOK_FOR_DIRECTION expr DUTOK_DO ecf
   52    | . DUTOK_IDENTIFIER concrete_params_opt
   53    | . DUTOK_UINT DUTOK_COLON ecf
   54    | . var DUTOK_ASSIGN expr
   55    | . DUTOK_BEGIN cmd_list DUTOK_END
   56    | .  [DUTOK_END, DUTOK_ELSE, DUTOK_UNTIL, DUTOK_SEMICOLON]
   57 enf: . DUTOK_IF expr DUTOK_THEN cmd
   57    | DUTOK_IF expr DUTOK_THEN . cmd
   58    | . DUTOK_WHILE expr DUTOK_DO enf
   59    | . DUTOK_IF expr DUTOK_THEN ecf DUTOK_ELSE enf
   59    | DUTOK_IF expr DUTOK_THEN . ecf DUTOK_ELSE enf
   60    | . DUTOK_FOR DUTOK_IDENTIFIER DUTOK_ASSIGN expr DUTOK_FOR_DIRECTION expr DUTOK_DO enf
   61    | . DUTOK_UINT DUTOK_COLON enf
   62 var: . DUTOK_IDENTIFIER
   63    | . var DUTOK_LSBRA expr_cycle DUTOK_RSBRA

    DUTOK_BEGIN       shift, and go to state 79
    DUTOK_GOTO        shift, and go to state 80
    DUTOK_IF          shift, and go to state 81
    DUTOK_WHILE       shift, and go to state 82
    DUTOK_REPEAT      shift, and go to state 83
    DUTOK_FOR         shift, and go to state 84
    DUTOK_IDENTIFIER  shift, and go to state 85
    DUTOK_UINT        shift, and go to state 86

    $default  reduce using rule 56 (ecf)

    cmd  go to state 165
    ecf  go to state 166
    enf  go to state 90
    var  go to state 91


state 142

   62 var: . DUTOK_IDENTIFIER
   63    | . var DUTOK_LSBRA expr_cycle DUTOK_RSBRA
   70 expr: simple_expr DUTOK_EQ . simple_expr
   73 simple_expr: . term_cycle
   74            | . DUTOK_OPER_SIGNADD term_cycle
   75 term_cycle: . term DUTOK_OPER_SIGNADD term_cycle
   76           | . term DUTOK_OR term_cycle
   77           | . term
   78 term: . factor
   79     | . factor DUTOK_OPER_MUL term
   80 factor: . u_constant_no_ident
   81       | . var
   82       | . DUTOK_IDENTIFIER DUTOK_LPAR concrete_params DUTOK_RPAR
   83       | . DUTOK_LPAR expr DUTOK_RPAR
   84       | . DUTOK_NOT factor
   87 u_constant_no_ident: . DUTOK_UINT
   88                    | . DUTOK_REAL
   89                    | . DUTOK_STRING

    DUTOK_NOT           shift, and go to state 107
    DUTOK_IDENTIFIER    shift, and go to state 108
    DUTOK_UINT          shift, and go to state 28
    DUTOK_REAL          shift, and go to state 29
    DUTOK_STRING        shift, and go to state 30
    DUTOK_LPAR          shift, and go to state 109
    DUTOK_OPER_SIGNADD  shift, and go to state 110

    var                  go to state 111
    simple_expr          go to state 167
    term_cycle           go to state 114
    term                 go to state 115
    factor               go to state 116
    u_constant_no_ident  go to state 117


state 143

   62 var: . DUTOK_IDENTIFIER
   63    | . var DUTOK_LSBRA expr_cycle DUTOK_RSBRA
   69 expr: simple_expr DUTOK_OPER_REL . simple_expr
   73 simple_expr: . term_cycle
   74            | . DUTOK_OPER_SIGNADD term_cycle
   75 term_cycle: . term DUTOK_OPER_SIGNADD term_cycle
   76           | . term DUTOK_OR term_cycle
   77           | . term
   78 term: . factor
   79     | . factor DUTOK_OPER_MUL term
   80 factor: . u_constant_no_ident
   81       | . var
   82       | . DUTOK_IDENTIFIER DUTOK_LPAR concrete_params DUTOK_RPAR
   83       | . DUTOK_LPAR expr DUTOK_RPAR
   84       | . DUTOK_NOT factor
   87 u_constant_no_ident: . DUTOK_UINT
   88                    | . DUTOK_REAL
   89                    | . DUTOK_STRING

    DUTOK_NOT           shift, and go to state 107
    DUTOK_IDENTIFIER    shift, and go to state 108
    DUTOK_UINT          shift, and go to state 28
    DUTOK_REAL          shift, and go to state 29
    DUTOK_STRING        shift, and go to state 30
    DUTOK_LPAR          shift, and go to state 109
    DUTOK_OPER_SIGNADD  shift, and go to state 110

    var                  go to state 111
    simple_expr          go to state 168
    term_cycle           go to state 114
    term                 go to state 115
    factor               go to state 116
    u_constant_no_ident  go to state 117


state 144

   62 var: . DUTOK_IDENTIFIER
   63    | . var DUTOK_LSBRA expr_cycle DUTOK_RSBRA
   75 term_cycle: . term DUTOK_OPER_SIGNADD term_cycle
   76           | . term DUTOK_OR term_cycle
   76           | term DUTOK_OR . term_cycle
   77           | . term
   78 term: . factor
   79     | . factor DUTOK_OPER_MUL term
   80 factor: . u_constant_no_ident
   81       | . var
   82       | . DUTOK_IDENTIFIER DUTOK_LPAR concrete_params DUTOK_RPAR
   83       | . DUTOK_LPAR expr DUTOK_RPAR
   84       | . DUTOK_NOT factor
   87 u_constant_no_ident: . DUTOK_UINT
   88                    | . DUTOK_REAL
   89                    | . DUTOK_STRING

    DUTOK_NOT         shift, and go to state 107
    DUTOK_IDENTIFIER  shift, and go to state 108
    DUTOK_UINT        shift, and go to state 28
    DUTOK_REAL        shift, and go to state 29
    DUTOK_STRING      shift, and go to state 30
    DUTOK_LPAR        shift, and go to state 109

    var                  go to state 111
    term_cycle           go to state 169
    term                 go to state 115
    factor               go to state 116
    u_constant_no_ident  go to state 117


state 145

   62 var: . DUTOK_IDENTIFIER
   63    | . var DUTOK_LSBRA expr_cycle DUTOK_RSBRA
   75 term_cycle: . term DUTOK_OPER_SIGNADD term_cycle
   75           | term DUTOK_OPER_SIGNADD . term_cycle
   76           | . term DUTOK_OR term_cycle
   77           | . term
   78 term: . factor
   79     | . factor DUTOK_OPER_MUL term
   80 factor: . u_constant_no_ident
   81       | . var
   82       | . DUTOK_IDENTIFIER DUTOK_LPAR concrete_params DUTOK_RPAR
   83       | . DUTOK_LPAR expr DUTOK_RPAR
   84       | . DUTOK_NOT factor
   87 u_constant_no_ident: . DUTOK_UINT
   88                    | . DUTOK_REAL
   89                    | . DUTOK_STRING

    DUTOK_NOT         shift, and go to state 107
    DUTOK_IDENTIFIER  shift, and go to state 108
    DUTOK_UINT        shift, and go to state 28
    DUTOK_REAL        shift, and go to state 29
    DUTOK_STRING      shift, and go to state 30
    DUTOK_LPAR        shift, and go to state 109

    var                  go to state 111
    term_cycle           go to state 170
    term                 go to state 115
    factor               go to state 116
    u_constant_no_ident  go to state 117


state 146

   62 var: . DUTOK_IDENTIFIER
   63    | . var DUTOK_LSBRA expr_cycle DUTOK_RSBRA
   78 term: . factor
   79     | . factor DUTOK_OPER_MUL term
   79     | factor DUTOK_OPER_MUL . term
   80 factor: . u_constant_no_ident
   81       | . var
   82       | . DUTOK_IDENTIFIER DUTOK_LPAR concrete_params DUTOK_RPAR
   83       | . DUTOK_LPAR expr DUTOK_RPAR
   84       | . DUTOK_NOT factor
   87 u_constant_no_ident: . DUTOK_UINT
   88                    | . DUTOK_REAL
   89                    | . DUTOK_STRING

    DUTOK_NOT         shift, and go to state 107
    DUTOK_IDENTIFIER  shift, and go to state 108
    DUTOK_UINT        shift, and go to state 28
    DUTOK_REAL        shift, and go to state 29
    DUTOK_STRING      shift, and go to state 30
    DUTOK_LPAR        shift, and go to state 109

    var                  go to state 111
    term                 go to state 171
    factor               go to state 116
    u_constant_no_ident  go to state 117


state 147

   47 ecf: . DUTOK_GOTO DUTOK_UINT
   48    | . DUTOK_IF expr DUTOK_THEN ecf DUTOK_ELSE ecf
   49    | . DUTOK_WHILE expr DUTOK_DO ecf
   49    | DUTOK_WHILE expr DUTOK_DO . ecf
   50    | . DUTOK_REPEAT cmd_list DUTOK_UNTIL expr
   51    | . DUTOK_FOR DUTOK_IDENTIFIER DUTOK_ASSIGN expr DUTOK_FOR_DIRECTION expr DUTOK_DO ecf
   52    | . DUTOK_IDENTIFIER concrete_params_opt
   53    | . DUTOK_UINT DUTOK_COLON ecf
   54    | . var DUTOK_ASSIGN expr
   55    | . DUTOK_BEGIN cmd_list DUTOK_END
   56    | .  [DUTOK_END, DUTOK_ELSE, DUTOK_UNTIL, DUTOK_SEMICOLON]
   57 enf: . DUTOK_IF expr DUTOK_THEN cmd
   58    | . DUTOK_WHILE expr DUTOK_DO enf
   58    | DUTOK_WHILE expr DUTOK_DO . enf
   59    | . DUTOK_IF expr DUTOK_THEN ecf DUTOK_ELSE enf
   60    | . DUTOK_FOR DUTOK_IDENTIFIER DUTOK_ASSIGN expr DUTOK_FOR_DIRECTION expr DUTOK_DO enf
   61    | . DUTOK_UINT DUTOK_COLON enf
   62 var: . DUTOK_IDENTIFIER
   63    | . var DUTOK_LSBRA expr_cycle DUTOK_RSBRA

    DUTOK_BEGIN       shift, and go to state 79
    DUTOK_GOTO        shift, and go to state 80
    DUTOK_IF          shift, and go to state 81
    DUTOK_WHILE       shift, and go to state 82
    DUTOK_REPEAT      shift, and go to state 83
    DUTOK_FOR         shift, and go to state 84
    DUTOK_IDENTIFIER  shift, and go to state 85
    DUTOK_UINT        shift, and go to state 86

    $default  reduce using rule 56 (ecf)

    ecf  go to state 172
    enf  go to state 173
    var  go to state 91


state 148

   50 ecf: DUTOK_REPEAT cmd_list DUTOK_UNTIL . expr
   62 var: . DUTOK_IDENTIFIER
   63    | . var DUTOK_LSBRA expr_cycle DUTOK_RSBRA
   68 expr: . simple_expr
   69     | . simple_expr DUTOK_OPER_REL simple_expr
   70     | . simple_expr DUTOK_EQ simple_expr
   73 simple_expr: . term_cycle
   74            | . DUTOK_OPER_SIGNADD term_cycle
   75 term_cycle: . term DUTOK_OPER_SIGNADD term_cycle
   76           | . term DUTOK_OR term_cycle
   77           | . term
   78 term: . factor
   79     | . factor DUTOK_OPER_MUL term
   80 factor: . u_constant_no_ident
   81       | . var
   82       | . DUTOK_IDENTIFIER DUTOK_LPAR concrete_params DUTOK_RPAR
   83       | . DUTOK_LPAR expr DUTOK_RPAR
   84       | . DUTOK_NOT factor
   87 u_constant_no_ident: . DUTOK_UINT
   88                    | . DUTOK_REAL
   89                    | . DUTOK_STRING

    DUTOK_NOT           shift, and go to state 107
    DUTOK_IDENTIFIER    shift, and go to state 108
    DUTOK_UINT          shift, and go to state 28
    DUTOK_REAL          shift, and go to state 29
    DUTOK_STRING        shift, and go to state 30
    DUTOK_LPAR          shift, and go to state 109
    DUTOK_OPER_SIGNADD  shift, and go to state 110

    var                  go to state 111
    expr                 go to state 174
    simple_expr          go to state 113
    term_cycle           go to state 114
    term                 go to state 115
    factor               go to state 116
    u_constant_no_ident  go to state 117


state 149

   51 ecf: DUTOK_FOR DUTOK_IDENTIFIER DUTOK_ASSIGN . expr DUTOK_FOR_DIRECTION expr DUTOK_DO ecf
   60 enf: DUTOK_FOR DUTOK_IDENTIFIER DUTOK_ASSIGN . expr DUTOK_FOR_DIRECTION expr DUTOK_DO enf
   62 var: . DUTOK_IDENTIFIER
   63    | . var DUTOK_LSBRA expr_cycle DUTOK_RSBRA
   68 expr: . simple_expr
   69     | . simple_expr DUTOK_OPER_REL simple_expr
   70     | . simple_expr DUTOK_EQ simple_expr
   73 simple_expr: . term_cycle
   74            | . DUTOK_OPER_SIGNADD term_cycle
   75 term_cycle: . term DUTOK_OPER_SIGNADD term_cycle
   76           | . term DUTOK_OR term_cycle
   77           | . term
   78 term: . factor
   79     | . factor DUTOK_OPER_MUL term
   80 factor: . u_constant_no_ident
   81       | . var
   82       | . DUTOK_IDENTIFIER DUTOK_LPAR concrete_params DUTOK_RPAR
   83       | . DUTOK_LPAR expr DUTOK_RPAR
   84       | . DUTOK_NOT factor
   87 u_constant_no_ident: . DUTOK_UINT
   88                    | . DUTOK_REAL
   89                    | . DUTOK_STRING

    DUTOK_NOT           shift, and go to state 107
    DUTOK_IDENTIFIER    shift, and go to state 108
    DUTOK_UINT          shift, and go to state 28
    DUTOK_REAL          shift, and go to state 29
    DUTOK_STRING        shift, and go to state 30
    DUTOK_LPAR          shift, and go to state 109
    DUTOK_OPER_SIGNADD  shift, and go to state 110

    var                  go to state 111
    expr                 go to state 175
    simple_expr          go to state 113
    term_cycle           go to state 114
    term                 go to state 115
    factor               go to state 116
    u_constant_no_ident  go to state 117


state 150

   65 concrete_params_opt: DUTOK_LPAR concrete_params . DUTOK_RPAR

    DUTOK_RPAR  shift, and go to state 176


state 151

   66 concrete_params: expr .  [DUTOK_RPAR]
   67                | expr . DUTOK_COMMA concrete_params

    DUTOK_COMMA  shift, and go to state 177

    $default  reduce using rule 66 (concrete_params)


state 152

   53 ecf: DUTOK_UINT DUTOK_COLON ecf .

    $default  reduce using rule 53 (ecf)


state 153

   61 enf: DUTOK_UINT DUTOK_COLON enf .

    $default  reduce using rule 61 (enf)


state 154

   46 cmd_list: cmd_list DUTOK_SEMICOLON cmd .

    $default  reduce using rule 46 (cmd_list)


state 155

   71 expr_cycle: expr .

    $default  reduce using rule 71 (expr_cycle)


state 156

   63 var: var DUTOK_LSBRA expr_cycle . DUTOK_RSBRA
   72 expr_cycle: expr_cycle . DUTOK_COMMA expr

    DUTOK_COMMA  shift, and go to state 178
    DUTOK_RSBRA  shift, and go to state 179


state 157

   54 ecf: var DUTOK_ASSIGN expr .

    $default  reduce using rule 54 (ecf)


state 158

   18 var_def_block: .  [DUTOK_BEGIN]
   19              | . DUTOK_VAR var_set_block
   27 block: label_block const_def_block type_def_block . var_def_block begin_cmd_end_block

    DUTOK_VAR  shift, and go to state 25

    $default  reduce using rule 18 (var_def_block)

    var_def_block  go to state 180


state 159

   25 procfunc_def_block: procfunc_header DUTOK_SEMICOLON block DUTOK_SEMICOLON procfunc_def_block .

    $default  reduce using rule 25 (procfunc_def_block)


state 160

   42 ordtype_list: ordtype_list DUTOK_COMMA ordtype .

    $default  reduce using rule 42 (ordtype_list)


state 161

   36 type: . ordtype
   37     | . structtype
   38     | . DUTOK_IDENTIFIER
   39 ordtype: . ordconst DUTOK_DOTDOT ordconst
   40 structtype: . DUTOK_ARRAY DUTOK_LSBRA ordtype_list DUTOK_RSBRA DUTOK_OF type
   40           | DUTOK_ARRAY DUTOK_LSBRA ordtype_list DUTOK_RSBRA DUTOK_OF . type
   90 ordconst: . DUTOK_OPER_SIGNADD DUTOK_IDENTIFIER
   91         | . DUTOK_OPER_SIGNADD DUTOK_UINT
   92         | . DUTOK_UINT
   93         | . DUTOK_IDENTIFIER

    DUTOK_ARRAY         shift, and go to state 49
    DUTOK_IDENTIFIER    shift, and go to state 50
    DUTOK_UINT          shift, and go to state 51
    DUTOK_OPER_SIGNADD  shift, and go to state 52

    type        go to state 181
    ordtype     go to state 54
    structtype  go to state 55
    ordconst    go to state 56


state 162

   32 params: var_opt ident_list DUTOK_COLON . DUTOK_IDENTIFIER
   33       | var_opt ident_list DUTOK_COLON . DUTOK_IDENTIFIER DUTOK_SEMICOLON params

    DUTOK_IDENTIFIER  shift, and go to state 182


state 163

   82 factor: DUTOK_IDENTIFIER DUTOK_LPAR concrete_params . DUTOK_RPAR

    DUTOK_RPAR  shift, and go to state 183


state 164

   83 factor: DUTOK_LPAR expr DUTOK_RPAR .

    $default  reduce using rule 83 (factor)


state 165

   57 enf: DUTOK_IF expr DUTOK_THEN cmd .

    $default  reduce using rule 57 (enf)


state 166

   43 cmd: ecf .  [DUTOK_END, DUTOK_UNTIL, DUTOK_SEMICOLON]
   48 ecf: DUTOK_IF expr DUTOK_THEN ecf . DUTOK_ELSE ecf
   59 enf: DUTOK_IF expr DUTOK_THEN ecf . DUTOK_ELSE enf

    DUTOK_ELSE  shift, and go to state 184

    $default  reduce using rule 43 (cmd)


state 167

   70 expr: simple_expr DUTOK_EQ simple_expr .

    $default  reduce using rule 70 (expr)


state 168

   69 expr: simple_expr DUTOK_OPER_REL simple_expr .

    $default  reduce using rule 69 (expr)


state 169

   76 term_cycle: term DUTOK_OR term_cycle .

    $default  reduce using rule 76 (term_cycle)


state 170

   75 term_cycle: term DUTOK_OPER_SIGNADD term_cycle .

    $default  reduce using rule 75 (term_cycle)


state 171

   79 term: factor DUTOK_OPER_MUL term .

    $default  reduce using rule 79 (term)


state 172

   49 ecf: DUTOK_WHILE expr DUTOK_DO ecf .

    $default  reduce using rule 49 (ecf)


state 173

   58 enf: DUTOK_WHILE expr DUTOK_DO enf .

    $default  reduce using rule 58 (enf)


state 174

   50 ecf: DUTOK_REPEAT cmd_list DUTOK_UNTIL expr .

    $default  reduce using rule 50 (ecf)


state 175

   51 ecf: DUTOK_FOR DUTOK_IDENTIFIER DUTOK_ASSIGN expr . DUTOK_FOR_DIRECTION expr DUTOK_DO ecf
   60 enf: DUTOK_FOR DUTOK_IDENTIFIER DUTOK_ASSIGN expr . DUTOK_FOR_DIRECTION expr DUTOK_DO enf

    DUTOK_FOR_DIRECTION  shift, and go to state 185


state 176

   65 concrete_params_opt: DUTOK_LPAR concrete_params DUTOK_RPAR .

    $default  reduce using rule 65 (concrete_params_opt)


state 177

   62 var: . DUTOK_IDENTIFIER
   63    | . var DUTOK_LSBRA expr_cycle DUTOK_RSBRA
   66 concrete_params: . expr
   67                | . expr DUTOK_COMMA concrete_params
   67                | expr DUTOK_COMMA . concrete_params
   68 expr: . simple_expr
   69     | . simple_expr DUTOK_OPER_REL simple_expr
   70     | . simple_expr DUTOK_EQ simple_expr
   73 simple_expr: . term_cycle
   74            | . DUTOK_OPER_SIGNADD term_cycle
   75 term_cycle: . term DUTOK_OPER_SIGNADD term_cycle
   76           | . term DUTOK_OR term_cycle
   77           | . term
   78 term: . factor
   79     | . factor DUTOK_OPER_MUL term
   80 factor: . u_constant_no_ident
   81       | . var
   82       | . DUTOK_IDENTIFIER DUTOK_LPAR concrete_params DUTOK_RPAR
   83       | . DUTOK_LPAR expr DUTOK_RPAR
   84       | . DUTOK_NOT factor
   87 u_constant_no_ident: . DUTOK_UINT
   88                    | . DUTOK_REAL
   89                    | . DUTOK_STRING

    DUTOK_NOT           shift, and go to state 107
    DUTOK_IDENTIFIER    shift, and go to state 108
    DUTOK_UINT          shift, and go to state 28
    DUTOK_REAL          shift, and go to state 29
    DUTOK_STRING        shift, and go to state 30
    DUTOK_LPAR          shift, and go to state 109
    DUTOK_OPER_SIGNADD  shift, and go to state 110

    var                  go to state 111
    concrete_params      go to state 186
    expr                 go to state 151
    simple_expr          go to state 113
    term_cycle           go to state 114
    term                 go to state 115
    factor               go to state 116
    u_constant_no_ident  go to state 117


state 178

   62 var: . DUTOK_IDENTIFIER
   63    | . var DUTOK_LSBRA expr_cycle DUTOK_RSBRA
   68 expr: . simple_expr
   69     | . simple_expr DUTOK_OPER_REL simple_expr
   70     | . simple_expr DUTOK_EQ simple_expr
   72 expr_cycle: expr_cycle DUTOK_COMMA . expr
   73 simple_expr: . term_cycle
   74            | . DUTOK_OPER_SIGNADD term_cycle
   75 term_cycle: . term DUTOK_OPER_SIGNADD term_cycle
   76           | . term DUTOK_OR term_cycle
   77           | . term
   78 term: . factor
   79     | . factor DUTOK_OPER_MUL term
   80 factor: . u_constant_no_ident
   81       | . var
   82       | . DUTOK_IDENTIFIER DUTOK_LPAR concrete_params DUTOK_RPAR
   83       | . DUTOK_LPAR expr DUTOK_RPAR
   84       | . DUTOK_NOT factor
   87 u_constant_no_ident: . DUTOK_UINT
   88                    | . DUTOK_REAL
   89                    | . DUTOK_STRING

    DUTOK_NOT           shift, and go to state 107
    DUTOK_IDENTIFIER    shift, and go to state 108
    DUTOK_UINT          shift, and go to state 28
    DUTOK_REAL          shift, and go to state 29
    DUTOK_STRING        shift, and go to state 30
    DUTOK_LPAR          shift, and go to state 109
    DUTOK_OPER_SIGNADD  shift, and go to state 110

    var                  go to state 111
    expr                 go to state 187
    simple_expr          go to state 113
    term_cycle           go to state 114
    term                 go to state 115
    factor               go to state 116
    u_constant_no_ident  go to state 117


state 179

   63 var: var DUTOK_LSBRA expr_cycle DUTOK_RSBRA .

    $default  reduce using rule 63 (var)


state 180

   26 begin_cmd_end_block: . DUTOK_BEGIN cmd_list DUTOK_END
   27 block: label_block const_def_block type_def_block var_def_block . begin_cmd_end_block

    DUTOK_BEGIN  shift, and go to state 63

    begin_cmd_end_block  go to state 188


state 181

   40 structtype: DUTOK_ARRAY DUTOK_LSBRA ordtype_list DUTOK_RSBRA DUTOK_OF type .

    $default  reduce using rule 40 (structtype)


state 182

   32 params: var_opt ident_list DUTOK_COLON DUTOK_IDENTIFIER .  [DUTOK_RPAR]
   33       | var_opt ident_list DUTOK_COLON DUTOK_IDENTIFIER . DUTOK_SEMICOLON params

    DUTOK_SEMICOLON  shift, and go to state 189

    $default  reduce using rule 32 (params)


state 183

   82 factor: DUTOK_IDENTIFIER DUTOK_LPAR concrete_params DUTOK_RPAR .

    $default  reduce using rule 82 (factor)


state 184

   47 ecf: . DUTOK_GOTO DUTOK_UINT
   48    | . DUTOK_IF expr DUTOK_THEN ecf DUTOK_ELSE ecf
   48    | DUTOK_IF expr DUTOK_THEN ecf DUTOK_ELSE . ecf
   49    | . DUTOK_WHILE expr DUTOK_DO ecf
   50    | . DUTOK_REPEAT cmd_list DUTOK_UNTIL expr
   51    | . DUTOK_FOR DUTOK_IDENTIFIER DUTOK_ASSIGN expr DUTOK_FOR_DIRECTION expr DUTOK_DO ecf
   52    | . DUTOK_IDENTIFIER concrete_params_opt
   53    | . DUTOK_UINT DUTOK_COLON ecf
   54    | . var DUTOK_ASSIGN expr
   55    | . DUTOK_BEGIN cmd_list DUTOK_END
   56    | .  [DUTOK_END, DUTOK_ELSE, DUTOK_UNTIL, DUTOK_SEMICOLON]
   57 enf: . DUTOK_IF expr DUTOK_THEN cmd
   58    | . DUTOK_WHILE expr DUTOK_DO enf
   59    | . DUTOK_IF expr DUTOK_THEN ecf DUTOK_ELSE enf
   59    | DUTOK_IF expr DUTOK_THEN ecf DUTOK_ELSE . enf
   60    | . DUTOK_FOR DUTOK_IDENTIFIER DUTOK_ASSIGN expr DUTOK_FOR_DIRECTION expr DUTOK_DO enf
   61    | . DUTOK_UINT DUTOK_COLON enf
   62 var: . DUTOK_IDENTIFIER
   63    | . var DUTOK_LSBRA expr_cycle DUTOK_RSBRA

    DUTOK_BEGIN       shift, and go to state 79
    DUTOK_GOTO        shift, and go to state 80
    DUTOK_IF          shift, and go to state 81
    DUTOK_WHILE       shift, and go to state 82
    DUTOK_REPEAT      shift, and go to state 83
    DUTOK_FOR         shift, and go to state 84
    DUTOK_IDENTIFIER  shift, and go to state 85
    DUTOK_UINT        shift, and go to state 86

    $default  reduce using rule 56 (ecf)

    ecf  go to state 190
    enf  go to state 191
    var  go to state 91


state 185

   51 ecf: DUTOK_FOR DUTOK_IDENTIFIER DUTOK_ASSIGN expr DUTOK_FOR_DIRECTION . expr DUTOK_DO ecf
   60 enf: DUTOK_FOR DUTOK_IDENTIFIER DUTOK_ASSIGN expr DUTOK_FOR_DIRECTION . expr DUTOK_DO enf
   62 var: . DUTOK_IDENTIFIER
   63    | . var DUTOK_LSBRA expr_cycle DUTOK_RSBRA
   68 expr: . simple_expr
   69     | . simple_expr DUTOK_OPER_REL simple_expr
   70     | . simple_expr DUTOK_EQ simple_expr
   73 simple_expr: . term_cycle
   74            | . DUTOK_OPER_SIGNADD term_cycle
   75 term_cycle: . term DUTOK_OPER_SIGNADD term_cycle
   76           | . term DUTOK_OR term_cycle
   77           | . term
   78 term: . factor
   79     | . factor DUTOK_OPER_MUL term
   80 factor: . u_constant_no_ident
   81       | . var
   82       | . DUTOK_IDENTIFIER DUTOK_LPAR concrete_params DUTOK_RPAR
   83       | . DUTOK_LPAR expr DUTOK_RPAR
   84       | . DUTOK_NOT factor
   87 u_constant_no_ident: . DUTOK_UINT
   88                    | . DUTOK_REAL
   89                    | . DUTOK_STRING

    DUTOK_NOT           shift, and go to state 107
    DUTOK_IDENTIFIER    shift, and go to state 108
    DUTOK_UINT          shift, and go to state 28
    DUTOK_REAL          shift, and go to state 29
    DUTOK_STRING        shift, and go to state 30
    DUTOK_LPAR          shift, and go to state 109
    DUTOK_OPER_SIGNADD  shift, and go to state 110

    var                  go to state 111
    expr                 go to state 192
    simple_expr          go to state 113
    term_cycle           go to state 114
    term                 go to state 115
    factor               go to state 116
    u_constant_no_ident  go to state 117


state 186

   67 concrete_params: expr DUTOK_COMMA concrete_params .

    $default  reduce using rule 67 (concrete_params)


state 187

   72 expr_cycle: expr_cycle DUTOK_COMMA expr .

    $default  reduce using rule 72 (expr_cycle)


state 188

   27 block: label_block const_def_block type_def_block var_def_block begin_cmd_end_block .

    $default  reduce using rule 27 (block)


state 189

   32 params: . var_opt ident_list DUTOK_COLON DUTOK_IDENTIFIER
   33       | . var_opt ident_list DUTOK_COLON DUTOK_IDENTIFIER DUTOK_SEMICOLON params
   33       | var_opt ident_list DUTOK_COLON DUTOK_IDENTIFIER DUTOK_SEMICOLON . params
   34 var_opt: .  [DUTOK_IDENTIFIER]
   35        | . DUTOK_VAR

    DUTOK_VAR  shift, and go to state 101

    $default  reduce using rule 34 (var_opt)

    params   go to state 193
    var_opt  go to state 103


state 190

   48 ecf: DUTOK_IF expr DUTOK_THEN ecf DUTOK_ELSE ecf .

    $default  reduce using rule 48 (ecf)


state 191

   59 enf: DUTOK_IF expr DUTOK_THEN ecf DUTOK_ELSE enf .

    $default  reduce using rule 59 (enf)


state 192

   51 ecf: DUTOK_FOR DUTOK_IDENTIFIER DUTOK_ASSIGN expr DUTOK_FOR_DIRECTION expr . DUTOK_DO ecf
   60 enf: DUTOK_FOR DUTOK_IDENTIFIER DUTOK_ASSIGN expr DUTOK_FOR_DIRECTION expr . DUTOK_DO enf

    DUTOK_DO  shift, and go to state 194


state 193

   33 params: var_opt ident_list DUTOK_COLON DUTOK_IDENTIFIER DUTOK_SEMICOLON params .

    $default  reduce using rule 33 (params)


state 194

   47 ecf: . DUTOK_GOTO DUTOK_UINT
   48    | . DUTOK_IF expr DUTOK_THEN ecf DUTOK_ELSE ecf
   49    | . DUTOK_WHILE expr DUTOK_DO ecf
   50    | . DUTOK_REPEAT cmd_list DUTOK_UNTIL expr
   51    | . DUTOK_FOR DUTOK_IDENTIFIER DUTOK_ASSIGN expr DUTOK_FOR_DIRECTION expr DUTOK_DO ecf
   51    | DUTOK_FOR DUTOK_IDENTIFIER DUTOK_ASSIGN expr DUTOK_FOR_DIRECTION expr DUTOK_DO . ecf
   52    | . DUTOK_IDENTIFIER concrete_params_opt
   53    | . DUTOK_UINT DUTOK_COLON ecf
   54    | . var DUTOK_ASSIGN expr
   55    | . DUTOK_BEGIN cmd_list DUTOK_END
   56    | .  [DUTOK_END, DUTOK_ELSE, DUTOK_UNTIL, DUTOK_SEMICOLON]
   57 enf: . DUTOK_IF expr DUTOK_THEN cmd
   58    | . DUTOK_WHILE expr DUTOK_DO enf
   59    | . DUTOK_IF expr DUTOK_THEN ecf DUTOK_ELSE enf
   60    | . DUTOK_FOR DUTOK_IDENTIFIER DUTOK_ASSIGN expr DUTOK_FOR_DIRECTION expr DUTOK_DO enf
   60    | DUTOK_FOR DUTOK_IDENTIFIER DUTOK_ASSIGN expr DUTOK_FOR_DIRECTION expr DUTOK_DO . enf
   61    | . DUTOK_UINT DUTOK_COLON enf
   62 var: . DUTOK_IDENTIFIER
   63    | . var DUTOK_LSBRA expr_cycle DUTOK_RSBRA

    DUTOK_BEGIN       shift, and go to state 79
    DUTOK_GOTO        shift, and go to state 80
    DUTOK_IF          shift, and go to state 81
    DUTOK_WHILE       shift, and go to state 82
    DUTOK_REPEAT      shift, and go to state 83
    DUTOK_FOR         shift, and go to state 84
    DUTOK_IDENTIFIER  shift, and go to state 85
    DUTOK_UINT        shift, and go to state 86

    $default  reduce using rule 56 (ecf)

    ecf  go to state 195
    enf  go to state 196
    var  go to state 91


state 195

   51 ecf: DUTOK_FOR DUTOK_IDENTIFIER DUTOK_ASSIGN expr DUTOK_FOR_DIRECTION expr DUTOK_DO ecf .

    $default  reduce using rule 51 (ecf)


state 196

   60 enf: DUTOK_FOR DUTOK_IDENTIFIER DUTOK_ASSIGN expr DUTOK_FOR_DIRECTION expr DUTOK_DO enf .

    $default  reduce using rule 60 (enf)
