C:\CYGWIN\HOME\JIRKA\MLASKAL\PUBLIC-RW\SWI098\DU5\DEBUG\ABSTRACT_IC.OBJ
C:\cygwin\home\Jirka\mlaskal\public-rw\SWI098\du5\Debug\cl.command.1.tlog
C:\cygwin\home\Jirka\mlaskal\public-rw\SWI098\du5\Debug\CL.read.1.tlog
C:\cygwin\home\Jirka\mlaskal\public-rw\SWI098\du5\Debug\CL.write.1.tlog
C:\cygwin\home\Jirka\mlaskal\public-rw\SWI098\du5\Debug\custombuild.command.1.tlog
C:\cygwin\home\Jirka\mlaskal\public-rw\SWI098\du5\Debug\custombuild.read.1.tlog
C:\cygwin\home\Jirka\mlaskal\public-rw\SWI098\du5\Debug\custombuild.write.1.tlog
C:\CYGWIN\HOME\JIRKA\MLASKAL\PUBLIC-RW\SWI098\DU5\DEBUG\DU5.OBJ
C:\CYGWIN\HOME\JIRKA\MLASKAL\PUBLIC-RW\SWI098\DU5\DEBUG\DU5BASEERRTAB.OBJ
C:\CYGWIN\HOME\JIRKA\MLASKAL\PUBLIC-RW\SWI098\DU5\DEBUG\DU5G.OBJ
C:\CYGWIN\HOME\JIRKA\MLASKAL\PUBLIC-RW\SWI098\DU5\DEBUG\DU5L.OBJ
C:\CYGWIN\HOME\JIRKA\MLASKAL\PUBLIC-RW\SWI098\DU5\DEBUG\DU5SEM.OBJ
C:\CYGWIN\HOME\JIRKA\MLASKAL\PUBLIC-RW\SWI098\DU5\DEBUG\DUERR.OBJ
C:\CYGWIN\HOME\JIRKA\MLASKAL\PUBLIC-RW\SWI098\DU5\DEBUG\DUSEMEMPTYERRTAB.OBJ
C:\CYGWIN\HOME\JIRKA\MLASKAL\PUBLIC-RW\SWI098\DU5\DEBUG\DUTABLES.OBJ
C:\CYGWIN\HOME\JIRKA\MLASKAL\PUBLIC-RW\SWI098\DU5\DEBUG\FLAT_ICBLOCK.OBJ
C:\CYGWIN\HOME\JIRKA\MLASKAL\PUBLIC-RW\SWI098\DU5\DEBUG\GEN_AIFACTORY.OBJ
C:\CYGWIN\HOME\JIRKA\MLASKAL\PUBLIC-RW\SWI098\DU5\DEBUG\GEN_ICFACTORY.OBJ
C:\CYGWIN\HOME\JIRKA\MLASKAL\PUBLIC-RW\SWI098\DU5\DEBUG\GEN_ICINSTRTAB.OBJ
C:\CYGWIN\HOME\JIRKA\MLASKAL\PUBLIC-RW\SWI098\DU5\DEBUG\IC_INSTR.OBJ
C:\CYGWIN\HOME\JIRKA\MLASKAL\PUBLIC-RW\SWI098\DU5\DEBUG\LABELED_ICBLOCK.OBJ
C:\cygwin\home\Jirka\mlaskal\public-rw\SWI098\du5\Debug\link.6456.read.1.tlog
C:\cygwin\home\Jirka\mlaskal\public-rw\SWI098\du5\Debug\link.6456.write.1.tlog
C:\cygwin\home\Jirka\mlaskal\public-rw\SWI098\du5\Debug\link.6456-cvtres.read.1.tlog
C:\cygwin\home\Jirka\mlaskal\public-rw\SWI098\du5\Debug\link.6456-cvtres.write.1.tlog
C:\cygwin\home\Jirka\mlaskal\public-rw\SWI098\du5\Debug\link.command.1.tlog
C:\cygwin\home\Jirka\mlaskal\public-rw\SWI098\du5\Debug\link.read.1.tlog
C:\cygwin\home\Jirka\mlaskal\public-rw\SWI098\du5\Debug\link.write.1.tlog
C:\cygwin\home\Jirka\mlaskal\public-rw\SWI098\du5\Debug\link-cvtres.read.1.tlog
C:\cygwin\home\Jirka\mlaskal\public-rw\SWI098\du5\Debug\link-cvtres.write.1.tlog
C:\CYGWIN\HOME\JIRKA\MLASKAL\PUBLIC-RW\SWI098\DU5\DEBUG\MLC.EXE
C:\CYGWIN\HOME\JIRKA\MLASKAL\PUBLIC-RW\SWI098\DU5\DEBUG\MLC.EXE.EMBED.MANIFEST
C:\CYGWIN\HOME\JIRKA\MLASKAL\PUBLIC-RW\SWI098\DU5\DEBUG\MLC.EXE.EMBED.MANIFEST.RES
C:\CYGWIN\HOME\JIRKA\MLASKAL\PUBLIC-RW\SWI098\DU5\DEBUG\MLC.EXE.INTERMEDIATE.MANIFEST
C:\CYGWIN\HOME\JIRKA\MLASKAL\PUBLIC-RW\SWI098\DU5\DEBUG\MLC.ILK
C:\CYGWIN\HOME\JIRKA\MLASKAL\PUBLIC-RW\SWI098\DU5\DEBUG\MLC.PDB
C:\cygwin\home\Jirka\mlaskal\public-rw\SWI098\du5\Debug\mlc.write.1.tlog
C:\cygwin\home\Jirka\mlaskal\public-rw\SWI098\du5\Debug\mlc_manifest.rc
C:\cygwin\home\Jirka\mlaskal\public-rw\SWI098\du5\Debug\mt.command.1.tlog
C:\cygwin\home\Jirka\mlaskal\public-rw\SWI098\du5\Debug\mt.read.1.tlog
C:\cygwin\home\Jirka\mlaskal\public-rw\SWI098\du5\Debug\mt.write.1.tlog
C:\cygwin\home\Jirka\mlaskal\public-rw\SWI098\du5\Debug\rc.command.1.tlog
C:\cygwin\home\Jirka\mlaskal\public-rw\SWI098\du5\Debug\rc.read.1.tlog
C:\cygwin\home\Jirka\mlaskal\public-rw\SWI098\du5\Debug\rc.write.1.tlog
C:\CYGWIN\HOME\JIRKA\MLASKAL\PUBLIC-RW\SWI098\DU5\DEBUG\UID_GEN.OBJ
C:\cygwin\home\Jirka\mlaskal\public-rw\SWI098\du5\Debug\vc100.idb
C:\CYGWIN\HOME\JIRKA\MLASKAL\PUBLIC-RW\SWI098\DU5\DEBUG\VC100.PDB
C:\CYGWIN\HOME\JIRKA\MLASKAL\PUBLIC-RW\SWI098\DU5\DU5G.CPP
C:\CYGWIN\HOME\JIRKA\MLASKAL\PUBLIC-RW\SWI098\DU5\DU5G.HPP
C:\CYGWIN\HOME\JIRKA\MLASKAL\PUBLIC-RW\SWI098\DU5\DU5L.CPP
C:\CYGWIN\HOME\JIRKA\MLASKAL\PUBLIC-RW\SWI098\DU5\GEN_AIFACTORY.CPP
C:\CYGWIN\HOME\JIRKA\MLASKAL\PUBLIC-RW\SWI098\DU5\GEN_AINSTR.HPP
C:\CYGWIN\HOME\JIRKA\MLASKAL\PUBLIC-RW\SWI098\DU5\GEN_ICFACTORY.CPP
C:\CYGWIN\HOME\JIRKA\MLASKAL\PUBLIC-RW\SWI098\DU5\GEN_ICINSTR.HPP
C:\CYGWIN\HOME\JIRKA\MLASKAL\PUBLIC-RW\SWI098\DU5\GEN_ICINSTRTAB.CPP
C:\CYGWIN\HOME\JIRKA\MLASKAL\PUBLIC-RW\SWI098\DU5\GEN_ICOPCODES.HPP
