C:\cygwin\home\Jirka\mlaskal\du1\mlaskal\public-rw\SWI098\du1\Debug\cl.command.1.tlog
C:\cygwin\home\Jirka\mlaskal\du1\mlaskal\public-rw\SWI098\du1\Debug\CL.read.1.tlog
C:\cygwin\home\Jirka\mlaskal\du1\mlaskal\public-rw\SWI098\du1\Debug\CL.write.1.tlog
C:\CYGWIN\HOME\JIRKA\MLASKAL\DU1\MLASKAL\PUBLIC-RW\SWI098\DU1\DEBUG\DU1.OBJ
C:\CYGWIN\HOME\JIRKA\MLASKAL\DU1\MLASKAL\PUBLIC-RW\SWI098\DU1\DEBUG\DU1BASEERRTAB.OBJ
C:\CYGWIN\HOME\JIRKA\MLASKAL\DU1\MLASKAL\PUBLIC-RW\SWI098\DU1\DEBUG\DU1L.OBJ
C:\CYGWIN\HOME\JIRKA\MLASKAL\DU1\MLASKAL\PUBLIC-RW\SWI098\DU1\DEBUG\DU1TOK.OBJ
C:\CYGWIN\HOME\JIRKA\MLASKAL\DU1\MLASKAL\PUBLIC-RW\SWI098\DU1\DEBUG\DUERR.OBJ
C:\CYGWIN\HOME\JIRKA\MLASKAL\DU1\MLASKAL\PUBLIC-RW\SWI098\DU1\DEBUG\DUSEMEMPTYERRTAB.OBJ
C:\cygwin\home\Jirka\mlaskal\du1\mlaskal\public-rw\SWI098\du1\Debug\link.7560.read.1.tlog
C:\cygwin\home\Jirka\mlaskal\du1\mlaskal\public-rw\SWI098\du1\Debug\link.7560.write.1.tlog
C:\cygwin\home\Jirka\mlaskal\du1\mlaskal\public-rw\SWI098\du1\Debug\link.7560-cvtres.read.1.tlog
C:\cygwin\home\Jirka\mlaskal\du1\mlaskal\public-rw\SWI098\du1\Debug\link.7560-cvtres.write.1.tlog
C:\cygwin\home\Jirka\mlaskal\du1\mlaskal\public-rw\SWI098\du1\Debug\link.command.1.tlog
C:\cygwin\home\Jirka\mlaskal\du1\mlaskal\public-rw\SWI098\du1\Debug\link.read.1.tlog
C:\cygwin\home\Jirka\mlaskal\du1\mlaskal\public-rw\SWI098\du1\Debug\link.write.1.tlog
C:\cygwin\home\Jirka\mlaskal\du1\mlaskal\public-rw\SWI098\du1\Debug\link-cvtres.read.1.tlog
C:\cygwin\home\Jirka\mlaskal\du1\mlaskal\public-rw\SWI098\du1\Debug\link-cvtres.write.1.tlog
C:\CYGWIN\HOME\JIRKA\MLASKAL\DU1\MLASKAL\PUBLIC-RW\SWI098\DU1\DEBUG\MLC.EXE
C:\CYGWIN\HOME\JIRKA\MLASKAL\DU1\MLASKAL\PUBLIC-RW\SWI098\DU1\DEBUG\MLC.EXE.EMBED.MANIFEST
C:\CYGWIN\HOME\JIRKA\MLASKAL\DU1\MLASKAL\PUBLIC-RW\SWI098\DU1\DEBUG\MLC.EXE.EMBED.MANIFEST.RES
C:\CYGWIN\HOME\JIRKA\MLASKAL\DU1\MLASKAL\PUBLIC-RW\SWI098\DU1\DEBUG\MLC.EXE.INTERMEDIATE.MANIFEST
C:\CYGWIN\HOME\JIRKA\MLASKAL\DU1\MLASKAL\PUBLIC-RW\SWI098\DU1\DEBUG\MLC.ILK
C:\CYGWIN\HOME\JIRKA\MLASKAL\DU1\MLASKAL\PUBLIC-RW\SWI098\DU1\DEBUG\MLC.PDB
C:\cygwin\home\Jirka\mlaskal\du1\mlaskal\public-rw\SWI098\du1\Debug\mlc.write.1.tlog
C:\cygwin\home\Jirka\mlaskal\du1\mlaskal\public-rw\SWI098\du1\Debug\mlc_manifest.rc
C:\cygwin\home\Jirka\mlaskal\du1\mlaskal\public-rw\SWI098\du1\Debug\mt.command.1.tlog
C:\cygwin\home\Jirka\mlaskal\du1\mlaskal\public-rw\SWI098\du1\Debug\mt.read.1.tlog
C:\cygwin\home\Jirka\mlaskal\du1\mlaskal\public-rw\SWI098\du1\Debug\mt.write.1.tlog
C:\cygwin\home\Jirka\mlaskal\du1\mlaskal\public-rw\SWI098\du1\Debug\rc.command.1.tlog
C:\cygwin\home\Jirka\mlaskal\du1\mlaskal\public-rw\SWI098\du1\Debug\rc.read.1.tlog
C:\cygwin\home\Jirka\mlaskal\du1\mlaskal\public-rw\SWI098\du1\Debug\rc.write.1.tlog
C:\cygwin\home\Jirka\mlaskal\du1\mlaskal\public-rw\SWI098\du1\Debug\vc100.idb
C:\CYGWIN\HOME\JIRKA\MLASKAL\DU1\MLASKAL\PUBLIC-RW\SWI098\DU1\DEBUG\VC100.PDB
