Terminals unused in grammar

   DUTOK_RECORD


Grammar

    0 $accept: mlaskal $end

    1 mlaskal: DUTOK_PROGRAM DUTOK_IDENTIFIER DUTOK_SEMICOLON program_block DUTOK_DOT

    2 program_block: label_block const_def_block type_def_block var_def_block procfunc_def_block begin_cmd_end_block

    3 label_block: /* empty */
    4            | DUTOK_LABEL label_name_block DUTOK_SEMICOLON

    5 label_name_block: DUTOK_UINT
    6                 | label_name_block DUTOK_COMMA DUTOK_UINT

    7 const_def_block: /* empty */
    8                | DUTOK_CONST const_set_block

    9 const_set_block: DUTOK_IDENTIFIER DUTOK_EQ constant DUTOK_SEMICOLON
   10                | const_set_block DUTOK_IDENTIFIER DUTOK_EQ constant DUTOK_SEMICOLON

   11 constant: u_constant
   12         | DUTOK_OPER_SIGNADD DUTOK_UINT
   13         | DUTOK_OPER_SIGNADD DUTOK_REAL

   14 type_def_block: /* empty */
   15               | DUTOK_TYPE type_set_block

   16 type_set_block: DUTOK_IDENTIFIER DUTOK_EQ type DUTOK_SEMICOLON
   17               | type_set_block DUTOK_IDENTIFIER DUTOK_EQ type DUTOK_SEMICOLON

   18 var_def_block: /* empty */
   19              | DUTOK_VAR var_set_block

   20 var_set_block: ident_list DUTOK_COLON type DUTOK_SEMICOLON
   21              | ident_list DUTOK_COLON type DUTOK_SEMICOLON var_set_block

   22 ident_list: DUTOK_IDENTIFIER
   23           | ident_list DUTOK_COMMA DUTOK_IDENTIFIER

   24 procfunc_def_block: /* empty */
   25                   | procfunc_header DUTOK_SEMICOLON block DUTOK_SEMICOLON procfunc_def_block

   26 begin_cmd_end_block: DUTOK_BEGIN cmd_list DUTOK_END

   27 block: label_block const_def_block type_def_block var_def_block begin_cmd_end_block

   28 procfunc_header: DUTOK_PROCEDURE DUTOK_IDENTIFIER params_opt
   29                | DUTOK_FUNCTION DUTOK_IDENTIFIER params_opt DUTOK_COLON DUTOK_IDENTIFIER

   30 params_opt: /* empty */
   31           | DUTOK_LPAR params DUTOK_RPAR

   32 params: var_opt ident_list DUTOK_COLON DUTOK_IDENTIFIER
   33       | var_opt ident_list DUTOK_COLON DUTOK_IDENTIFIER DUTOK_SEMICOLON params

   34 var_opt: /* empty */
   35        | DUTOK_VAR

   36 type: ordtype
   37     | structtype
   38     | DUTOK_IDENTIFIER

   39 ordtype: ordconst DUTOK_DOTDOT ordconst

   40 structtype: DUTOK_ARRAY DUTOK_LSBRA ordtype_list DUTOK_RSBRA DUTOK_OF type

   41 ordtype_list: ordtype
   42             | DUTOK_IDENTIFIER
   43             | ordtype_list DUTOK_COMMA ordtype

   44 cmd: ecf
   45    | enf

   46 cmd_list: cmd
   47         | cmd_list DUTOK_SEMICOLON cmd

   48 ecf: DUTOK_GOTO DUTOK_UINT
   49    | DUTOK_IF expr DUTOK_THEN ecf DUTOK_ELSE ecf
   50    | DUTOK_WHILE expr DUTOK_DO ecf
   51    | DUTOK_REPEAT cmd_list DUTOK_UNTIL expr
   52    | DUTOK_FOR DUTOK_IDENTIFIER DUTOK_ASSIGN expr DUTOK_FOR_DIRECTION expr DUTOK_DO ecf
   53    | DUTOK_IDENTIFIER concrete_params_opt
   54    | DUTOK_UINT DUTOK_COLON ecf
   55    | var DUTOK_ASSIGN expr
   56    | DUTOK_BEGIN cmd_list DUTOK_END
   57    | /* empty */

   58 enf: DUTOK_IF expr DUTOK_THEN cmd
   59    | DUTOK_WHILE expr DUTOK_DO enf
   60    | DUTOK_IF expr DUTOK_THEN ecf DUTOK_ELSE enf
   61    | DUTOK_FOR DUTOK_IDENTIFIER DUTOK_ASSIGN expr DUTOK_FOR_DIRECTION expr DUTOK_DO enf
   62    | DUTOK_UINT DUTOK_COLON enf

   63 var: DUTOK_IDENTIFIER
   64    | var DUTOK_LSBRA expr_cycle DUTOK_RSBRA

   65 concrete_params_opt: /* empty */
   66                    | DUTOK_LPAR concrete_params DUTOK_RPAR

   67 concrete_params: expr
   68                | expr DUTOK_COMMA concrete_params

   69 expr: simple_expr
   70     | simple_expr DUTOK_OPER_REL simple_expr
   71     | simple_expr DUTOK_EQ simple_expr

   72 expr_cycle: expr
   73           | expr_cycle DUTOK_COMMA expr

   74 simple_expr: term_cycle
   75            | DUTOK_OPER_SIGNADD term_cycle

   76 term_cycle: term DUTOK_OPER_SIGNADD term_cycle
   77           | term DUTOK_OR term_cycle
   78           | term

   79 term: factor
   80     | factor DUTOK_OPER_MUL term

   81 factor: u_constant_no_ident
   82       | var
   83       | DUTOK_IDENTIFIER DUTOK_LPAR concrete_params DUTOK_RPAR
   84       | DUTOK_LPAR expr DUTOK_RPAR
   85       | DUTOK_NOT factor

   86 u_constant: DUTOK_IDENTIFIER
   87           | u_constant_no_ident

   88 u_constant_no_ident: DUTOK_UINT
   89                    | DUTOK_REAL
   90                    | DUTOK_STRING

   91 ordconst: DUTOK_OPER_SIGNADD DUTOK_IDENTIFIER
   92         | DUTOK_OPER_SIGNADD DUTOK_UINT
   93         | DUTOK_UINT
   94         | DUTOK_IDENTIFIER


Terminals, with rules where they appear

$end (0) 0
error (256)
DUTOK_PROGRAM (258) 1
DUTOK_LABEL (259) 4
DUTOK_CONST (260) 8
DUTOK_TYPE (261) 15
DUTOK_VAR (262) 19 35
DUTOK_BEGIN (263) 26 56
DUTOK_END (264) 26 56
DUTOK_PROCEDURE (265) 28
DUTOK_FUNCTION (266) 29
DUTOK_ARRAY (267) 40
DUTOK_OF (268) 40
DUTOK_GOTO (269) 48
DUTOK_IF (270) 49 58 60
DUTOK_THEN (271) 49 58 60
DUTOK_ELSE (272) 49 60
DUTOK_WHILE (273) 50 59
DUTOK_DO (274) 50 52 59 61
DUTOK_REPEAT (275) 51
DUTOK_UNTIL (276) 51
DUTOK_FOR (277) 52 61
DUTOK_OR (278) 77
DUTOK_NOT (279) 85
DUTOK_RECORD (280)
DUTOK_IDENTIFIER (281) 1 9 10 16 17 22 23 28 29 32 33 38 42 52 53 61
    63 83 86 91 94
DUTOK_UINT (282) 5 6 12 48 54 62 88 92 93
DUTOK_REAL (283) 13 89
DUTOK_STRING (284) 90
DUTOK_SEMICOLON (285) 1 4 9 10 16 17 20 21 25 33 47
DUTOK_DOT (286) 1
DUTOK_COMMA (287) 6 23 43 68 73
DUTOK_EQ (288) 9 10 16 17 71
DUTOK_COLON (289) 20 21 29 32 33 54 62
DUTOK_LPAR (290) 31 66 83 84
DUTOK_RPAR (291) 31 66 83 84
DUTOK_DOTDOT (292) 39
DUTOK_LSBRA (293) 40 64
DUTOK_RSBRA (294) 40 64
DUTOK_ASSIGN (295) 52 55 61
DUTOK_OPER_REL (296) 70
DUTOK_OPER_SIGNADD (297) 12 13 75 76 91 92
DUTOK_OPER_MUL (298) 80
DUTOK_FOR_DIRECTION (299) 52 61


Nonterminals, with rules where they appear

$accept (45)
    on left: 0
mlaskal (46)
    on left: 1, on right: 0
program_block (47)
    on left: 2, on right: 1
label_block (48)
    on left: 3 4, on right: 2 27
label_name_block (49)
    on left: 5 6, on right: 4 6
const_def_block (50)
    on left: 7 8, on right: 2 27
const_set_block (51)
    on left: 9 10, on right: 8 10
constant (52)
    on left: 11 12 13, on right: 9 10
type_def_block (53)
    on left: 14 15, on right: 2 27
type_set_block (54)
    on left: 16 17, on right: 15 17
var_def_block (55)
    on left: 18 19, on right: 2 27
var_set_block (56)
    on left: 20 21, on right: 19 21
ident_list (57)
    on left: 22 23, on right: 20 21 23 32 33
procfunc_def_block (58)
    on left: 24 25, on right: 2 25
begin_cmd_end_block (59)
    on left: 26, on right: 2 27
block (60)
    on left: 27, on right: 25
procfunc_header (61)
    on left: 28 29, on right: 25
params_opt (62)
    on left: 30 31, on right: 28 29
params (63)
    on left: 32 33, on right: 31 33
var_opt (64)
    on left: 34 35, on right: 32 33
type (65)
    on left: 36 37 38, on right: 16 17 20 21 40
ordtype (66)
    on left: 39, on right: 36 41 43
structtype (67)
    on left: 40, on right: 37
ordtype_list (68)
    on left: 41 42 43, on right: 40 43
cmd (69)
    on left: 44 45, on right: 46 47 58
cmd_list (70)
    on left: 46 47, on right: 26 47 51 56
ecf (71)
    on left: 48 49 50 51 52 53 54 55 56 57, on right: 44 49 50 52 54
    60
enf (72)
    on left: 58 59 60 61 62, on right: 45 59 60 61 62
var (73)
    on left: 63 64, on right: 55 64 82
concrete_params_opt (74)
    on left: 65 66, on right: 53
concrete_params (75)
    on left: 67 68, on right: 66 68 83
expr (76)
    on left: 69 70 71, on right: 49 50 51 52 55 58 59 60 61 67 68 72
    73 84
expr_cycle (77)
    on left: 72 73, on right: 64 73
simple_expr (78)
    on left: 74 75, on right: 69 70 71
term_cycle (79)
    on left: 76 77 78, on right: 74 75 76 77
term (80)
    on left: 79 80, on right: 76 77 78 80
factor (81)
    on left: 81 82 83 84 85, on right: 79 80 85
u_constant (82)
    on left: 86 87, on right: 11
u_constant_no_ident (83)
    on left: 88 89 90, on right: 81 87
ordconst (84)
    on left: 91 92 93 94, on right: 39


state 0

    0 $accept: . mlaskal $end
    1 mlaskal: . DUTOK_PROGRAM DUTOK_IDENTIFIER DUTOK_SEMICOLON program_block DUTOK_DOT

    DUTOK_PROGRAM  shift, and go to state 1

    mlaskal  go to state 2


state 1

    1 mlaskal: DUTOK_PROGRAM . DUTOK_IDENTIFIER DUTOK_SEMICOLON program_block DUTOK_DOT

    DUTOK_IDENTIFIER  shift, and go to state 3


state 2

    0 $accept: mlaskal . $end

    $end  shift, and go to state 4


state 3

    1 mlaskal: DUTOK_PROGRAM DUTOK_IDENTIFIER . DUTOK_SEMICOLON program_block DUTOK_DOT

    DUTOK_SEMICOLON  shift, and go to state 5


state 4

    0 $accept: mlaskal $end .

    $default  accept


state 5

    1 mlaskal: DUTOK_PROGRAM DUTOK_IDENTIFIER DUTOK_SEMICOLON . program_block DUTOK_DOT
    2 program_block: . label_block const_def_block type_def_block var_def_block procfunc_def_block begin_cmd_end_block
    3 label_block: .  [DUTOK_CONST, DUTOK_TYPE, DUTOK_VAR, DUTOK_BEGIN, DUTOK_PROCEDURE, DUTOK_FUNCTION]
    4            | . DUTOK_LABEL label_name_block DUTOK_SEMICOLON

    DUTOK_LABEL  shift, and go to state 6

    $default  reduce using rule 3 (label_block)

    program_block  go to state 7
    label_block    go to state 8


state 6

    4 label_block: DUTOK_LABEL . label_name_block DUTOK_SEMICOLON
    5 label_name_block: . DUTOK_UINT
    6                 | . label_name_block DUTOK_COMMA DUTOK_UINT

    DUTOK_UINT  shift, and go to state 9

    label_name_block  go to state 10


state 7

    1 mlaskal: DUTOK_PROGRAM DUTOK_IDENTIFIER DUTOK_SEMICOLON program_block . DUTOK_DOT

    DUTOK_DOT  shift, and go to state 11


state 8

    2 program_block: label_block . const_def_block type_def_block var_def_block procfunc_def_block begin_cmd_end_block
    7 const_def_block: .  [DUTOK_TYPE, DUTOK_VAR, DUTOK_BEGIN, DUTOK_PROCEDURE, DUTOK_FUNCTION]
    8                | . DUTOK_CONST const_set_block

    DUTOK_CONST  shift, and go to state 12

    $default  reduce using rule 7 (const_def_block)

    const_def_block  go to state 13


state 9

    5 label_name_block: DUTOK_UINT .

    $default  reduce using rule 5 (label_name_block)


state 10

    4 label_block: DUTOK_LABEL label_name_block . DUTOK_SEMICOLON
    6 label_name_block: label_name_block . DUTOK_COMMA DUTOK_UINT

    DUTOK_SEMICOLON  shift, and go to state 14
    DUTOK_COMMA      shift, and go to state 15


state 11

    1 mlaskal: DUTOK_PROGRAM DUTOK_IDENTIFIER DUTOK_SEMICOLON program_block DUTOK_DOT .

    $default  reduce using rule 1 (mlaskal)


state 12

    8 const_def_block: DUTOK_CONST . const_set_block
    9 const_set_block: . DUTOK_IDENTIFIER DUTOK_EQ constant DUTOK_SEMICOLON
   10                | . const_set_block DUTOK_IDENTIFIER DUTOK_EQ constant DUTOK_SEMICOLON

    DUTOK_IDENTIFIER  shift, and go to state 16

    const_set_block  go to state 17


state 13

    2 program_block: label_block const_def_block . type_def_block var_def_block procfunc_def_block begin_cmd_end_block
   14 type_def_block: .  [DUTOK_VAR, DUTOK_BEGIN, DUTOK_PROCEDURE, DUTOK_FUNCTION]
   15               | . DUTOK_TYPE type_set_block

    DUTOK_TYPE  shift, and go to state 18

    $default  reduce using rule 14 (type_def_block)

    type_def_block  go to state 19


state 14

    4 label_block: DUTOK_LABEL label_name_block DUTOK_SEMICOLON .

    $default  reduce using rule 4 (label_block)


state 15

    6 label_name_block: label_name_block DUTOK_COMMA . DUTOK_UINT

    DUTOK_UINT  shift, and go to state 20


state 16

    9 const_set_block: DUTOK_IDENTIFIER . DUTOK_EQ constant DUTOK_SEMICOLON

    DUTOK_EQ  shift, and go to state 21


state 17

    8 const_def_block: DUTOK_CONST const_set_block .  [DUTOK_TYPE, DUTOK_VAR, DUTOK_BEGIN, DUTOK_PROCEDURE, DUTOK_FUNCTION]
   10 const_set_block: const_set_block . DUTOK_IDENTIFIER DUTOK_EQ constant DUTOK_SEMICOLON

    DUTOK_IDENTIFIER  shift, and go to state 22

    $default  reduce using rule 8 (const_def_block)


state 18

   15 type_def_block: DUTOK_TYPE . type_set_block
   16 type_set_block: . DUTOK_IDENTIFIER DUTOK_EQ type DUTOK_SEMICOLON
   17               | . type_set_block DUTOK_IDENTIFIER DUTOK_EQ type DUTOK_SEMICOLON

    DUTOK_IDENTIFIER  shift, and go to state 23

    type_set_block  go to state 24


state 19

    2 program_block: label_block const_def_block type_def_block . var_def_block procfunc_def_block begin_cmd_end_block
   18 var_def_block: .  [DUTOK_BEGIN, DUTOK_PROCEDURE, DUTOK_FUNCTION]
   19              | . DUTOK_VAR var_set_block

    DUTOK_VAR  shift, and go to state 25

    $default  reduce using rule 18 (var_def_block)

    var_def_block  go to state 26


state 20

    6 label_name_block: label_name_block DUTOK_COMMA DUTOK_UINT .

    $default  reduce using rule 6 (label_name_block)


state 21

    9 const_set_block: DUTOK_IDENTIFIER DUTOK_EQ . constant DUTOK_SEMICOLON
   11 constant: . u_constant
   12         | . DUTOK_OPER_SIGNADD DUTOK_UINT
   13         | . DUTOK_OPER_SIGNADD DUTOK_REAL
   86 u_constant: . DUTOK_IDENTIFIER
   87           | . u_constant_no_ident
   88 u_constant_no_ident: . DUTOK_UINT
   89                    | . DUTOK_REAL
   90                    | . DUTOK_STRING

    DUTOK_IDENTIFIER    shift, and go to state 27
    DUTOK_UINT          shift, and go to state 28
    DUTOK_REAL          shift, and go to state 29
    DUTOK_STRING        shift, and go to state 30
    DUTOK_OPER_SIGNADD  shift, and go to state 31

    constant             go to state 32
    u_constant           go to state 33
    u_constant_no_ident  go to state 34


state 22

   10 const_set_block: const_set_block DUTOK_IDENTIFIER . DUTOK_EQ constant DUTOK_SEMICOLON

    DUTOK_EQ  shift, and go to state 35


state 23

   16 type_set_block: DUTOK_IDENTIFIER . DUTOK_EQ type DUTOK_SEMICOLON

    DUTOK_EQ  shift, and go to state 36


state 24

   15 type_def_block: DUTOK_TYPE type_set_block .  [DUTOK_VAR, DUTOK_BEGIN, DUTOK_PROCEDURE, DUTOK_FUNCTION]
   17 type_set_block: type_set_block . DUTOK_IDENTIFIER DUTOK_EQ type DUTOK_SEMICOLON

    DUTOK_IDENTIFIER  shift, and go to state 37

    $default  reduce using rule 15 (type_def_block)


state 25

   19 var_def_block: DUTOK_VAR . var_set_block
   20 var_set_block: . ident_list DUTOK_COLON type DUTOK_SEMICOLON
   21              | . ident_list DUTOK_COLON type DUTOK_SEMICOLON var_set_block
   22 ident_list: . DUTOK_IDENTIFIER
   23           | . ident_list DUTOK_COMMA DUTOK_IDENTIFIER

    DUTOK_IDENTIFIER  shift, and go to state 38

    var_set_block  go to state 39
    ident_list     go to state 40


state 26

    2 program_block: label_block const_def_block type_def_block var_def_block . procfunc_def_block begin_cmd_end_block
   24 procfunc_def_block: .  [DUTOK_BEGIN]
   25                   | . procfunc_header DUTOK_SEMICOLON block DUTOK_SEMICOLON procfunc_def_block
   28 procfunc_header: . DUTOK_PROCEDURE DUTOK_IDENTIFIER params_opt
   29                | . DUTOK_FUNCTION DUTOK_IDENTIFIER params_opt DUTOK_COLON DUTOK_IDENTIFIER

    DUTOK_PROCEDURE  shift, and go to state 41
    DUTOK_FUNCTION   shift, and go to state 42

    $default  reduce using rule 24 (procfunc_def_block)

    procfunc_def_block  go to state 43
    procfunc_header     go to state 44


state 27

   86 u_constant: DUTOK_IDENTIFIER .

    $default  reduce using rule 86 (u_constant)


state 28

   88 u_constant_no_ident: DUTOK_UINT .

    $default  reduce using rule 88 (u_constant_no_ident)


state 29

   89 u_constant_no_ident: DUTOK_REAL .

    $default  reduce using rule 89 (u_constant_no_ident)


state 30

   90 u_constant_no_ident: DUTOK_STRING .

    $default  reduce using rule 90 (u_constant_no_ident)


state 31

   12 constant: DUTOK_OPER_SIGNADD . DUTOK_UINT
   13         | DUTOK_OPER_SIGNADD . DUTOK_REAL

    DUTOK_UINT  shift, and go to state 45
    DUTOK_REAL  shift, and go to state 46


state 32

    9 const_set_block: DUTOK_IDENTIFIER DUTOK_EQ constant . DUTOK_SEMICOLON

    DUTOK_SEMICOLON  shift, and go to state 47


state 33

   11 constant: u_constant .

    $default  reduce using rule 11 (constant)


state 34

   87 u_constant: u_constant_no_ident .

    $default  reduce using rule 87 (u_constant)


state 35

   10 const_set_block: const_set_block DUTOK_IDENTIFIER DUTOK_EQ . constant DUTOK_SEMICOLON
   11 constant: . u_constant
   12         | . DUTOK_OPER_SIGNADD DUTOK_UINT
   13         | . DUTOK_OPER_SIGNADD DUTOK_REAL
   86 u_constant: . DUTOK_IDENTIFIER
   87           | . u_constant_no_ident
   88 u_constant_no_ident: . DUTOK_UINT
   89                    | . DUTOK_REAL
   90                    | . DUTOK_STRING

    DUTOK_IDENTIFIER    shift, and go to state 27
    DUTOK_UINT          shift, and go to state 28
    DUTOK_REAL          shift, and go to state 29
    DUTOK_STRING        shift, and go to state 30
    DUTOK_OPER_SIGNADD  shift, and go to state 31

    constant             go to state 48
    u_constant           go to state 33
    u_constant_no_ident  go to state 34


state 36

   16 type_set_block: DUTOK_IDENTIFIER DUTOK_EQ . type DUTOK_SEMICOLON
   36 type: . ordtype
   37     | . structtype
   38     | . DUTOK_IDENTIFIER
   39 ordtype: . ordconst DUTOK_DOTDOT ordconst
   40 structtype: . DUTOK_ARRAY DUTOK_LSBRA ordtype_list DUTOK_RSBRA DUTOK_OF type
   91 ordconst: . DUTOK_OPER_SIGNADD DUTOK_IDENTIFIER
   92         | . DUTOK_OPER_SIGNADD DUTOK_UINT
   93         | . DUTOK_UINT
   94         | . DUTOK_IDENTIFIER

    DUTOK_ARRAY         shift, and go to state 49
    DUTOK_IDENTIFIER    shift, and go to state 50
    DUTOK_UINT          shift, and go to state 51
    DUTOK_OPER_SIGNADD  shift, and go to state 52

    type        go to state 53
    ordtype     go to state 54
    structtype  go to state 55
    ordconst    go to state 56


state 37

   17 type_set_block: type_set_block DUTOK_IDENTIFIER . DUTOK_EQ type DUTOK_SEMICOLON

    DUTOK_EQ  shift, and go to state 57


state 38

   22 ident_list: DUTOK_IDENTIFIER .

    $default  reduce using rule 22 (ident_list)


state 39

   19 var_def_block: DUTOK_VAR var_set_block .

    $default  reduce using rule 19 (var_def_block)


state 40

   20 var_set_block: ident_list . DUTOK_COLON type DUTOK_SEMICOLON
   21              | ident_list . DUTOK_COLON type DUTOK_SEMICOLON var_set_block
   23 ident_list: ident_list . DUTOK_COMMA DUTOK_IDENTIFIER

    DUTOK_COMMA  shift, and go to state 58
    DUTOK_COLON  shift, and go to state 59


state 41

   28 procfunc_header: DUTOK_PROCEDURE . DUTOK_IDENTIFIER params_opt

    DUTOK_IDENTIFIER  shift, and go to state 60


state 42

   29 procfunc_header: DUTOK_FUNCTION . DUTOK_IDENTIFIER params_opt DUTOK_COLON DUTOK_IDENTIFIER

    DUTOK_IDENTIFIER  shift, and go to state 61


state 43

    2 program_block: label_block const_def_block type_def_block var_def_block procfunc_def_block . begin_cmd_end_block
   26 begin_cmd_end_block: . DUTOK_BEGIN cmd_list DUTOK_END

    DUTOK_BEGIN  shift, and go to state 62

    begin_cmd_end_block  go to state 63


state 44

   25 procfunc_def_block: procfunc_header . DUTOK_SEMICOLON block DUTOK_SEMICOLON procfunc_def_block

    DUTOK_SEMICOLON  shift, and go to state 64


state 45

   12 constant: DUTOK_OPER_SIGNADD DUTOK_UINT .

    $default  reduce using rule 12 (constant)


state 46

   13 constant: DUTOK_OPER_SIGNADD DUTOK_REAL .

    $default  reduce using rule 13 (constant)


state 47

    9 const_set_block: DUTOK_IDENTIFIER DUTOK_EQ constant DUTOK_SEMICOLON .

    $default  reduce using rule 9 (const_set_block)


state 48

   10 const_set_block: const_set_block DUTOK_IDENTIFIER DUTOK_EQ constant . DUTOK_SEMICOLON

    DUTOK_SEMICOLON  shift, and go to state 65


state 49

   40 structtype: DUTOK_ARRAY . DUTOK_LSBRA ordtype_list DUTOK_RSBRA DUTOK_OF type

    DUTOK_LSBRA  shift, and go to state 66


state 50

   38 type: DUTOK_IDENTIFIER .  [DUTOK_SEMICOLON]
   94 ordconst: DUTOK_IDENTIFIER .  [DUTOK_DOTDOT]

    DUTOK_DOTDOT  reduce using rule 94 (ordconst)
    $default      reduce using rule 38 (type)


state 51

   93 ordconst: DUTOK_UINT .

    $default  reduce using rule 93 (ordconst)


state 52

   91 ordconst: DUTOK_OPER_SIGNADD . DUTOK_IDENTIFIER
   92         | DUTOK_OPER_SIGNADD . DUTOK_UINT

    DUTOK_IDENTIFIER  shift, and go to state 67
    DUTOK_UINT        shift, and go to state 68


state 53

   16 type_set_block: DUTOK_IDENTIFIER DUTOK_EQ type . DUTOK_SEMICOLON

    DUTOK_SEMICOLON  shift, and go to state 69


state 54

   36 type: ordtype .

    $default  reduce using rule 36 (type)


state 55

   37 type: structtype .

    $default  reduce using rule 37 (type)


state 56

   39 ordtype: ordconst . DUTOK_DOTDOT ordconst

    DUTOK_DOTDOT  shift, and go to state 70


state 57

   17 type_set_block: type_set_block DUTOK_IDENTIFIER DUTOK_EQ . type DUTOK_SEMICOLON
   36 type: . ordtype
   37     | . structtype
   38     | . DUTOK_IDENTIFIER
   39 ordtype: . ordconst DUTOK_DOTDOT ordconst
   40 structtype: . DUTOK_ARRAY DUTOK_LSBRA ordtype_list DUTOK_RSBRA DUTOK_OF type
   91 ordconst: . DUTOK_OPER_SIGNADD DUTOK_IDENTIFIER
   92         | . DUTOK_OPER_SIGNADD DUTOK_UINT
   93         | . DUTOK_UINT
   94         | . DUTOK_IDENTIFIER

    DUTOK_ARRAY         shift, and go to state 49
    DUTOK_IDENTIFIER    shift, and go to state 50
    DUTOK_UINT          shift, and go to state 51
    DUTOK_OPER_SIGNADD  shift, and go to state 52

    type        go to state 71
    ordtype     go to state 54
    structtype  go to state 55
    ordconst    go to state 56


state 58

   23 ident_list: ident_list DUTOK_COMMA . DUTOK_IDENTIFIER

    DUTOK_IDENTIFIER  shift, and go to state 72


state 59

   20 var_set_block: ident_list DUTOK_COLON . type DUTOK_SEMICOLON
   21              | ident_list DUTOK_COLON . type DUTOK_SEMICOLON var_set_block
   36 type: . ordtype
   37     | . structtype
   38     | . DUTOK_IDENTIFIER
   39 ordtype: . ordconst DUTOK_DOTDOT ordconst
   40 structtype: . DUTOK_ARRAY DUTOK_LSBRA ordtype_list DUTOK_RSBRA DUTOK_OF type
   91 ordconst: . DUTOK_OPER_SIGNADD DUTOK_IDENTIFIER
   92         | . DUTOK_OPER_SIGNADD DUTOK_UINT
   93         | . DUTOK_UINT
   94         | . DUTOK_IDENTIFIER

    DUTOK_ARRAY         shift, and go to state 49
    DUTOK_IDENTIFIER    shift, and go to state 50
    DUTOK_UINT          shift, and go to state 51
    DUTOK_OPER_SIGNADD  shift, and go to state 52

    type        go to state 73
    ordtype     go to state 54
    structtype  go to state 55
    ordconst    go to state 56


state 60

   28 procfunc_header: DUTOK_PROCEDURE DUTOK_IDENTIFIER . params_opt
   30 params_opt: .  [DUTOK_SEMICOLON]
   31           | . DUTOK_LPAR params DUTOK_RPAR

    DUTOK_LPAR  shift, and go to state 74

    $default  reduce using rule 30 (params_opt)

    params_opt  go to state 75


state 61

   29 procfunc_header: DUTOK_FUNCTION DUTOK_IDENTIFIER . params_opt DUTOK_COLON DUTOK_IDENTIFIER
   30 params_opt: .  [DUTOK_COLON]
   31           | . DUTOK_LPAR params DUTOK_RPAR

    DUTOK_LPAR  shift, and go to state 74

    $default  reduce using rule 30 (params_opt)

    params_opt  go to state 76


state 62

   26 begin_cmd_end_block: DUTOK_BEGIN . cmd_list DUTOK_END
   44 cmd: . ecf
   45    | . enf
   46 cmd_list: . cmd
   47         | . cmd_list DUTOK_SEMICOLON cmd
   48 ecf: . DUTOK_GOTO DUTOK_UINT
   49    | . DUTOK_IF expr DUTOK_THEN ecf DUTOK_ELSE ecf
   50    | . DUTOK_WHILE expr DUTOK_DO ecf
   51    | . DUTOK_REPEAT cmd_list DUTOK_UNTIL expr
   52    | . DUTOK_FOR DUTOK_IDENTIFIER DUTOK_ASSIGN expr DUTOK_FOR_DIRECTION expr DUTOK_DO ecf
   53    | . DUTOK_IDENTIFIER concrete_params_opt
   54    | . DUTOK_UINT DUTOK_COLON ecf
   55    | . var DUTOK_ASSIGN expr
   56    | . DUTOK_BEGIN cmd_list DUTOK_END
   57    | .  [DUTOK_END, DUTOK_SEMICOLON]
   58 enf: . DUTOK_IF expr DUTOK_THEN cmd
   59    | . DUTOK_WHILE expr DUTOK_DO enf
   60    | . DUTOK_IF expr DUTOK_THEN ecf DUTOK_ELSE enf
   61    | . DUTOK_FOR DUTOK_IDENTIFIER DUTOK_ASSIGN expr DUTOK_FOR_DIRECTION expr DUTOK_DO enf
   62    | . DUTOK_UINT DUTOK_COLON enf
   63 var: . DUTOK_IDENTIFIER
   64    | . var DUTOK_LSBRA expr_cycle DUTOK_RSBRA

    DUTOK_BEGIN       shift, and go to state 77
    DUTOK_GOTO        shift, and go to state 78
    DUTOK_IF          shift, and go to state 79
    DUTOK_WHILE       shift, and go to state 80
    DUTOK_REPEAT      shift, and go to state 81
    DUTOK_FOR         shift, and go to state 82
    DUTOK_IDENTIFIER  shift, and go to state 83
    DUTOK_UINT        shift, and go to state 84

    $default  reduce using rule 57 (ecf)

    cmd       go to state 85
    cmd_list  go to state 86
    ecf       go to state 87
    enf       go to state 88
    var       go to state 89


state 63

    2 program_block: label_block const_def_block type_def_block var_def_block procfunc_def_block begin_cmd_end_block .

    $default  reduce using rule 2 (program_block)


state 64

    3 label_block: .  [DUTOK_CONST, DUTOK_TYPE, DUTOK_VAR, DUTOK_BEGIN]
    4            | . DUTOK_LABEL label_name_block DUTOK_SEMICOLON
   25 procfunc_def_block: procfunc_header DUTOK_SEMICOLON . block DUTOK_SEMICOLON procfunc_def_block
   27 block: . label_block const_def_block type_def_block var_def_block begin_cmd_end_block

    DUTOK_LABEL  shift, and go to state 6

    $default  reduce using rule 3 (label_block)

    label_block  go to state 90
    block        go to state 91


state 65

   10 const_set_block: const_set_block DUTOK_IDENTIFIER DUTOK_EQ constant DUTOK_SEMICOLON .

    $default  reduce using rule 10 (const_set_block)


state 66

   39 ordtype: . ordconst DUTOK_DOTDOT ordconst
   40 structtype: DUTOK_ARRAY DUTOK_LSBRA . ordtype_list DUTOK_RSBRA DUTOK_OF type
   41 ordtype_list: . ordtype
   42             | . DUTOK_IDENTIFIER
   43             | . ordtype_list DUTOK_COMMA ordtype
   91 ordconst: . DUTOK_OPER_SIGNADD DUTOK_IDENTIFIER
   92         | . DUTOK_OPER_SIGNADD DUTOK_UINT
   93         | . DUTOK_UINT
   94         | . DUTOK_IDENTIFIER

    DUTOK_IDENTIFIER    shift, and go to state 92
    DUTOK_UINT          shift, and go to state 51
    DUTOK_OPER_SIGNADD  shift, and go to state 52

    ordtype       go to state 93
    ordtype_list  go to state 94
    ordconst      go to state 56


state 67

   91 ordconst: DUTOK_OPER_SIGNADD DUTOK_IDENTIFIER .

    $default  reduce using rule 91 (ordconst)


state 68

   92 ordconst: DUTOK_OPER_SIGNADD DUTOK_UINT .

    $default  reduce using rule 92 (ordconst)


state 69

   16 type_set_block: DUTOK_IDENTIFIER DUTOK_EQ type DUTOK_SEMICOLON .

    $default  reduce using rule 16 (type_set_block)


state 70

   39 ordtype: ordconst DUTOK_DOTDOT . ordconst
   91 ordconst: . DUTOK_OPER_SIGNADD DUTOK_IDENTIFIER
   92         | . DUTOK_OPER_SIGNADD DUTOK_UINT
   93         | . DUTOK_UINT
   94         | . DUTOK_IDENTIFIER

    DUTOK_IDENTIFIER    shift, and go to state 95
    DUTOK_UINT          shift, and go to state 51
    DUTOK_OPER_SIGNADD  shift, and go to state 52

    ordconst  go to state 96


state 71

   17 type_set_block: type_set_block DUTOK_IDENTIFIER DUTOK_EQ type . DUTOK_SEMICOLON

    DUTOK_SEMICOLON  shift, and go to state 97


state 72

   23 ident_list: ident_list DUTOK_COMMA DUTOK_IDENTIFIER .

    $default  reduce using rule 23 (ident_list)


state 73

   20 var_set_block: ident_list DUTOK_COLON type . DUTOK_SEMICOLON
   21              | ident_list DUTOK_COLON type . DUTOK_SEMICOLON var_set_block

    DUTOK_SEMICOLON  shift, and go to state 98


state 74

   31 params_opt: DUTOK_LPAR . params DUTOK_RPAR
   32 params: . var_opt ident_list DUTOK_COLON DUTOK_IDENTIFIER
   33       | . var_opt ident_list DUTOK_COLON DUTOK_IDENTIFIER DUTOK_SEMICOLON params
   34 var_opt: .  [DUTOK_IDENTIFIER]
   35        | . DUTOK_VAR

    DUTOK_VAR  shift, and go to state 99

    $default  reduce using rule 34 (var_opt)

    params   go to state 100
    var_opt  go to state 101


state 75

   28 procfunc_header: DUTOK_PROCEDURE DUTOK_IDENTIFIER params_opt .

    $default  reduce using rule 28 (procfunc_header)


state 76

   29 procfunc_header: DUTOK_FUNCTION DUTOK_IDENTIFIER params_opt . DUTOK_COLON DUTOK_IDENTIFIER

    DUTOK_COLON  shift, and go to state 102


state 77

   44 cmd: . ecf
   45    | . enf
   46 cmd_list: . cmd
   47         | . cmd_list DUTOK_SEMICOLON cmd
   48 ecf: . DUTOK_GOTO DUTOK_UINT
   49    | . DUTOK_IF expr DUTOK_THEN ecf DUTOK_ELSE ecf
   50    | . DUTOK_WHILE expr DUTOK_DO ecf
   51    | . DUTOK_REPEAT cmd_list DUTOK_UNTIL expr
   52    | . DUTOK_FOR DUTOK_IDENTIFIER DUTOK_ASSIGN expr DUTOK_FOR_DIRECTION expr DUTOK_DO ecf
   53    | . DUTOK_IDENTIFIER concrete_params_opt
   54    | . DUTOK_UINT DUTOK_COLON ecf
   55    | . var DUTOK_ASSIGN expr
   56    | . DUTOK_BEGIN cmd_list DUTOK_END
   56    | DUTOK_BEGIN . cmd_list DUTOK_END
   57    | .  [DUTOK_END, DUTOK_SEMICOLON]
   58 enf: . DUTOK_IF expr DUTOK_THEN cmd
   59    | . DUTOK_WHILE expr DUTOK_DO enf
   60    | . DUTOK_IF expr DUTOK_THEN ecf DUTOK_ELSE enf
   61    | . DUTOK_FOR DUTOK_IDENTIFIER DUTOK_ASSIGN expr DUTOK_FOR_DIRECTION expr DUTOK_DO enf
   62    | . DUTOK_UINT DUTOK_COLON enf
   63 var: . DUTOK_IDENTIFIER
   64    | . var DUTOK_LSBRA expr_cycle DUTOK_RSBRA

    DUTOK_BEGIN       shift, and go to state 77
    DUTOK_GOTO        shift, and go to state 78
    DUTOK_IF          shift, and go to state 79
    DUTOK_WHILE       shift, and go to state 80
    DUTOK_REPEAT      shift, and go to state 81
    DUTOK_FOR         shift, and go to state 82
    DUTOK_IDENTIFIER  shift, and go to state 83
    DUTOK_UINT        shift, and go to state 84

    $default  reduce using rule 57 (ecf)

    cmd       go to state 85
    cmd_list  go to state 103
    ecf       go to state 87
    enf       go to state 88
    var       go to state 89


state 78

   48 ecf: DUTOK_GOTO . DUTOK_UINT

    DUTOK_UINT  shift, and go to state 104


state 79

   49 ecf: DUTOK_IF . expr DUTOK_THEN ecf DUTOK_ELSE ecf
   58 enf: DUTOK_IF . expr DUTOK_THEN cmd
   60    | DUTOK_IF . expr DUTOK_THEN ecf DUTOK_ELSE enf
   63 var: . DUTOK_IDENTIFIER
   64    | . var DUTOK_LSBRA expr_cycle DUTOK_RSBRA
   69 expr: . simple_expr
   70     | . simple_expr DUTOK_OPER_REL simple_expr
   71     | . simple_expr DUTOK_EQ simple_expr
   74 simple_expr: . term_cycle
   75            | . DUTOK_OPER_SIGNADD term_cycle
   76 term_cycle: . term DUTOK_OPER_SIGNADD term_cycle
   77           | . term DUTOK_OR term_cycle
   78           | . term
   79 term: . factor
   80     | . factor DUTOK_OPER_MUL term
   81 factor: . u_constant_no_ident
   82       | . var
   83       | . DUTOK_IDENTIFIER DUTOK_LPAR concrete_params DUTOK_RPAR
   84       | . DUTOK_LPAR expr DUTOK_RPAR
   85       | . DUTOK_NOT factor
   88 u_constant_no_ident: . DUTOK_UINT
   89                    | . DUTOK_REAL
   90                    | . DUTOK_STRING

    DUTOK_NOT           shift, and go to state 105
    DUTOK_IDENTIFIER    shift, and go to state 106
    DUTOK_UINT          shift, and go to state 28
    DUTOK_REAL          shift, and go to state 29
    DUTOK_STRING        shift, and go to state 30
    DUTOK_LPAR          shift, and go to state 107
    DUTOK_OPER_SIGNADD  shift, and go to state 108

    var                  go to state 109
    expr                 go to state 110
    simple_expr          go to state 111
    term_cycle           go to state 112
    term                 go to state 113
    factor               go to state 114
    u_constant_no_ident  go to state 115


state 80

   50 ecf: DUTOK_WHILE . expr DUTOK_DO ecf
   59 enf: DUTOK_WHILE . expr DUTOK_DO enf
   63 var: . DUTOK_IDENTIFIER
   64    | . var DUTOK_LSBRA expr_cycle DUTOK_RSBRA
   69 expr: . simple_expr
   70     | . simple_expr DUTOK_OPER_REL simple_expr
   71     | . simple_expr DUTOK_EQ simple_expr
   74 simple_expr: . term_cycle
   75            | . DUTOK_OPER_SIGNADD term_cycle
   76 term_cycle: . term DUTOK_OPER_SIGNADD term_cycle
   77           | . term DUTOK_OR term_cycle
   78           | . term
   79 term: . factor
   80     | . factor DUTOK_OPER_MUL term
   81 factor: . u_constant_no_ident
   82       | . var
   83       | . DUTOK_IDENTIFIER DUTOK_LPAR concrete_params DUTOK_RPAR
   84       | . DUTOK_LPAR expr DUTOK_RPAR
   85       | . DUTOK_NOT factor
   88 u_constant_no_ident: . DUTOK_UINT
   89                    | . DUTOK_REAL
   90                    | . DUTOK_STRING

    DUTOK_NOT           shift, and go to state 105
    DUTOK_IDENTIFIER    shift, and go to state 106
    DUTOK_UINT          shift, and go to state 28
    DUTOK_REAL          shift, and go to state 29
    DUTOK_STRING        shift, and go to state 30
    DUTOK_LPAR          shift, and go to state 107
    DUTOK_OPER_SIGNADD  shift, and go to state 108

    var                  go to state 109
    expr                 go to state 116
    simple_expr          go to state 111
    term_cycle           go to state 112
    term                 go to state 113
    factor               go to state 114
    u_constant_no_ident  go to state 115


state 81

   44 cmd: . ecf
   45    | . enf
   46 cmd_list: . cmd
   47         | . cmd_list DUTOK_SEMICOLON cmd
   48 ecf: . DUTOK_GOTO DUTOK_UINT
   49    | . DUTOK_IF expr DUTOK_THEN ecf DUTOK_ELSE ecf
   50    | . DUTOK_WHILE expr DUTOK_DO ecf
   51    | . DUTOK_REPEAT cmd_list DUTOK_UNTIL expr
   51    | DUTOK_REPEAT . cmd_list DUTOK_UNTIL expr
   52    | . DUTOK_FOR DUTOK_IDENTIFIER DUTOK_ASSIGN expr DUTOK_FOR_DIRECTION expr DUTOK_DO ecf
   53    | . DUTOK_IDENTIFIER concrete_params_opt
   54    | . DUTOK_UINT DUTOK_COLON ecf
   55    | . var DUTOK_ASSIGN expr
   56    | . DUTOK_BEGIN cmd_list DUTOK_END
   57    | .  [DUTOK_UNTIL, DUTOK_SEMICOLON]
   58 enf: . DUTOK_IF expr DUTOK_THEN cmd
   59    | . DUTOK_WHILE expr DUTOK_DO enf
   60    | . DUTOK_IF expr DUTOK_THEN ecf DUTOK_ELSE enf
   61    | . DUTOK_FOR DUTOK_IDENTIFIER DUTOK_ASSIGN expr DUTOK_FOR_DIRECTION expr DUTOK_DO enf
   62    | . DUTOK_UINT DUTOK_COLON enf
   63 var: . DUTOK_IDENTIFIER
   64    | . var DUTOK_LSBRA expr_cycle DUTOK_RSBRA

    DUTOK_BEGIN       shift, and go to state 77
    DUTOK_GOTO        shift, and go to state 78
    DUTOK_IF          shift, and go to state 79
    DUTOK_WHILE       shift, and go to state 80
    DUTOK_REPEAT      shift, and go to state 81
    DUTOK_FOR         shift, and go to state 82
    DUTOK_IDENTIFIER  shift, and go to state 83
    DUTOK_UINT        shift, and go to state 84

    $default  reduce using rule 57 (ecf)

    cmd       go to state 85
    cmd_list  go to state 117
    ecf       go to state 87
    enf       go to state 88
    var       go to state 89


state 82

   52 ecf: DUTOK_FOR . DUTOK_IDENTIFIER DUTOK_ASSIGN expr DUTOK_FOR_DIRECTION expr DUTOK_DO ecf
   61 enf: DUTOK_FOR . DUTOK_IDENTIFIER DUTOK_ASSIGN expr DUTOK_FOR_DIRECTION expr DUTOK_DO enf

    DUTOK_IDENTIFIER  shift, and go to state 118


state 83

   53 ecf: DUTOK_IDENTIFIER . concrete_params_opt
   63 var: DUTOK_IDENTIFIER .  [DUTOK_LSBRA, DUTOK_ASSIGN]
   65 concrete_params_opt: .  [DUTOK_END, DUTOK_ELSE, DUTOK_UNTIL, DUTOK_SEMICOLON]
   66                    | . DUTOK_LPAR concrete_params DUTOK_RPAR

    DUTOK_LPAR  shift, and go to state 119

    DUTOK_LSBRA   reduce using rule 63 (var)
    DUTOK_ASSIGN  reduce using rule 63 (var)
    $default      reduce using rule 65 (concrete_params_opt)

    concrete_params_opt  go to state 120


state 84

   54 ecf: DUTOK_UINT . DUTOK_COLON ecf
   62 enf: DUTOK_UINT . DUTOK_COLON enf

    DUTOK_COLON  shift, and go to state 121


state 85

   46 cmd_list: cmd .

    $default  reduce using rule 46 (cmd_list)


state 86

   26 begin_cmd_end_block: DUTOK_BEGIN cmd_list . DUTOK_END
   47 cmd_list: cmd_list . DUTOK_SEMICOLON cmd

    DUTOK_END        shift, and go to state 122
    DUTOK_SEMICOLON  shift, and go to state 123


state 87

   44 cmd: ecf .

    $default  reduce using rule 44 (cmd)


state 88

   45 cmd: enf .

    $default  reduce using rule 45 (cmd)


state 89

   55 ecf: var . DUTOK_ASSIGN expr
   64 var: var . DUTOK_LSBRA expr_cycle DUTOK_RSBRA

    DUTOK_LSBRA   shift, and go to state 124
    DUTOK_ASSIGN  shift, and go to state 125


state 90

    7 const_def_block: .  [DUTOK_TYPE, DUTOK_VAR, DUTOK_BEGIN]
    8                | . DUTOK_CONST const_set_block
   27 block: label_block . const_def_block type_def_block var_def_block begin_cmd_end_block

    DUTOK_CONST  shift, and go to state 12

    $default  reduce using rule 7 (const_def_block)

    const_def_block  go to state 126


state 91

   25 procfunc_def_block: procfunc_header DUTOK_SEMICOLON block . DUTOK_SEMICOLON procfunc_def_block

    DUTOK_SEMICOLON  shift, and go to state 127


state 92

   42 ordtype_list: DUTOK_IDENTIFIER .  [DUTOK_COMMA, DUTOK_RSBRA]
   94 ordconst: DUTOK_IDENTIFIER .  [DUTOK_DOTDOT]

    DUTOK_DOTDOT  reduce using rule 94 (ordconst)
    $default      reduce using rule 42 (ordtype_list)


state 93

   41 ordtype_list: ordtype .

    $default  reduce using rule 41 (ordtype_list)


state 94

   40 structtype: DUTOK_ARRAY DUTOK_LSBRA ordtype_list . DUTOK_RSBRA DUTOK_OF type
   43 ordtype_list: ordtype_list . DUTOK_COMMA ordtype

    DUTOK_COMMA  shift, and go to state 128
    DUTOK_RSBRA  shift, and go to state 129


state 95

   94 ordconst: DUTOK_IDENTIFIER .

    $default  reduce using rule 94 (ordconst)


state 96

   39 ordtype: ordconst DUTOK_DOTDOT ordconst .

    $default  reduce using rule 39 (ordtype)


state 97

   17 type_set_block: type_set_block DUTOK_IDENTIFIER DUTOK_EQ type DUTOK_SEMICOLON .

    $default  reduce using rule 17 (type_set_block)


state 98

   20 var_set_block: . ident_list DUTOK_COLON type DUTOK_SEMICOLON
   20              | ident_list DUTOK_COLON type DUTOK_SEMICOLON .  [DUTOK_BEGIN, DUTOK_PROCEDURE, DUTOK_FUNCTION]
   21              | . ident_list DUTOK_COLON type DUTOK_SEMICOLON var_set_block
   21              | ident_list DUTOK_COLON type DUTOK_SEMICOLON . var_set_block
   22 ident_list: . DUTOK_IDENTIFIER
   23           | . ident_list DUTOK_COMMA DUTOK_IDENTIFIER

    DUTOK_IDENTIFIER  shift, and go to state 38

    $default  reduce using rule 20 (var_set_block)

    var_set_block  go to state 130
    ident_list     go to state 40


state 99

   35 var_opt: DUTOK_VAR .

    $default  reduce using rule 35 (var_opt)


state 100

   31 params_opt: DUTOK_LPAR params . DUTOK_RPAR

    DUTOK_RPAR  shift, and go to state 131


state 101

   22 ident_list: . DUTOK_IDENTIFIER
   23           | . ident_list DUTOK_COMMA DUTOK_IDENTIFIER
   32 params: var_opt . ident_list DUTOK_COLON DUTOK_IDENTIFIER
   33       | var_opt . ident_list DUTOK_COLON DUTOK_IDENTIFIER DUTOK_SEMICOLON params

    DUTOK_IDENTIFIER  shift, and go to state 38

    ident_list  go to state 132


state 102

   29 procfunc_header: DUTOK_FUNCTION DUTOK_IDENTIFIER params_opt DUTOK_COLON . DUTOK_IDENTIFIER

    DUTOK_IDENTIFIER  shift, and go to state 133


state 103

   47 cmd_list: cmd_list . DUTOK_SEMICOLON cmd
   56 ecf: DUTOK_BEGIN cmd_list . DUTOK_END

    DUTOK_END        shift, and go to state 134
    DUTOK_SEMICOLON  shift, and go to state 123


state 104

   48 ecf: DUTOK_GOTO DUTOK_UINT .

    $default  reduce using rule 48 (ecf)


state 105

   63 var: . DUTOK_IDENTIFIER
   64    | . var DUTOK_LSBRA expr_cycle DUTOK_RSBRA
   81 factor: . u_constant_no_ident
   82       | . var
   83       | . DUTOK_IDENTIFIER DUTOK_LPAR concrete_params DUTOK_RPAR
   84       | . DUTOK_LPAR expr DUTOK_RPAR
   85       | . DUTOK_NOT factor
   85       | DUTOK_NOT . factor
   88 u_constant_no_ident: . DUTOK_UINT
   89                    | . DUTOK_REAL
   90                    | . DUTOK_STRING

    DUTOK_NOT         shift, and go to state 105
    DUTOK_IDENTIFIER  shift, and go to state 106
    DUTOK_UINT        shift, and go to state 28
    DUTOK_REAL        shift, and go to state 29
    DUTOK_STRING      shift, and go to state 30
    DUTOK_LPAR        shift, and go to state 107

    var                  go to state 109
    factor               go to state 135
    u_constant_no_ident  go to state 115


state 106

   63 var: DUTOK_IDENTIFIER .  [DUTOK_END, DUTOK_THEN, DUTOK_ELSE, DUTOK_DO, DUTOK_UNTIL, DUTOK_OR, DUTOK_SEMICOLON, DUTOK_COMMA, DUTOK_EQ, DUTOK_RPAR, DUTOK_LSBRA, DUTOK_RSBRA, DUTOK_OPER_REL, DUTOK_OPER_SIGNADD, DUTOK_OPER_MUL, DUTOK_FOR_DIRECTION]
   83 factor: DUTOK_IDENTIFIER . DUTOK_LPAR concrete_params DUTOK_RPAR

    DUTOK_LPAR  shift, and go to state 136

    $default  reduce using rule 63 (var)


state 107

   63 var: . DUTOK_IDENTIFIER
   64    | . var DUTOK_LSBRA expr_cycle DUTOK_RSBRA
   69 expr: . simple_expr
   70     | . simple_expr DUTOK_OPER_REL simple_expr
   71     | . simple_expr DUTOK_EQ simple_expr
   74 simple_expr: . term_cycle
   75            | . DUTOK_OPER_SIGNADD term_cycle
   76 term_cycle: . term DUTOK_OPER_SIGNADD term_cycle
   77           | . term DUTOK_OR term_cycle
   78           | . term
   79 term: . factor
   80     | . factor DUTOK_OPER_MUL term
   81 factor: . u_constant_no_ident
   82       | . var
   83       | . DUTOK_IDENTIFIER DUTOK_LPAR concrete_params DUTOK_RPAR
   84       | . DUTOK_LPAR expr DUTOK_RPAR
   84       | DUTOK_LPAR . expr DUTOK_RPAR
   85       | . DUTOK_NOT factor
   88 u_constant_no_ident: . DUTOK_UINT
   89                    | . DUTOK_REAL
   90                    | . DUTOK_STRING

    DUTOK_NOT           shift, and go to state 105
    DUTOK_IDENTIFIER    shift, and go to state 106
    DUTOK_UINT          shift, and go to state 28
    DUTOK_REAL          shift, and go to state 29
    DUTOK_STRING        shift, and go to state 30
    DUTOK_LPAR          shift, and go to state 107
    DUTOK_OPER_SIGNADD  shift, and go to state 108

    var                  go to state 109
    expr                 go to state 137
    simple_expr          go to state 111
    term_cycle           go to state 112
    term                 go to state 113
    factor               go to state 114
    u_constant_no_ident  go to state 115


state 108

   63 var: . DUTOK_IDENTIFIER
   64    | . var DUTOK_LSBRA expr_cycle DUTOK_RSBRA
   75 simple_expr: DUTOK_OPER_SIGNADD . term_cycle
   76 term_cycle: . term DUTOK_OPER_SIGNADD term_cycle
   77           | . term DUTOK_OR term_cycle
   78           | . term
   79 term: . factor
   80     | . factor DUTOK_OPER_MUL term
   81 factor: . u_constant_no_ident
   82       | . var
   83       | . DUTOK_IDENTIFIER DUTOK_LPAR concrete_params DUTOK_RPAR
   84       | . DUTOK_LPAR expr DUTOK_RPAR
   85       | . DUTOK_NOT factor
   88 u_constant_no_ident: . DUTOK_UINT
   89                    | . DUTOK_REAL
   90                    | . DUTOK_STRING

    DUTOK_NOT         shift, and go to state 105
    DUTOK_IDENTIFIER  shift, and go to state 106
    DUTOK_UINT        shift, and go to state 28
    DUTOK_REAL        shift, and go to state 29
    DUTOK_STRING      shift, and go to state 30
    DUTOK_LPAR        shift, and go to state 107

    var                  go to state 109
    term_cycle           go to state 138
    term                 go to state 113
    factor               go to state 114
    u_constant_no_ident  go to state 115


state 109

   64 var: var . DUTOK_LSBRA expr_cycle DUTOK_RSBRA
   82 factor: var .  [DUTOK_END, DUTOK_THEN, DUTOK_ELSE, DUTOK_DO, DUTOK_UNTIL, DUTOK_OR, DUTOK_SEMICOLON, DUTOK_COMMA, DUTOK_EQ, DUTOK_RPAR, DUTOK_RSBRA, DUTOK_OPER_REL, DUTOK_OPER_SIGNADD, DUTOK_OPER_MUL, DUTOK_FOR_DIRECTION]

    DUTOK_LSBRA  shift, and go to state 124

    $default  reduce using rule 82 (factor)


state 110

   49 ecf: DUTOK_IF expr . DUTOK_THEN ecf DUTOK_ELSE ecf
   58 enf: DUTOK_IF expr . DUTOK_THEN cmd
   60    | DUTOK_IF expr . DUTOK_THEN ecf DUTOK_ELSE enf

    DUTOK_THEN  shift, and go to state 139


state 111

   69 expr: simple_expr .  [DUTOK_END, DUTOK_THEN, DUTOK_ELSE, DUTOK_DO, DUTOK_UNTIL, DUTOK_SEMICOLON, DUTOK_COMMA, DUTOK_RPAR, DUTOK_RSBRA, DUTOK_FOR_DIRECTION]
   70     | simple_expr . DUTOK_OPER_REL simple_expr
   71     | simple_expr . DUTOK_EQ simple_expr

    DUTOK_EQ        shift, and go to state 140
    DUTOK_OPER_REL  shift, and go to state 141

    $default  reduce using rule 69 (expr)


state 112

   74 simple_expr: term_cycle .

    $default  reduce using rule 74 (simple_expr)


state 113

   76 term_cycle: term . DUTOK_OPER_SIGNADD term_cycle
   77           | term . DUTOK_OR term_cycle
   78           | term .  [DUTOK_END, DUTOK_THEN, DUTOK_ELSE, DUTOK_DO, DUTOK_UNTIL, DUTOK_SEMICOLON, DUTOK_COMMA, DUTOK_EQ, DUTOK_RPAR, DUTOK_RSBRA, DUTOK_OPER_REL, DUTOK_FOR_DIRECTION]

    DUTOK_OR            shift, and go to state 142
    DUTOK_OPER_SIGNADD  shift, and go to state 143

    $default  reduce using rule 78 (term_cycle)


state 114

   79 term: factor .  [DUTOK_END, DUTOK_THEN, DUTOK_ELSE, DUTOK_DO, DUTOK_UNTIL, DUTOK_OR, DUTOK_SEMICOLON, DUTOK_COMMA, DUTOK_EQ, DUTOK_RPAR, DUTOK_RSBRA, DUTOK_OPER_REL, DUTOK_OPER_SIGNADD, DUTOK_FOR_DIRECTION]
   80     | factor . DUTOK_OPER_MUL term

    DUTOK_OPER_MUL  shift, and go to state 144

    $default  reduce using rule 79 (term)


state 115

   81 factor: u_constant_no_ident .

    $default  reduce using rule 81 (factor)


state 116

   50 ecf: DUTOK_WHILE expr . DUTOK_DO ecf
   59 enf: DUTOK_WHILE expr . DUTOK_DO enf

    DUTOK_DO  shift, and go to state 145


state 117

   47 cmd_list: cmd_list . DUTOK_SEMICOLON cmd
   51 ecf: DUTOK_REPEAT cmd_list . DUTOK_UNTIL expr

    DUTOK_UNTIL      shift, and go to state 146
    DUTOK_SEMICOLON  shift, and go to state 123


state 118

   52 ecf: DUTOK_FOR DUTOK_IDENTIFIER . DUTOK_ASSIGN expr DUTOK_FOR_DIRECTION expr DUTOK_DO ecf
   61 enf: DUTOK_FOR DUTOK_IDENTIFIER . DUTOK_ASSIGN expr DUTOK_FOR_DIRECTION expr DUTOK_DO enf

    DUTOK_ASSIGN  shift, and go to state 147


state 119

   63 var: . DUTOK_IDENTIFIER
   64    | . var DUTOK_LSBRA expr_cycle DUTOK_RSBRA
   66 concrete_params_opt: DUTOK_LPAR . concrete_params DUTOK_RPAR
   67 concrete_params: . expr
   68                | . expr DUTOK_COMMA concrete_params
   69 expr: . simple_expr
   70     | . simple_expr DUTOK_OPER_REL simple_expr
   71     | . simple_expr DUTOK_EQ simple_expr
   74 simple_expr: . term_cycle
   75            | . DUTOK_OPER_SIGNADD term_cycle
   76 term_cycle: . term DUTOK_OPER_SIGNADD term_cycle
   77           | . term DUTOK_OR term_cycle
   78           | . term
   79 term: . factor
   80     | . factor DUTOK_OPER_MUL term
   81 factor: . u_constant_no_ident
   82       | . var
   83       | . DUTOK_IDENTIFIER DUTOK_LPAR concrete_params DUTOK_RPAR
   84       | . DUTOK_LPAR expr DUTOK_RPAR
   85       | . DUTOK_NOT factor
   88 u_constant_no_ident: . DUTOK_UINT
   89                    | . DUTOK_REAL
   90                    | . DUTOK_STRING

    DUTOK_NOT           shift, and go to state 105
    DUTOK_IDENTIFIER    shift, and go to state 106
    DUTOK_UINT          shift, and go to state 28
    DUTOK_REAL          shift, and go to state 29
    DUTOK_STRING        shift, and go to state 30
    DUTOK_LPAR          shift, and go to state 107
    DUTOK_OPER_SIGNADD  shift, and go to state 108

    var                  go to state 109
    concrete_params      go to state 148
    expr                 go to state 149
    simple_expr          go to state 111
    term_cycle           go to state 112
    term                 go to state 113
    factor               go to state 114
    u_constant_no_ident  go to state 115


state 120

   53 ecf: DUTOK_IDENTIFIER concrete_params_opt .

    $default  reduce using rule 53 (ecf)


state 121

   48 ecf: . DUTOK_GOTO DUTOK_UINT
   49    | . DUTOK_IF expr DUTOK_THEN ecf DUTOK_ELSE ecf
   50    | . DUTOK_WHILE expr DUTOK_DO ecf
   51    | . DUTOK_REPEAT cmd_list DUTOK_UNTIL expr
   52    | . DUTOK_FOR DUTOK_IDENTIFIER DUTOK_ASSIGN expr DUTOK_FOR_DIRECTION expr DUTOK_DO ecf
   53    | . DUTOK_IDENTIFIER concrete_params_opt
   54    | . DUTOK_UINT DUTOK_COLON ecf
   54    | DUTOK_UINT DUTOK_COLON . ecf
   55    | . var DUTOK_ASSIGN expr
   56    | . DUTOK_BEGIN cmd_list DUTOK_END
   57    | .  [DUTOK_END, DUTOK_ELSE, DUTOK_UNTIL, DUTOK_SEMICOLON]
   58 enf: . DUTOK_IF expr DUTOK_THEN cmd
   59    | . DUTOK_WHILE expr DUTOK_DO enf
   60    | . DUTOK_IF expr DUTOK_THEN ecf DUTOK_ELSE enf
   61    | . DUTOK_FOR DUTOK_IDENTIFIER DUTOK_ASSIGN expr DUTOK_FOR_DIRECTION expr DUTOK_DO enf
   62    | . DUTOK_UINT DUTOK_COLON enf
   62    | DUTOK_UINT DUTOK_COLON . enf
   63 var: . DUTOK_IDENTIFIER
   64    | . var DUTOK_LSBRA expr_cycle DUTOK_RSBRA

    DUTOK_BEGIN       shift, and go to state 77
    DUTOK_GOTO        shift, and go to state 78
    DUTOK_IF          shift, and go to state 79
    DUTOK_WHILE       shift, and go to state 80
    DUTOK_REPEAT      shift, and go to state 81
    DUTOK_FOR         shift, and go to state 82
    DUTOK_IDENTIFIER  shift, and go to state 83
    DUTOK_UINT        shift, and go to state 84

    $default  reduce using rule 57 (ecf)

    ecf  go to state 150
    enf  go to state 151
    var  go to state 89


state 122

   26 begin_cmd_end_block: DUTOK_BEGIN cmd_list DUTOK_END .

    $default  reduce using rule 26 (begin_cmd_end_block)


state 123

   44 cmd: . ecf
   45    | . enf
   47 cmd_list: cmd_list DUTOK_SEMICOLON . cmd
   48 ecf: . DUTOK_GOTO DUTOK_UINT
   49    | . DUTOK_IF expr DUTOK_THEN ecf DUTOK_ELSE ecf
   50    | . DUTOK_WHILE expr DUTOK_DO ecf
   51    | . DUTOK_REPEAT cmd_list DUTOK_UNTIL expr
   52    | . DUTOK_FOR DUTOK_IDENTIFIER DUTOK_ASSIGN expr DUTOK_FOR_DIRECTION expr DUTOK_DO ecf
   53    | . DUTOK_IDENTIFIER concrete_params_opt
   54    | . DUTOK_UINT DUTOK_COLON ecf
   55    | . var DUTOK_ASSIGN expr
   56    | . DUTOK_BEGIN cmd_list DUTOK_END
   57    | .  [DUTOK_END, DUTOK_UNTIL, DUTOK_SEMICOLON]
   58 enf: . DUTOK_IF expr DUTOK_THEN cmd
   59    | . DUTOK_WHILE expr DUTOK_DO enf
   60    | . DUTOK_IF expr DUTOK_THEN ecf DUTOK_ELSE enf
   61    | . DUTOK_FOR DUTOK_IDENTIFIER DUTOK_ASSIGN expr DUTOK_FOR_DIRECTION expr DUTOK_DO enf
   62    | . DUTOK_UINT DUTOK_COLON enf
   63 var: . DUTOK_IDENTIFIER
   64    | . var DUTOK_LSBRA expr_cycle DUTOK_RSBRA

    DUTOK_BEGIN       shift, and go to state 77
    DUTOK_GOTO        shift, and go to state 78
    DUTOK_IF          shift, and go to state 79
    DUTOK_WHILE       shift, and go to state 80
    DUTOK_REPEAT      shift, and go to state 81
    DUTOK_FOR         shift, and go to state 82
    DUTOK_IDENTIFIER  shift, and go to state 83
    DUTOK_UINT        shift, and go to state 84

    $default  reduce using rule 57 (ecf)

    cmd  go to state 152
    ecf  go to state 87
    enf  go to state 88
    var  go to state 89


state 124

   63 var: . DUTOK_IDENTIFIER
   64    | . var DUTOK_LSBRA expr_cycle DUTOK_RSBRA
   64    | var DUTOK_LSBRA . expr_cycle DUTOK_RSBRA
   69 expr: . simple_expr
   70     | . simple_expr DUTOK_OPER_REL simple_expr
   71     | . simple_expr DUTOK_EQ simple_expr
   72 expr_cycle: . expr
   73           | . expr_cycle DUTOK_COMMA expr
   74 simple_expr: . term_cycle
   75            | . DUTOK_OPER_SIGNADD term_cycle
   76 term_cycle: . term DUTOK_OPER_SIGNADD term_cycle
   77           | . term DUTOK_OR term_cycle
   78           | . term
   79 term: . factor
   80     | . factor DUTOK_OPER_MUL term
   81 factor: . u_constant_no_ident
   82       | . var
   83       | . DUTOK_IDENTIFIER DUTOK_LPAR concrete_params DUTOK_RPAR
   84       | . DUTOK_LPAR expr DUTOK_RPAR
   85       | . DUTOK_NOT factor
   88 u_constant_no_ident: . DUTOK_UINT
   89                    | . DUTOK_REAL
   90                    | . DUTOK_STRING

    DUTOK_NOT           shift, and go to state 105
    DUTOK_IDENTIFIER    shift, and go to state 106
    DUTOK_UINT          shift, and go to state 28
    DUTOK_REAL          shift, and go to state 29
    DUTOK_STRING        shift, and go to state 30
    DUTOK_LPAR          shift, and go to state 107
    DUTOK_OPER_SIGNADD  shift, and go to state 108

    var                  go to state 109
    expr                 go to state 153
    expr_cycle           go to state 154
    simple_expr          go to state 111
    term_cycle           go to state 112
    term                 go to state 113
    factor               go to state 114
    u_constant_no_ident  go to state 115


state 125

   55 ecf: var DUTOK_ASSIGN . expr
   63 var: . DUTOK_IDENTIFIER
   64    | . var DUTOK_LSBRA expr_cycle DUTOK_RSBRA
   69 expr: . simple_expr
   70     | . simple_expr DUTOK_OPER_REL simple_expr
   71     | . simple_expr DUTOK_EQ simple_expr
   74 simple_expr: . term_cycle
   75            | . DUTOK_OPER_SIGNADD term_cycle
   76 term_cycle: . term DUTOK_OPER_SIGNADD term_cycle
   77           | . term DUTOK_OR term_cycle
   78           | . term
   79 term: . factor
   80     | . factor DUTOK_OPER_MUL term
   81 factor: . u_constant_no_ident
   82       | . var
   83       | . DUTOK_IDENTIFIER DUTOK_LPAR concrete_params DUTOK_RPAR
   84       | . DUTOK_LPAR expr DUTOK_RPAR
   85       | . DUTOK_NOT factor
   88 u_constant_no_ident: . DUTOK_UINT
   89                    | . DUTOK_REAL
   90                    | . DUTOK_STRING

    DUTOK_NOT           shift, and go to state 105
    DUTOK_IDENTIFIER    shift, and go to state 106
    DUTOK_UINT          shift, and go to state 28
    DUTOK_REAL          shift, and go to state 29
    DUTOK_STRING        shift, and go to state 30
    DUTOK_LPAR          shift, and go to state 107
    DUTOK_OPER_SIGNADD  shift, and go to state 108

    var                  go to state 109
    expr                 go to state 155
    simple_expr          go to state 111
    term_cycle           go to state 112
    term                 go to state 113
    factor               go to state 114
    u_constant_no_ident  go to state 115


state 126

   14 type_def_block: .  [DUTOK_VAR, DUTOK_BEGIN]
   15               | . DUTOK_TYPE type_set_block
   27 block: label_block const_def_block . type_def_block var_def_block begin_cmd_end_block

    DUTOK_TYPE  shift, and go to state 18

    $default  reduce using rule 14 (type_def_block)

    type_def_block  go to state 156


state 127

   24 procfunc_def_block: .  [DUTOK_BEGIN]
   25                   | . procfunc_header DUTOK_SEMICOLON block DUTOK_SEMICOLON procfunc_def_block
   25                   | procfunc_header DUTOK_SEMICOLON block DUTOK_SEMICOLON . procfunc_def_block
   28 procfunc_header: . DUTOK_PROCEDURE DUTOK_IDENTIFIER params_opt
   29                | . DUTOK_FUNCTION DUTOK_IDENTIFIER params_opt DUTOK_COLON DUTOK_IDENTIFIER

    DUTOK_PROCEDURE  shift, and go to state 41
    DUTOK_FUNCTION   shift, and go to state 42

    $default  reduce using rule 24 (procfunc_def_block)

    procfunc_def_block  go to state 157
    procfunc_header     go to state 44


state 128

   39 ordtype: . ordconst DUTOK_DOTDOT ordconst
   43 ordtype_list: ordtype_list DUTOK_COMMA . ordtype
   91 ordconst: . DUTOK_OPER_SIGNADD DUTOK_IDENTIFIER
   92         | . DUTOK_OPER_SIGNADD DUTOK_UINT
   93         | . DUTOK_UINT
   94         | . DUTOK_IDENTIFIER

    DUTOK_IDENTIFIER    shift, and go to state 95
    DUTOK_UINT          shift, and go to state 51
    DUTOK_OPER_SIGNADD  shift, and go to state 52

    ordtype   go to state 158
    ordconst  go to state 56


state 129

   40 structtype: DUTOK_ARRAY DUTOK_LSBRA ordtype_list DUTOK_RSBRA . DUTOK_OF type

    DUTOK_OF  shift, and go to state 159


state 130

   21 var_set_block: ident_list DUTOK_COLON type DUTOK_SEMICOLON var_set_block .

    $default  reduce using rule 21 (var_set_block)


state 131

   31 params_opt: DUTOK_LPAR params DUTOK_RPAR .

    $default  reduce using rule 31 (params_opt)


state 132

   23 ident_list: ident_list . DUTOK_COMMA DUTOK_IDENTIFIER
   32 params: var_opt ident_list . DUTOK_COLON DUTOK_IDENTIFIER
   33       | var_opt ident_list . DUTOK_COLON DUTOK_IDENTIFIER DUTOK_SEMICOLON params

    DUTOK_COMMA  shift, and go to state 58
    DUTOK_COLON  shift, and go to state 160


state 133

   29 procfunc_header: DUTOK_FUNCTION DUTOK_IDENTIFIER params_opt DUTOK_COLON DUTOK_IDENTIFIER .

    $default  reduce using rule 29 (procfunc_header)


state 134

   56 ecf: DUTOK_BEGIN cmd_list DUTOK_END .

    $default  reduce using rule 56 (ecf)


state 135

   85 factor: DUTOK_NOT factor .

    $default  reduce using rule 85 (factor)


state 136

   63 var: . DUTOK_IDENTIFIER
   64    | . var DUTOK_LSBRA expr_cycle DUTOK_RSBRA
   67 concrete_params: . expr
   68                | . expr DUTOK_COMMA concrete_params
   69 expr: . simple_expr
   70     | . simple_expr DUTOK_OPER_REL simple_expr
   71     | . simple_expr DUTOK_EQ simple_expr
   74 simple_expr: . term_cycle
   75            | . DUTOK_OPER_SIGNADD term_cycle
   76 term_cycle: . term DUTOK_OPER_SIGNADD term_cycle
   77           | . term DUTOK_OR term_cycle
   78           | . term
   79 term: . factor
   80     | . factor DUTOK_OPER_MUL term
   81 factor: . u_constant_no_ident
   82       | . var
   83       | . DUTOK_IDENTIFIER DUTOK_LPAR concrete_params DUTOK_RPAR
   83       | DUTOK_IDENTIFIER DUTOK_LPAR . concrete_params DUTOK_RPAR
   84       | . DUTOK_LPAR expr DUTOK_RPAR
   85       | . DUTOK_NOT factor
   88 u_constant_no_ident: . DUTOK_UINT
   89                    | . DUTOK_REAL
   90                    | . DUTOK_STRING

    DUTOK_NOT           shift, and go to state 105
    DUTOK_IDENTIFIER    shift, and go to state 106
    DUTOK_UINT          shift, and go to state 28
    DUTOK_REAL          shift, and go to state 29
    DUTOK_STRING        shift, and go to state 30
    DUTOK_LPAR          shift, and go to state 107
    DUTOK_OPER_SIGNADD  shift, and go to state 108

    var                  go to state 109
    concrete_params      go to state 161
    expr                 go to state 149
    simple_expr          go to state 111
    term_cycle           go to state 112
    term                 go to state 113
    factor               go to state 114
    u_constant_no_ident  go to state 115


state 137

   84 factor: DUTOK_LPAR expr . DUTOK_RPAR

    DUTOK_RPAR  shift, and go to state 162


state 138

   75 simple_expr: DUTOK_OPER_SIGNADD term_cycle .

    $default  reduce using rule 75 (simple_expr)


state 139

   44 cmd: . ecf
   45    | . enf
   48 ecf: . DUTOK_GOTO DUTOK_UINT
   49    | . DUTOK_IF expr DUTOK_THEN ecf DUTOK_ELSE ecf
   49    | DUTOK_IF expr DUTOK_THEN . ecf DUTOK_ELSE ecf
   50    | . DUTOK_WHILE expr DUTOK_DO ecf
   51    | . DUTOK_REPEAT cmd_list DUTOK_UNTIL expr
   52    | . DUTOK_FOR DUTOK_IDENTIFIER DUTOK_ASSIGN expr DUTOK_FOR_DIRECTION expr DUTOK_DO ecf
   53    | . DUTOK_IDENTIFIER concrete_params_opt
   54    | . DUTOK_UINT DUTOK_COLON ecf
   55    | . var DUTOK_ASSIGN expr
   56    | . DUTOK_BEGIN cmd_list DUTOK_END
   57    | .  [DUTOK_END, DUTOK_ELSE, DUTOK_UNTIL, DUTOK_SEMICOLON]
   58 enf: . DUTOK_IF expr DUTOK_THEN cmd
   58    | DUTOK_IF expr DUTOK_THEN . cmd
   59    | . DUTOK_WHILE expr DUTOK_DO enf
   60    | . DUTOK_IF expr DUTOK_THEN ecf DUTOK_ELSE enf
   60    | DUTOK_IF expr DUTOK_THEN . ecf DUTOK_ELSE enf
   61    | . DUTOK_FOR DUTOK_IDENTIFIER DUTOK_ASSIGN expr DUTOK_FOR_DIRECTION expr DUTOK_DO enf
   62    | . DUTOK_UINT DUTOK_COLON enf
   63 var: . DUTOK_IDENTIFIER
   64    | . var DUTOK_LSBRA expr_cycle DUTOK_RSBRA

    DUTOK_BEGIN       shift, and go to state 77
    DUTOK_GOTO        shift, and go to state 78
    DUTOK_IF          shift, and go to state 79
    DUTOK_WHILE       shift, and go to state 80
    DUTOK_REPEAT      shift, and go to state 81
    DUTOK_FOR         shift, and go to state 82
    DUTOK_IDENTIFIER  shift, and go to state 83
    DUTOK_UINT        shift, and go to state 84

    $default  reduce using rule 57 (ecf)

    cmd  go to state 163
    ecf  go to state 164
    enf  go to state 88
    var  go to state 89


state 140

   63 var: . DUTOK_IDENTIFIER
   64    | . var DUTOK_LSBRA expr_cycle DUTOK_RSBRA
   71 expr: simple_expr DUTOK_EQ . simple_expr
   74 simple_expr: . term_cycle
   75            | . DUTOK_OPER_SIGNADD term_cycle
   76 term_cycle: . term DUTOK_OPER_SIGNADD term_cycle
   77           | . term DUTOK_OR term_cycle
   78           | . term
   79 term: . factor
   80     | . factor DUTOK_OPER_MUL term
   81 factor: . u_constant_no_ident
   82       | . var
   83       | . DUTOK_IDENTIFIER DUTOK_LPAR concrete_params DUTOK_RPAR
   84       | . DUTOK_LPAR expr DUTOK_RPAR
   85       | . DUTOK_NOT factor
   88 u_constant_no_ident: . DUTOK_UINT
   89                    | . DUTOK_REAL
   90                    | . DUTOK_STRING

    DUTOK_NOT           shift, and go to state 105
    DUTOK_IDENTIFIER    shift, and go to state 106
    DUTOK_UINT          shift, and go to state 28
    DUTOK_REAL          shift, and go to state 29
    DUTOK_STRING        shift, and go to state 30
    DUTOK_LPAR          shift, and go to state 107
    DUTOK_OPER_SIGNADD  shift, and go to state 108

    var                  go to state 109
    simple_expr          go to state 165
    term_cycle           go to state 112
    term                 go to state 113
    factor               go to state 114
    u_constant_no_ident  go to state 115


state 141

   63 var: . DUTOK_IDENTIFIER
   64    | . var DUTOK_LSBRA expr_cycle DUTOK_RSBRA
   70 expr: simple_expr DUTOK_OPER_REL . simple_expr
   74 simple_expr: . term_cycle
   75            | . DUTOK_OPER_SIGNADD term_cycle
   76 term_cycle: . term DUTOK_OPER_SIGNADD term_cycle
   77           | . term DUTOK_OR term_cycle
   78           | . term
   79 term: . factor
   80     | . factor DUTOK_OPER_MUL term
   81 factor: . u_constant_no_ident
   82       | . var
   83       | . DUTOK_IDENTIFIER DUTOK_LPAR concrete_params DUTOK_RPAR
   84       | . DUTOK_LPAR expr DUTOK_RPAR
   85       | . DUTOK_NOT factor
   88 u_constant_no_ident: . DUTOK_UINT
   89                    | . DUTOK_REAL
   90                    | . DUTOK_STRING

    DUTOK_NOT           shift, and go to state 105
    DUTOK_IDENTIFIER    shift, and go to state 106
    DUTOK_UINT          shift, and go to state 28
    DUTOK_REAL          shift, and go to state 29
    DUTOK_STRING        shift, and go to state 30
    DUTOK_LPAR          shift, and go to state 107
    DUTOK_OPER_SIGNADD  shift, and go to state 108

    var                  go to state 109
    simple_expr          go to state 166
    term_cycle           go to state 112
    term                 go to state 113
    factor               go to state 114
    u_constant_no_ident  go to state 115


state 142

   63 var: . DUTOK_IDENTIFIER
   64    | . var DUTOK_LSBRA expr_cycle DUTOK_RSBRA
   76 term_cycle: . term DUTOK_OPER_SIGNADD term_cycle
   77           | . term DUTOK_OR term_cycle
   77           | term DUTOK_OR . term_cycle
   78           | . term
   79 term: . factor
   80     | . factor DUTOK_OPER_MUL term
   81 factor: . u_constant_no_ident
   82       | . var
   83       | . DUTOK_IDENTIFIER DUTOK_LPAR concrete_params DUTOK_RPAR
   84       | . DUTOK_LPAR expr DUTOK_RPAR
   85       | . DUTOK_NOT factor
   88 u_constant_no_ident: . DUTOK_UINT
   89                    | . DUTOK_REAL
   90                    | . DUTOK_STRING

    DUTOK_NOT         shift, and go to state 105
    DUTOK_IDENTIFIER  shift, and go to state 106
    DUTOK_UINT        shift, and go to state 28
    DUTOK_REAL        shift, and go to state 29
    DUTOK_STRING      shift, and go to state 30
    DUTOK_LPAR        shift, and go to state 107

    var                  go to state 109
    term_cycle           go to state 167
    term                 go to state 113
    factor               go to state 114
    u_constant_no_ident  go to state 115


state 143

   63 var: . DUTOK_IDENTIFIER
   64    | . var DUTOK_LSBRA expr_cycle DUTOK_RSBRA
   76 term_cycle: . term DUTOK_OPER_SIGNADD term_cycle
   76           | term DUTOK_OPER_SIGNADD . term_cycle
   77           | . term DUTOK_OR term_cycle
   78           | . term
   79 term: . factor
   80     | . factor DUTOK_OPER_MUL term
   81 factor: . u_constant_no_ident
   82       | . var
   83       | . DUTOK_IDENTIFIER DUTOK_LPAR concrete_params DUTOK_RPAR
   84       | . DUTOK_LPAR expr DUTOK_RPAR
   85       | . DUTOK_NOT factor
   88 u_constant_no_ident: . DUTOK_UINT
   89                    | . DUTOK_REAL
   90                    | . DUTOK_STRING

    DUTOK_NOT         shift, and go to state 105
    DUTOK_IDENTIFIER  shift, and go to state 106
    DUTOK_UINT        shift, and go to state 28
    DUTOK_REAL        shift, and go to state 29
    DUTOK_STRING      shift, and go to state 30
    DUTOK_LPAR        shift, and go to state 107

    var                  go to state 109
    term_cycle           go to state 168
    term                 go to state 113
    factor               go to state 114
    u_constant_no_ident  go to state 115


state 144

   63 var: . DUTOK_IDENTIFIER
   64    | . var DUTOK_LSBRA expr_cycle DUTOK_RSBRA
   79 term: . factor
   80     | . factor DUTOK_OPER_MUL term
   80     | factor DUTOK_OPER_MUL . term
   81 factor: . u_constant_no_ident
   82       | . var
   83       | . DUTOK_IDENTIFIER DUTOK_LPAR concrete_params DUTOK_RPAR
   84       | . DUTOK_LPAR expr DUTOK_RPAR
   85       | . DUTOK_NOT factor
   88 u_constant_no_ident: . DUTOK_UINT
   89                    | . DUTOK_REAL
   90                    | . DUTOK_STRING

    DUTOK_NOT         shift, and go to state 105
    DUTOK_IDENTIFIER  shift, and go to state 106
    DUTOK_UINT        shift, and go to state 28
    DUTOK_REAL        shift, and go to state 29
    DUTOK_STRING      shift, and go to state 30
    DUTOK_LPAR        shift, and go to state 107

    var                  go to state 109
    term                 go to state 169
    factor               go to state 114
    u_constant_no_ident  go to state 115


state 145

   48 ecf: . DUTOK_GOTO DUTOK_UINT
   49    | . DUTOK_IF expr DUTOK_THEN ecf DUTOK_ELSE ecf
   50    | . DUTOK_WHILE expr DUTOK_DO ecf
   50    | DUTOK_WHILE expr DUTOK_DO . ecf
   51    | . DUTOK_REPEAT cmd_list DUTOK_UNTIL expr
   52    | . DUTOK_FOR DUTOK_IDENTIFIER DUTOK_ASSIGN expr DUTOK_FOR_DIRECTION expr DUTOK_DO ecf
   53    | . DUTOK_IDENTIFIER concrete_params_opt
   54    | . DUTOK_UINT DUTOK_COLON ecf
   55    | . var DUTOK_ASSIGN expr
   56    | . DUTOK_BEGIN cmd_list DUTOK_END
   57    | .  [DUTOK_END, DUTOK_ELSE, DUTOK_UNTIL, DUTOK_SEMICOLON]
   58 enf: . DUTOK_IF expr DUTOK_THEN cmd
   59    | . DUTOK_WHILE expr DUTOK_DO enf
   59    | DUTOK_WHILE expr DUTOK_DO . enf
   60    | . DUTOK_IF expr DUTOK_THEN ecf DUTOK_ELSE enf
   61    | . DUTOK_FOR DUTOK_IDENTIFIER DUTOK_ASSIGN expr DUTOK_FOR_DIRECTION expr DUTOK_DO enf
   62    | . DUTOK_UINT DUTOK_COLON enf
   63 var: . DUTOK_IDENTIFIER
   64    | . var DUTOK_LSBRA expr_cycle DUTOK_RSBRA

    DUTOK_BEGIN       shift, and go to state 77
    DUTOK_GOTO        shift, and go to state 78
    DUTOK_IF          shift, and go to state 79
    DUTOK_WHILE       shift, and go to state 80
    DUTOK_REPEAT      shift, and go to state 81
    DUTOK_FOR         shift, and go to state 82
    DUTOK_IDENTIFIER  shift, and go to state 83
    DUTOK_UINT        shift, and go to state 84

    $default  reduce using rule 57 (ecf)

    ecf  go to state 170
    enf  go to state 171
    var  go to state 89


state 146

   51 ecf: DUTOK_REPEAT cmd_list DUTOK_UNTIL . expr
   63 var: . DUTOK_IDENTIFIER
   64    | . var DUTOK_LSBRA expr_cycle DUTOK_RSBRA
   69 expr: . simple_expr
   70     | . simple_expr DUTOK_OPER_REL simple_expr
   71     | . simple_expr DUTOK_EQ simple_expr
   74 simple_expr: . term_cycle
   75            | . DUTOK_OPER_SIGNADD term_cycle
   76 term_cycle: . term DUTOK_OPER_SIGNADD term_cycle
   77           | . term DUTOK_OR term_cycle
   78           | . term
   79 term: . factor
   80     | . factor DUTOK_OPER_MUL term
   81 factor: . u_constant_no_ident
   82       | . var
   83       | . DUTOK_IDENTIFIER DUTOK_LPAR concrete_params DUTOK_RPAR
   84       | . DUTOK_LPAR expr DUTOK_RPAR
   85       | . DUTOK_NOT factor
   88 u_constant_no_ident: . DUTOK_UINT
   89                    | . DUTOK_REAL
   90                    | . DUTOK_STRING

    DUTOK_NOT           shift, and go to state 105
    DUTOK_IDENTIFIER    shift, and go to state 106
    DUTOK_UINT          shift, and go to state 28
    DUTOK_REAL          shift, and go to state 29
    DUTOK_STRING        shift, and go to state 30
    DUTOK_LPAR          shift, and go to state 107
    DUTOK_OPER_SIGNADD  shift, and go to state 108

    var                  go to state 109
    expr                 go to state 172
    simple_expr          go to state 111
    term_cycle           go to state 112
    term                 go to state 113
    factor               go to state 114
    u_constant_no_ident  go to state 115


state 147

   52 ecf: DUTOK_FOR DUTOK_IDENTIFIER DUTOK_ASSIGN . expr DUTOK_FOR_DIRECTION expr DUTOK_DO ecf
   61 enf: DUTOK_FOR DUTOK_IDENTIFIER DUTOK_ASSIGN . expr DUTOK_FOR_DIRECTION expr DUTOK_DO enf
   63 var: . DUTOK_IDENTIFIER
   64    | . var DUTOK_LSBRA expr_cycle DUTOK_RSBRA
   69 expr: . simple_expr
   70     | . simple_expr DUTOK_OPER_REL simple_expr
   71     | . simple_expr DUTOK_EQ simple_expr
   74 simple_expr: . term_cycle
   75            | . DUTOK_OPER_SIGNADD term_cycle
   76 term_cycle: . term DUTOK_OPER_SIGNADD term_cycle
   77           | . term DUTOK_OR term_cycle
   78           | . term
   79 term: . factor
   80     | . factor DUTOK_OPER_MUL term
   81 factor: . u_constant_no_ident
   82       | . var
   83       | . DUTOK_IDENTIFIER DUTOK_LPAR concrete_params DUTOK_RPAR
   84       | . DUTOK_LPAR expr DUTOK_RPAR
   85       | . DUTOK_NOT factor
   88 u_constant_no_ident: . DUTOK_UINT
   89                    | . DUTOK_REAL
   90                    | . DUTOK_STRING

    DUTOK_NOT           shift, and go to state 105
    DUTOK_IDENTIFIER    shift, and go to state 106
    DUTOK_UINT          shift, and go to state 28
    DUTOK_REAL          shift, and go to state 29
    DUTOK_STRING        shift, and go to state 30
    DUTOK_LPAR          shift, and go to state 107
    DUTOK_OPER_SIGNADD  shift, and go to state 108

    var                  go to state 109
    expr                 go to state 173
    simple_expr          go to state 111
    term_cycle           go to state 112
    term                 go to state 113
    factor               go to state 114
    u_constant_no_ident  go to state 115


state 148

   66 concrete_params_opt: DUTOK_LPAR concrete_params . DUTOK_RPAR

    DUTOK_RPAR  shift, and go to state 174


state 149

   67 concrete_params: expr .  [DUTOK_RPAR]
   68                | expr . DUTOK_COMMA concrete_params

    DUTOK_COMMA  shift, and go to state 175

    $default  reduce using rule 67 (concrete_params)


state 150

   54 ecf: DUTOK_UINT DUTOK_COLON ecf .

    $default  reduce using rule 54 (ecf)


state 151

   62 enf: DUTOK_UINT DUTOK_COLON enf .

    $default  reduce using rule 62 (enf)


state 152

   47 cmd_list: cmd_list DUTOK_SEMICOLON cmd .

    $default  reduce using rule 47 (cmd_list)


state 153

   72 expr_cycle: expr .

    $default  reduce using rule 72 (expr_cycle)


state 154

   64 var: var DUTOK_LSBRA expr_cycle . DUTOK_RSBRA
   73 expr_cycle: expr_cycle . DUTOK_COMMA expr

    DUTOK_COMMA  shift, and go to state 176
    DUTOK_RSBRA  shift, and go to state 177


state 155

   55 ecf: var DUTOK_ASSIGN expr .

    $default  reduce using rule 55 (ecf)


state 156

   18 var_def_block: .  [DUTOK_BEGIN]
   19              | . DUTOK_VAR var_set_block
   27 block: label_block const_def_block type_def_block . var_def_block begin_cmd_end_block

    DUTOK_VAR  shift, and go to state 25

    $default  reduce using rule 18 (var_def_block)

    var_def_block  go to state 178


state 157

   25 procfunc_def_block: procfunc_header DUTOK_SEMICOLON block DUTOK_SEMICOLON procfunc_def_block .

    $default  reduce using rule 25 (procfunc_def_block)


state 158

   43 ordtype_list: ordtype_list DUTOK_COMMA ordtype .

    $default  reduce using rule 43 (ordtype_list)


state 159

   36 type: . ordtype
   37     | . structtype
   38     | . DUTOK_IDENTIFIER
   39 ordtype: . ordconst DUTOK_DOTDOT ordconst
   40 structtype: . DUTOK_ARRAY DUTOK_LSBRA ordtype_list DUTOK_RSBRA DUTOK_OF type
   40           | DUTOK_ARRAY DUTOK_LSBRA ordtype_list DUTOK_RSBRA DUTOK_OF . type
   91 ordconst: . DUTOK_OPER_SIGNADD DUTOK_IDENTIFIER
   92         | . DUTOK_OPER_SIGNADD DUTOK_UINT
   93         | . DUTOK_UINT
   94         | . DUTOK_IDENTIFIER

    DUTOK_ARRAY         shift, and go to state 49
    DUTOK_IDENTIFIER    shift, and go to state 50
    DUTOK_UINT          shift, and go to state 51
    DUTOK_OPER_SIGNADD  shift, and go to state 52

    type        go to state 179
    ordtype     go to state 54
    structtype  go to state 55
    ordconst    go to state 56


state 160

   32 params: var_opt ident_list DUTOK_COLON . DUTOK_IDENTIFIER
   33       | var_opt ident_list DUTOK_COLON . DUTOK_IDENTIFIER DUTOK_SEMICOLON params

    DUTOK_IDENTIFIER  shift, and go to state 180


state 161

   83 factor: DUTOK_IDENTIFIER DUTOK_LPAR concrete_params . DUTOK_RPAR

    DUTOK_RPAR  shift, and go to state 181


state 162

   84 factor: DUTOK_LPAR expr DUTOK_RPAR .

    $default  reduce using rule 84 (factor)


state 163

   58 enf: DUTOK_IF expr DUTOK_THEN cmd .

    $default  reduce using rule 58 (enf)


state 164

   44 cmd: ecf .  [DUTOK_END, DUTOK_UNTIL, DUTOK_SEMICOLON]
   49 ecf: DUTOK_IF expr DUTOK_THEN ecf . DUTOK_ELSE ecf
   60 enf: DUTOK_IF expr DUTOK_THEN ecf . DUTOK_ELSE enf

    DUTOK_ELSE  shift, and go to state 182

    $default  reduce using rule 44 (cmd)


state 165

   71 expr: simple_expr DUTOK_EQ simple_expr .

    $default  reduce using rule 71 (expr)


state 166

   70 expr: simple_expr DUTOK_OPER_REL simple_expr .

    $default  reduce using rule 70 (expr)


state 167

   77 term_cycle: term DUTOK_OR term_cycle .

    $default  reduce using rule 77 (term_cycle)


state 168

   76 term_cycle: term DUTOK_OPER_SIGNADD term_cycle .

    $default  reduce using rule 76 (term_cycle)


state 169

   80 term: factor DUTOK_OPER_MUL term .

    $default  reduce using rule 80 (term)


state 170

   50 ecf: DUTOK_WHILE expr DUTOK_DO ecf .

    $default  reduce using rule 50 (ecf)


state 171

   59 enf: DUTOK_WHILE expr DUTOK_DO enf .

    $default  reduce using rule 59 (enf)


state 172

   51 ecf: DUTOK_REPEAT cmd_list DUTOK_UNTIL expr .

    $default  reduce using rule 51 (ecf)


state 173

   52 ecf: DUTOK_FOR DUTOK_IDENTIFIER DUTOK_ASSIGN expr . DUTOK_FOR_DIRECTION expr DUTOK_DO ecf
   61 enf: DUTOK_FOR DUTOK_IDENTIFIER DUTOK_ASSIGN expr . DUTOK_FOR_DIRECTION expr DUTOK_DO enf

    DUTOK_FOR_DIRECTION  shift, and go to state 183


state 174

   66 concrete_params_opt: DUTOK_LPAR concrete_params DUTOK_RPAR .

    $default  reduce using rule 66 (concrete_params_opt)


state 175

   63 var: . DUTOK_IDENTIFIER
   64    | . var DUTOK_LSBRA expr_cycle DUTOK_RSBRA
   67 concrete_params: . expr
   68                | . expr DUTOK_COMMA concrete_params
   68                | expr DUTOK_COMMA . concrete_params
   69 expr: . simple_expr
   70     | . simple_expr DUTOK_OPER_REL simple_expr
   71     | . simple_expr DUTOK_EQ simple_expr
   74 simple_expr: . term_cycle
   75            | . DUTOK_OPER_SIGNADD term_cycle
   76 term_cycle: . term DUTOK_OPER_SIGNADD term_cycle
   77           | . term DUTOK_OR term_cycle
   78           | . term
   79 term: . factor
   80     | . factor DUTOK_OPER_MUL term
   81 factor: . u_constant_no_ident
   82       | . var
   83       | . DUTOK_IDENTIFIER DUTOK_LPAR concrete_params DUTOK_RPAR
   84       | . DUTOK_LPAR expr DUTOK_RPAR
   85       | . DUTOK_NOT factor
   88 u_constant_no_ident: . DUTOK_UINT
   89                    | . DUTOK_REAL
   90                    | . DUTOK_STRING

    DUTOK_NOT           shift, and go to state 105
    DUTOK_IDENTIFIER    shift, and go to state 106
    DUTOK_UINT          shift, and go to state 28
    DUTOK_REAL          shift, and go to state 29
    DUTOK_STRING        shift, and go to state 30
    DUTOK_LPAR          shift, and go to state 107
    DUTOK_OPER_SIGNADD  shift, and go to state 108

    var                  go to state 109
    concrete_params      go to state 184
    expr                 go to state 149
    simple_expr          go to state 111
    term_cycle           go to state 112
    term                 go to state 113
    factor               go to state 114
    u_constant_no_ident  go to state 115


state 176

   63 var: . DUTOK_IDENTIFIER
   64    | . var DUTOK_LSBRA expr_cycle DUTOK_RSBRA
   69 expr: . simple_expr
   70     | . simple_expr DUTOK_OPER_REL simple_expr
   71     | . simple_expr DUTOK_EQ simple_expr
   73 expr_cycle: expr_cycle DUTOK_COMMA . expr
   74 simple_expr: . term_cycle
   75            | . DUTOK_OPER_SIGNADD term_cycle
   76 term_cycle: . term DUTOK_OPER_SIGNADD term_cycle
   77           | . term DUTOK_OR term_cycle
   78           | . term
   79 term: . factor
   80     | . factor DUTOK_OPER_MUL term
   81 factor: . u_constant_no_ident
   82       | . var
   83       | . DUTOK_IDENTIFIER DUTOK_LPAR concrete_params DUTOK_RPAR
   84       | . DUTOK_LPAR expr DUTOK_RPAR
   85       | . DUTOK_NOT factor
   88 u_constant_no_ident: . DUTOK_UINT
   89                    | . DUTOK_REAL
   90                    | . DUTOK_STRING

    DUTOK_NOT           shift, and go to state 105
    DUTOK_IDENTIFIER    shift, and go to state 106
    DUTOK_UINT          shift, and go to state 28
    DUTOK_REAL          shift, and go to state 29
    DUTOK_STRING        shift, and go to state 30
    DUTOK_LPAR          shift, and go to state 107
    DUTOK_OPER_SIGNADD  shift, and go to state 108

    var                  go to state 109
    expr                 go to state 185
    simple_expr          go to state 111
    term_cycle           go to state 112
    term                 go to state 113
    factor               go to state 114
    u_constant_no_ident  go to state 115


state 177

   64 var: var DUTOK_LSBRA expr_cycle DUTOK_RSBRA .

    $default  reduce using rule 64 (var)


state 178

   26 begin_cmd_end_block: . DUTOK_BEGIN cmd_list DUTOK_END
   27 block: label_block const_def_block type_def_block var_def_block . begin_cmd_end_block

    DUTOK_BEGIN  shift, and go to state 62

    begin_cmd_end_block  go to state 186


state 179

   40 structtype: DUTOK_ARRAY DUTOK_LSBRA ordtype_list DUTOK_RSBRA DUTOK_OF type .

    $default  reduce using rule 40 (structtype)


state 180

   32 params: var_opt ident_list DUTOK_COLON DUTOK_IDENTIFIER .  [DUTOK_RPAR]
   33       | var_opt ident_list DUTOK_COLON DUTOK_IDENTIFIER . DUTOK_SEMICOLON params

    DUTOK_SEMICOLON  shift, and go to state 187

    $default  reduce using rule 32 (params)


state 181

   83 factor: DUTOK_IDENTIFIER DUTOK_LPAR concrete_params DUTOK_RPAR .

    $default  reduce using rule 83 (factor)


state 182

   48 ecf: . DUTOK_GOTO DUTOK_UINT
   49    | . DUTOK_IF expr DUTOK_THEN ecf DUTOK_ELSE ecf
   49    | DUTOK_IF expr DUTOK_THEN ecf DUTOK_ELSE . ecf
   50    | . DUTOK_WHILE expr DUTOK_DO ecf
   51    | . DUTOK_REPEAT cmd_list DUTOK_UNTIL expr
   52    | . DUTOK_FOR DUTOK_IDENTIFIER DUTOK_ASSIGN expr DUTOK_FOR_DIRECTION expr DUTOK_DO ecf
   53    | . DUTOK_IDENTIFIER concrete_params_opt
   54    | . DUTOK_UINT DUTOK_COLON ecf
   55    | . var DUTOK_ASSIGN expr
   56    | . DUTOK_BEGIN cmd_list DUTOK_END
   57    | .  [DUTOK_END, DUTOK_ELSE, DUTOK_UNTIL, DUTOK_SEMICOLON]
   58 enf: . DUTOK_IF expr DUTOK_THEN cmd
   59    | . DUTOK_WHILE expr DUTOK_DO enf
   60    | . DUTOK_IF expr DUTOK_THEN ecf DUTOK_ELSE enf
   60    | DUTOK_IF expr DUTOK_THEN ecf DUTOK_ELSE . enf
   61    | . DUTOK_FOR DUTOK_IDENTIFIER DUTOK_ASSIGN expr DUTOK_FOR_DIRECTION expr DUTOK_DO enf
   62    | . DUTOK_UINT DUTOK_COLON enf
   63 var: . DUTOK_IDENTIFIER
   64    | . var DUTOK_LSBRA expr_cycle DUTOK_RSBRA

    DUTOK_BEGIN       shift, and go to state 77
    DUTOK_GOTO        shift, and go to state 78
    DUTOK_IF          shift, and go to state 79
    DUTOK_WHILE       shift, and go to state 80
    DUTOK_REPEAT      shift, and go to state 81
    DUTOK_FOR         shift, and go to state 82
    DUTOK_IDENTIFIER  shift, and go to state 83
    DUTOK_UINT        shift, and go to state 84

    $default  reduce using rule 57 (ecf)

    ecf  go to state 188
    enf  go to state 189
    var  go to state 89


state 183

   52 ecf: DUTOK_FOR DUTOK_IDENTIFIER DUTOK_ASSIGN expr DUTOK_FOR_DIRECTION . expr DUTOK_DO ecf
   61 enf: DUTOK_FOR DUTOK_IDENTIFIER DUTOK_ASSIGN expr DUTOK_FOR_DIRECTION . expr DUTOK_DO enf
   63 var: . DUTOK_IDENTIFIER
   64    | . var DUTOK_LSBRA expr_cycle DUTOK_RSBRA
   69 expr: . simple_expr
   70     | . simple_expr DUTOK_OPER_REL simple_expr
   71     | . simple_expr DUTOK_EQ simple_expr
   74 simple_expr: . term_cycle
   75            | . DUTOK_OPER_SIGNADD term_cycle
   76 term_cycle: . term DUTOK_OPER_SIGNADD term_cycle
   77           | . term DUTOK_OR term_cycle
   78           | . term
   79 term: . factor
   80     | . factor DUTOK_OPER_MUL term
   81 factor: . u_constant_no_ident
   82       | . var
   83       | . DUTOK_IDENTIFIER DUTOK_LPAR concrete_params DUTOK_RPAR
   84       | . DUTOK_LPAR expr DUTOK_RPAR
   85       | . DUTOK_NOT factor
   88 u_constant_no_ident: . DUTOK_UINT
   89                    | . DUTOK_REAL
   90                    | . DUTOK_STRING

    DUTOK_NOT           shift, and go to state 105
    DUTOK_IDENTIFIER    shift, and go to state 106
    DUTOK_UINT          shift, and go to state 28
    DUTOK_REAL          shift, and go to state 29
    DUTOK_STRING        shift, and go to state 30
    DUTOK_LPAR          shift, and go to state 107
    DUTOK_OPER_SIGNADD  shift, and go to state 108

    var                  go to state 109
    expr                 go to state 190
    simple_expr          go to state 111
    term_cycle           go to state 112
    term                 go to state 113
    factor               go to state 114
    u_constant_no_ident  go to state 115


state 184

   68 concrete_params: expr DUTOK_COMMA concrete_params .

    $default  reduce using rule 68 (concrete_params)


state 185

   73 expr_cycle: expr_cycle DUTOK_COMMA expr .

    $default  reduce using rule 73 (expr_cycle)


state 186

   27 block: label_block const_def_block type_def_block var_def_block begin_cmd_end_block .

    $default  reduce using rule 27 (block)


state 187

   32 params: . var_opt ident_list DUTOK_COLON DUTOK_IDENTIFIER
   33       | . var_opt ident_list DUTOK_COLON DUTOK_IDENTIFIER DUTOK_SEMICOLON params
   33       | var_opt ident_list DUTOK_COLON DUTOK_IDENTIFIER DUTOK_SEMICOLON . params
   34 var_opt: .  [DUTOK_IDENTIFIER]
   35        | . DUTOK_VAR

    DUTOK_VAR  shift, and go to state 99

    $default  reduce using rule 34 (var_opt)

    params   go to state 191
    var_opt  go to state 101


state 188

   49 ecf: DUTOK_IF expr DUTOK_THEN ecf DUTOK_ELSE ecf .

    $default  reduce using rule 49 (ecf)


state 189

   60 enf: DUTOK_IF expr DUTOK_THEN ecf DUTOK_ELSE enf .

    $default  reduce using rule 60 (enf)


state 190

   52 ecf: DUTOK_FOR DUTOK_IDENTIFIER DUTOK_ASSIGN expr DUTOK_FOR_DIRECTION expr . DUTOK_DO ecf
   61 enf: DUTOK_FOR DUTOK_IDENTIFIER DUTOK_ASSIGN expr DUTOK_FOR_DIRECTION expr . DUTOK_DO enf

    DUTOK_DO  shift, and go to state 192


state 191

   33 params: var_opt ident_list DUTOK_COLON DUTOK_IDENTIFIER DUTOK_SEMICOLON params .

    $default  reduce using rule 33 (params)


state 192

   48 ecf: . DUTOK_GOTO DUTOK_UINT
   49    | . DUTOK_IF expr DUTOK_THEN ecf DUTOK_ELSE ecf
   50    | . DUTOK_WHILE expr DUTOK_DO ecf
   51    | . DUTOK_REPEAT cmd_list DUTOK_UNTIL expr
   52    | . DUTOK_FOR DUTOK_IDENTIFIER DUTOK_ASSIGN expr DUTOK_FOR_DIRECTION expr DUTOK_DO ecf
   52    | DUTOK_FOR DUTOK_IDENTIFIER DUTOK_ASSIGN expr DUTOK_FOR_DIRECTION expr DUTOK_DO . ecf
   53    | . DUTOK_IDENTIFIER concrete_params_opt
   54    | . DUTOK_UINT DUTOK_COLON ecf
   55    | . var DUTOK_ASSIGN expr
   56    | . DUTOK_BEGIN cmd_list DUTOK_END
   57    | .  [DUTOK_END, DUTOK_ELSE, DUTOK_UNTIL, DUTOK_SEMICOLON]
   58 enf: . DUTOK_IF expr DUTOK_THEN cmd
   59    | . DUTOK_WHILE expr DUTOK_DO enf
   60    | . DUTOK_IF expr DUTOK_THEN ecf DUTOK_ELSE enf
   61    | . DUTOK_FOR DUTOK_IDENTIFIER DUTOK_ASSIGN expr DUTOK_FOR_DIRECTION expr DUTOK_DO enf
   61    | DUTOK_FOR DUTOK_IDENTIFIER DUTOK_ASSIGN expr DUTOK_FOR_DIRECTION expr DUTOK_DO . enf
   62    | . DUTOK_UINT DUTOK_COLON enf
   63 var: . DUTOK_IDENTIFIER
   64    | . var DUTOK_LSBRA expr_cycle DUTOK_RSBRA

    DUTOK_BEGIN       shift, and go to state 77
    DUTOK_GOTO        shift, and go to state 78
    DUTOK_IF          shift, and go to state 79
    DUTOK_WHILE       shift, and go to state 80
    DUTOK_REPEAT      shift, and go to state 81
    DUTOK_FOR         shift, and go to state 82
    DUTOK_IDENTIFIER  shift, and go to state 83
    DUTOK_UINT        shift, and go to state 84

    $default  reduce using rule 57 (ecf)

    ecf  go to state 193
    enf  go to state 194
    var  go to state 89


state 193

   52 ecf: DUTOK_FOR DUTOK_IDENTIFIER DUTOK_ASSIGN expr DUTOK_FOR_DIRECTION expr DUTOK_DO ecf .

    $default  reduce using rule 52 (ecf)


state 194

   61 enf: DUTOK_FOR DUTOK_IDENTIFIER DUTOK_ASSIGN expr DUTOK_FOR_DIRECTION expr DUTOK_DO enf .

    $default  reduce using rule 61 (enf)
