C:\cygwin\home\Jirka\mlaskal\public-rw\SWI098\du2\Debug\cl.command.1.tlog
C:\cygwin\home\Jirka\mlaskal\public-rw\SWI098\du2\Debug\CL.read.1.tlog
C:\cygwin\home\Jirka\mlaskal\public-rw\SWI098\du2\Debug\CL.write.1.tlog
C:\cygwin\home\Jirka\mlaskal\public-rw\SWI098\du2\Debug\custombuild.command.1.tlog
C:\cygwin\home\Jirka\mlaskal\public-rw\SWI098\du2\Debug\custombuild.read.1.tlog
C:\cygwin\home\Jirka\mlaskal\public-rw\SWI098\du2\Debug\custombuild.write.1.tlog
C:\CYGWIN\HOME\JIRKA\MLASKAL\PUBLIC-RW\SWI098\DU2\DEBUG\DU2.OBJ
C:\CYGWIN\HOME\JIRKA\MLASKAL\PUBLIC-RW\SWI098\DU2\DEBUG\DU2BASEERRTAB.OBJ
C:\CYGWIN\HOME\JIRKA\MLASKAL\PUBLIC-RW\SWI098\DU2\DEBUG\DU2L.OBJ
C:\CYGWIN\HOME\JIRKA\MLASKAL\PUBLIC-RW\SWI098\DU2\DEBUG\DU2TOK.OBJ
C:\CYGWIN\HOME\JIRKA\MLASKAL\PUBLIC-RW\SWI098\DU2\DEBUG\DUERR.OBJ
C:\CYGWIN\HOME\JIRKA\MLASKAL\PUBLIC-RW\SWI098\DU2\DEBUG\DUSEMEMPTYERRTAB.OBJ
C:\cygwin\home\Jirka\mlaskal\public-rw\SWI098\du2\Debug\link.6920.read.1.tlog
C:\cygwin\home\Jirka\mlaskal\public-rw\SWI098\du2\Debug\link.6920.write.1.tlog
C:\cygwin\home\Jirka\mlaskal\public-rw\SWI098\du2\Debug\link.6920-cvtres.read.1.tlog
C:\cygwin\home\Jirka\mlaskal\public-rw\SWI098\du2\Debug\link.6920-cvtres.write.1.tlog
C:\cygwin\home\Jirka\mlaskal\public-rw\SWI098\du2\Debug\link.command.1.tlog
C:\cygwin\home\Jirka\mlaskal\public-rw\SWI098\du2\Debug\link.read.1.tlog
C:\cygwin\home\Jirka\mlaskal\public-rw\SWI098\du2\Debug\link.write.1.tlog
C:\cygwin\home\Jirka\mlaskal\public-rw\SWI098\du2\Debug\link-cvtres.read.1.tlog
C:\cygwin\home\Jirka\mlaskal\public-rw\SWI098\du2\Debug\link-cvtres.write.1.tlog
C:\CYGWIN\HOME\JIRKA\MLASKAL\PUBLIC-RW\SWI098\DU2\DEBUG\MLC.EXE
C:\CYGWIN\HOME\JIRKA\MLASKAL\PUBLIC-RW\SWI098\DU2\DEBUG\MLC.EXE.EMBED.MANIFEST
C:\CYGWIN\HOME\JIRKA\MLASKAL\PUBLIC-RW\SWI098\DU2\DEBUG\MLC.EXE.EMBED.MANIFEST.RES
C:\CYGWIN\HOME\JIRKA\MLASKAL\PUBLIC-RW\SWI098\DU2\DEBUG\MLC.EXE.INTERMEDIATE.MANIFEST
C:\CYGWIN\HOME\JIRKA\MLASKAL\PUBLIC-RW\SWI098\DU2\DEBUG\MLC.ILK
C:\CYGWIN\HOME\JIRKA\MLASKAL\PUBLIC-RW\SWI098\DU2\DEBUG\MLC.PDB
C:\cygwin\home\Jirka\mlaskal\public-rw\SWI098\du2\Debug\mlc.write.1.tlog
C:\cygwin\home\Jirka\mlaskal\public-rw\SWI098\du2\Debug\mlc_manifest.rc
C:\cygwin\home\Jirka\mlaskal\public-rw\SWI098\du2\Debug\mt.command.1.tlog
C:\cygwin\home\Jirka\mlaskal\public-rw\SWI098\du2\Debug\mt.read.1.tlog
C:\cygwin\home\Jirka\mlaskal\public-rw\SWI098\du2\Debug\mt.write.1.tlog
C:\cygwin\home\Jirka\mlaskal\public-rw\SWI098\du2\Debug\rc.command.1.tlog
C:\cygwin\home\Jirka\mlaskal\public-rw\SWI098\du2\Debug\rc.read.1.tlog
C:\cygwin\home\Jirka\mlaskal\public-rw\SWI098\du2\Debug\rc.write.1.tlog
C:\cygwin\home\Jirka\mlaskal\public-rw\SWI098\du2\Debug\vc100.idb
C:\CYGWIN\HOME\JIRKA\MLASKAL\PUBLIC-RW\SWI098\DU2\DEBUG\VC100.PDB
