Build started 16.12.2010 2:50:14.
     1>Project "C:\cygwin\home\Jirka\mlaskal\public-rw\SWI098\du4\mlc.vc10.vcxproj" on node 3 (build target(s)).
     1>InitializeBuildStatus:
         Creating "Debug\mlc.unsuccessfulbuild" because "AlwaysCreate" was specified.
       ClCompile:
         C:\Program Files (x86)\Microsoft Visual Studio 10.0\VC\bin\CL.exe /c /I. /I"..\..\..\public-ro\common\h" /I"..\..\..\public-ro\mlc\h" /I"..\..\..\public-ro\mlc\du4\h" /Zi /nologo /W4 /WX- /Od /Oy- /D WIN32 /D _DEBUG /D _CONSOLE /D _CRT_SECURE_NO_DEPRECATE /D _UNICODE /D UNICODE /Gm /EHsc /RTC1 /MDd /GS /fp:precise /Zc:wchar_t /Zc:forScope /Fo"Debug\\" /Fd"Debug\vc100.pdb" /Gd /TP /analyze- /errorReport:prompt du4sem.cpp
         du4sem.cpp
         All outputs are up-to-date.
       ManifestResourceCompile:
         All outputs are up-to-date.
       Link:
         C:\Program Files (x86)\Microsoft Visual Studio 10.0\VC\bin\link.exe /ERRORREPORT:PROMPT /OUT:"C:\cygwin\home\Jirka\mlaskal\public-rw\SWI098\du4\Debug\mlc.exe" /INCREMENTAL /NOLOGO kernel32.lib user32.lib gdi32.lib winspool.lib comdlg32.lib advapi32.lib shell32.lib ole32.lib oleaut32.lib uuid.lib odbc32.lib odbccp32.lib /MANIFEST /ManifestFile:"Debug\mlc.exe.intermediate.manifest" /MANIFESTUAC:"level='asInvoker' uiAccess='false'" /DEBUG /PDB:"C:\cygwin\home\Jirka\mlaskal\public-rw\SWI098\du4\Debug\mlc.pdb" /SUBSYSTEM:CONSOLE /TLBID:1 /DYNAMICBASE:NO /IMPLIB:"C:\cygwin\home\Jirka\mlaskal\public-rw\SWI098\du4\Debug\mlc.lib" /MACHINE:X86 Debug\mlc.exe.embed.manifest.res
         Debug\abstract_ic.obj
         Debug\du4.obj
         Debug\du4baseerrtab.obj
         Debug\duerr.obj
         Debug\dusememptyerrtab.obj
         Debug\dutables.obj
         Debug\flat_icblock.obj
         Debug\ic_instr.obj
         Debug\labeled_icblock.obj
         Debug\uid_gen.obj
         Debug\du4g.obj
         Debug\du4l.obj
         Debug\gen_aifactory.obj
         Debug\gen_icfactory.obj
         Debug\gen_icinstrtab.obj
         Debug\du4sem.obj
       Manifest:
         C:\Program Files (x86)\Microsoft SDKs\Windows\v7.0A\bin\mt.exe /nologo /verbose /out:"Debug\mlc.exe.embed.manifest" /manifest Debug\mlc.exe.intermediate.manifest
         All outputs are up-to-date.
       LinkEmbedManifest:
         All outputs are up-to-date.
         mlc.vc10.vcxproj -> C:\cygwin\home\Jirka\mlaskal\public-rw\SWI098\du4\Debug\mlc.exe
       FinalizeBuildStatus:
         Deleting file "Debug\mlc.unsuccessfulbuild".
         Touching "Debug\mlc.lastbuildstate".
     1>Done Building Project "C:\cygwin\home\Jirka\mlaskal\public-rw\SWI098\du4\mlc.vc10.vcxproj" (build target(s)).

Build succeeded.

Time Elapsed 00:00:05.61
